[0.093s] DEBUG:colcon:Command line arguments: ['/usr/bin/colcon', 'build']
[0.093s] DEBUG:colcon:Parsed command line arguments: Namespace(log_base=None, log_level=None, verb_name='build', build_base='build', install_base='install', merge_install=False, symlink_install=False, test_result_base=None, continue_on_error=False, executor='parallel', parallel_workers=4, event_handlers=None, ignore_user_meta=False, metas=['./colcon.meta'], base_paths=['.'], packages_ignore=None, packages_ignore_regex=None, paths=None, packages_up_to=None, packages_up_to_regex=None, packages_above=None, packages_above_and_dependencies=None, packages_above_depth=None, packages_select_by_dep=None, packages_skip_by_dep=None, packages_skip_up_to=None, packages_select_build_failed=False, packages_skip_build_finished=False, packages_select_test_failures=False, packages_skip_test_passed=False, packages_select=None, packages_skip=None, packages_select_regex=None, packages_skip_regex=None, packages_start=None, packages_end=None, allow_overriding=[], cmake_args=None, cmake_target=None, cmake_target_skip_unavailable=False, cmake_clean_cache=False, cmake_clean_first=False, cmake_force_configure=False, ament_cmake_args=None, catkin_cmake_args=None, catkin_skip_building_tests=False, verb_parser=<colcon_defaults.argument_parser.defaults.DefaultArgumentsDecorator object at 0x7f8ad12fc460>, verb_extension=<colcon_core.verb.build.BuildVerb object at 0x7f8ad12cb370>, main=<bound method BuildVerb.main of <colcon_core.verb.build.BuildVerb object at 0x7f8ad12cb370>>)
[0.231s] Level 1:colcon.colcon_core.package_discovery:discover_packages(colcon_meta) check parameters
[0.232s] Level 1:colcon.colcon_core.package_discovery:discover_packages(recursive) check parameters
[0.232s] Level 1:colcon.colcon_core.package_discovery:discover_packages(ignore) check parameters
[0.232s] Level 1:colcon.colcon_core.package_discovery:discover_packages(path) check parameters
[0.232s] Level 1:colcon.colcon_core.package_discovery:discover_packages(colcon_meta) discover
[0.232s] Level 1:colcon.colcon_core.package_discovery:discover_packages(recursive) discover
[0.232s] INFO:colcon.colcon_core.package_discovery:Crawling recursively for packages in '/home/seatech/Projet_Quadcopter'
[0.233s] Level 1:colcon.colcon_core.package_identification:_identify(.) by extensions ['ignore', 'ignore_ament_install']
[0.233s] Level 1:colcon.colcon_core.package_identification:_identify(.) by extension 'ignore'
[0.233s] Level 1:colcon.colcon_core.package_identification:_identify(.) by extension 'ignore_ament_install'
[0.233s] Level 1:colcon.colcon_core.package_identification:_identify(.) by extensions ['colcon_pkg']
[0.233s] Level 1:colcon.colcon_core.package_identification:_identify(.) by extension 'colcon_pkg'
[0.233s] Level 1:colcon.colcon_core.package_identification:_identify(.) by extensions ['colcon_meta']
[0.233s] Level 1:colcon.colcon_core.package_identification:_identify(.) by extension 'colcon_meta'
[0.233s] Level 1:colcon.colcon_core.package_identification:_identify(.) by extensions ['ros']
[0.234s] Level 1:colcon.colcon_core.package_identification:_identify(.) by extension 'ros'
[0.243s] Level 1:colcon.colcon_core.package_identification:_identify(.) by extensions ['cmake', 'python']
[0.244s] Level 1:colcon.colcon_core.package_identification:_identify(.) by extension 'cmake'
[0.244s] Level 1:colcon.colcon_core.package_identification:_identify(.) by extension 'python'
[0.244s] Level 1:colcon.colcon_core.package_identification:_identify(.) by extensions ['python_setup_py']
[0.244s] Level 1:colcon.colcon_core.package_identification:_identify(.) by extension 'python_setup_py'
[0.244s] Level 1:colcon.colcon_core.package_identification:_identify(build) by extensions ['ignore', 'ignore_ament_install']
[0.244s] Level 1:colcon.colcon_core.package_identification:_identify(build) by extension 'ignore'
[0.244s] Level 1:colcon.colcon_core.package_identification:_identify(build) ignored
[0.244s] Level 1:colcon.colcon_core.package_identification:_identify(install) by extensions ['ignore', 'ignore_ament_install']
[0.245s] Level 1:colcon.colcon_core.package_identification:_identify(install) by extension 'ignore'
[0.245s] Level 1:colcon.colcon_core.package_identification:_identify(install) ignored
[0.245s] Level 1:colcon.colcon_core.package_identification:_identify(log) by extensions ['ignore', 'ignore_ament_install']
[0.245s] Level 1:colcon.colcon_core.package_identification:_identify(log) by extension 'ignore'
[0.245s] Level 1:colcon.colcon_core.package_identification:_identify(log) ignored
[0.245s] Level 1:colcon.colcon_core.package_identification:_identify(src) by extensions ['ignore', 'ignore_ament_install']
[0.245s] Level 1:colcon.colcon_core.package_identification:_identify(src) by extension 'ignore'
[0.246s] Level 1:colcon.colcon_core.package_identification:_identify(src) by extension 'ignore_ament_install'
[0.246s] Level 1:colcon.colcon_core.package_identification:_identify(src) by extensions ['colcon_pkg']
[0.246s] Level 1:colcon.colcon_core.package_identification:_identify(src) by extension 'colcon_pkg'
[0.246s] Level 1:colcon.colcon_core.package_identification:_identify(src) by extensions ['colcon_meta']
[0.246s] Level 1:colcon.colcon_core.package_identification:_identify(src) by extension 'colcon_meta'
[0.246s] Level 1:colcon.colcon_core.package_identification:_identify(src) by extensions ['ros']
[0.246s] Level 1:colcon.colcon_core.package_identification:_identify(src) by extension 'ros'
[0.246s] Level 1:colcon.colcon_core.package_identification:_identify(src) by extensions ['cmake', 'python']
[0.246s] Level 1:colcon.colcon_core.package_identification:_identify(src) by extension 'cmake'
[0.246s] Level 1:colcon.colcon_core.package_identification:_identify(src) by extension 'python'
[0.246s] Level 1:colcon.colcon_core.package_identification:_identify(src) by extensions ['python_setup_py']
[0.247s] Level 1:colcon.colcon_core.package_identification:_identify(src) by extension 'python_setup_py'
[0.247s] Level 1:colcon.colcon_core.package_identification:_identify(src/EE234899-Quadcopter-Gazebo-VisualServoing) by extensions ['ignore', 'ignore_ament_install']
[0.247s] Level 1:colcon.colcon_core.package_identification:_identify(src/EE234899-Quadcopter-Gazebo-VisualServoing) by extension 'ignore'
[0.247s] Level 1:colcon.colcon_core.package_identification:_identify(src/EE234899-Quadcopter-Gazebo-VisualServoing) by extension 'ignore_ament_install'
[0.247s] Level 1:colcon.colcon_core.package_identification:_identify(src/EE234899-Quadcopter-Gazebo-VisualServoing) by extensions ['colcon_pkg']
[0.247s] Level 1:colcon.colcon_core.package_identification:_identify(src/EE234899-Quadcopter-Gazebo-VisualServoing) by extension 'colcon_pkg'
[0.247s] Level 1:colcon.colcon_core.package_identification:_identify(src/EE234899-Quadcopter-Gazebo-VisualServoing) by extensions ['colcon_meta']
[0.247s] Level 1:colcon.colcon_core.package_identification:_identify(src/EE234899-Quadcopter-Gazebo-VisualServoing) by extension 'colcon_meta'
[0.247s] Level 1:colcon.colcon_core.package_identification:_identify(src/EE234899-Quadcopter-Gazebo-VisualServoing) by extensions ['ros']
[0.248s] Level 1:colcon.colcon_core.package_identification:_identify(src/EE234899-Quadcopter-Gazebo-VisualServoing) by extension 'ros'
[0.248s] Level 1:colcon.colcon_core.package_identification:_identify(src/EE234899-Quadcopter-Gazebo-VisualServoing) by extensions ['cmake', 'python']
[0.248s] Level 1:colcon.colcon_core.package_identification:_identify(src/EE234899-Quadcopter-Gazebo-VisualServoing) by extension 'cmake'
[0.248s] Level 1:colcon.colcon_core.package_identification:_identify(src/EE234899-Quadcopter-Gazebo-VisualServoing) by extension 'python'
[0.248s] Level 1:colcon.colcon_core.package_identification:_identify(src/EE234899-Quadcopter-Gazebo-VisualServoing) by extensions ['python_setup_py']
[0.248s] Level 1:colcon.colcon_core.package_identification:_identify(src/EE234899-Quadcopter-Gazebo-VisualServoing) by extension 'python_setup_py'
[0.248s] Level 1:colcon.colcon_core.package_identification:_identify(src/EE234899-Quadcopter-Gazebo-VisualServoing/camera_control) by extensions ['ignore', 'ignore_ament_install']
[0.248s] Level 1:colcon.colcon_core.package_identification:_identify(src/EE234899-Quadcopter-Gazebo-VisualServoing/camera_control) by extension 'ignore'
[0.248s] Level 1:colcon.colcon_core.package_identification:_identify(src/EE234899-Quadcopter-Gazebo-VisualServoing/camera_control) by extension 'ignore_ament_install'
[0.249s] Level 1:colcon.colcon_core.package_identification:_identify(src/EE234899-Quadcopter-Gazebo-VisualServoing/camera_control) by extensions ['colcon_pkg']
[0.249s] Level 1:colcon.colcon_core.package_identification:_identify(src/EE234899-Quadcopter-Gazebo-VisualServoing/camera_control) by extension 'colcon_pkg'
[0.249s] Level 1:colcon.colcon_core.package_identification:_identify(src/EE234899-Quadcopter-Gazebo-VisualServoing/camera_control) by extensions ['colcon_meta']
[0.249s] Level 1:colcon.colcon_core.package_identification:_identify(src/EE234899-Quadcopter-Gazebo-VisualServoing/camera_control) by extension 'colcon_meta'
[0.249s] Level 1:colcon.colcon_core.package_identification:_identify(src/EE234899-Quadcopter-Gazebo-VisualServoing/camera_control) by extensions ['ros']
[0.249s] Level 1:colcon.colcon_core.package_identification:_identify(src/EE234899-Quadcopter-Gazebo-VisualServoing/camera_control) by extension 'ros'
[0.251s] DEBUG:colcon.colcon_core.package_identification:Package 'src/EE234899-Quadcopter-Gazebo-VisualServoing/camera_control' with type 'ros.ament_python' and name 'camera_control'
[0.251s] Level 1:colcon.colcon_core.package_identification:_identify(src/EE234899-Quadcopter-Gazebo-VisualServoing/doc) by extensions ['ignore', 'ignore_ament_install']
[0.252s] Level 1:colcon.colcon_core.package_identification:_identify(src/EE234899-Quadcopter-Gazebo-VisualServoing/doc) by extension 'ignore'
[0.252s] Level 1:colcon.colcon_core.package_identification:_identify(src/EE234899-Quadcopter-Gazebo-VisualServoing/doc) by extension 'ignore_ament_install'
[0.252s] Level 1:colcon.colcon_core.package_identification:_identify(src/EE234899-Quadcopter-Gazebo-VisualServoing/doc) by extensions ['colcon_pkg']
[0.252s] Level 1:colcon.colcon_core.package_identification:_identify(src/EE234899-Quadcopter-Gazebo-VisualServoing/doc) by extension 'colcon_pkg'
[0.252s] Level 1:colcon.colcon_core.package_identification:_identify(src/EE234899-Quadcopter-Gazebo-VisualServoing/doc) by extensions ['colcon_meta']
[0.252s] Level 1:colcon.colcon_core.package_identification:_identify(src/EE234899-Quadcopter-Gazebo-VisualServoing/doc) by extension 'colcon_meta'
[0.252s] Level 1:colcon.colcon_core.package_identification:_identify(src/EE234899-Quadcopter-Gazebo-VisualServoing/doc) by extensions ['ros']
[0.252s] Level 1:colcon.colcon_core.package_identification:_identify(src/EE234899-Quadcopter-Gazebo-VisualServoing/doc) by extension 'ros'
[0.252s] Level 1:colcon.colcon_core.package_identification:_identify(src/EE234899-Quadcopter-Gazebo-VisualServoing/doc) by extensions ['cmake', 'python']
[0.253s] Level 1:colcon.colcon_core.package_identification:_identify(src/EE234899-Quadcopter-Gazebo-VisualServoing/doc) by extension 'cmake'
[0.253s] Level 1:colcon.colcon_core.package_identification:_identify(src/EE234899-Quadcopter-Gazebo-VisualServoing/doc) by extension 'python'
[0.253s] Level 1:colcon.colcon_core.package_identification:_identify(src/EE234899-Quadcopter-Gazebo-VisualServoing/doc) by extensions ['python_setup_py']
[0.253s] Level 1:colcon.colcon_core.package_identification:_identify(src/EE234899-Quadcopter-Gazebo-VisualServoing/doc) by extension 'python_setup_py'
[0.253s] Level 1:colcon.colcon_core.package_identification:_identify(src/EE234899-Quadcopter-Gazebo-VisualServoing/image_subscriber) by extensions ['ignore', 'ignore_ament_install']
[0.253s] Level 1:colcon.colcon_core.package_identification:_identify(src/EE234899-Quadcopter-Gazebo-VisualServoing/image_subscriber) by extension 'ignore'
[0.253s] Level 1:colcon.colcon_core.package_identification:_identify(src/EE234899-Quadcopter-Gazebo-VisualServoing/image_subscriber) by extension 'ignore_ament_install'
[0.253s] Level 1:colcon.colcon_core.package_identification:_identify(src/EE234899-Quadcopter-Gazebo-VisualServoing/image_subscriber) by extensions ['colcon_pkg']
[0.253s] Level 1:colcon.colcon_core.package_identification:_identify(src/EE234899-Quadcopter-Gazebo-VisualServoing/image_subscriber) by extension 'colcon_pkg'
[0.253s] Level 1:colcon.colcon_core.package_identification:_identify(src/EE234899-Quadcopter-Gazebo-VisualServoing/image_subscriber) by extensions ['colcon_meta']
[0.254s] Level 1:colcon.colcon_core.package_identification:_identify(src/EE234899-Quadcopter-Gazebo-VisualServoing/image_subscriber) by extension 'colcon_meta'
[0.254s] Level 1:colcon.colcon_core.package_identification:_identify(src/EE234899-Quadcopter-Gazebo-VisualServoing/image_subscriber) by extensions ['ros']
[0.254s] Level 1:colcon.colcon_core.package_identification:_identify(src/EE234899-Quadcopter-Gazebo-VisualServoing/image_subscriber) by extension 'ros'
[0.254s] DEBUG:colcon.colcon_core.package_identification:Package 'src/EE234899-Quadcopter-Gazebo-VisualServoing/image_subscriber' with type 'ros.ament_python' and name 'image_subscriber'
[0.254s] Level 1:colcon.colcon_core.package_identification:_identify(src/EE234899-Quadcopter-Gazebo-VisualServoing/sjtu_drone_bringup) by extensions ['ignore', 'ignore_ament_install']
[0.254s] Level 1:colcon.colcon_core.package_identification:_identify(src/EE234899-Quadcopter-Gazebo-VisualServoing/sjtu_drone_bringup) by extension 'ignore'
[0.255s] Level 1:colcon.colcon_core.package_identification:_identify(src/EE234899-Quadcopter-Gazebo-VisualServoing/sjtu_drone_bringup) by extension 'ignore_ament_install'
[0.255s] Level 1:colcon.colcon_core.package_identification:_identify(src/EE234899-Quadcopter-Gazebo-VisualServoing/sjtu_drone_bringup) by extensions ['colcon_pkg']
[0.255s] Level 1:colcon.colcon_core.package_identification:_identify(src/EE234899-Quadcopter-Gazebo-VisualServoing/sjtu_drone_bringup) by extension 'colcon_pkg'
[0.255s] Level 1:colcon.colcon_core.package_identification:_identify(src/EE234899-Quadcopter-Gazebo-VisualServoing/sjtu_drone_bringup) by extensions ['colcon_meta']
[0.255s] Level 1:colcon.colcon_core.package_identification:_identify(src/EE234899-Quadcopter-Gazebo-VisualServoing/sjtu_drone_bringup) by extension 'colcon_meta'
[0.255s] Level 1:colcon.colcon_core.package_identification:_identify(src/EE234899-Quadcopter-Gazebo-VisualServoing/sjtu_drone_bringup) by extensions ['ros']
[0.255s] Level 1:colcon.colcon_core.package_identification:_identify(src/EE234899-Quadcopter-Gazebo-VisualServoing/sjtu_drone_bringup) by extension 'ros'
[0.256s] DEBUG:colcon.colcon_core.package_identification:Package 'src/EE234899-Quadcopter-Gazebo-VisualServoing/sjtu_drone_bringup' with type 'ros.ament_python' and name 'sjtu_drone_bringup'
[0.256s] Level 1:colcon.colcon_core.package_identification:_identify(src/EE234899-Quadcopter-Gazebo-VisualServoing/sjtu_drone_description) by extensions ['ignore', 'ignore_ament_install']
[0.257s] Level 1:colcon.colcon_core.package_identification:_identify(src/EE234899-Quadcopter-Gazebo-VisualServoing/sjtu_drone_description) by extension 'ignore'
[0.257s] Level 1:colcon.colcon_core.package_identification:_identify(src/EE234899-Quadcopter-Gazebo-VisualServoing/sjtu_drone_description) by extension 'ignore_ament_install'
[0.257s] Level 1:colcon.colcon_core.package_identification:_identify(src/EE234899-Quadcopter-Gazebo-VisualServoing/sjtu_drone_description) by extensions ['colcon_pkg']
[0.257s] Level 1:colcon.colcon_core.package_identification:_identify(src/EE234899-Quadcopter-Gazebo-VisualServoing/sjtu_drone_description) by extension 'colcon_pkg'
[0.257s] Level 1:colcon.colcon_core.package_identification:_identify(src/EE234899-Quadcopter-Gazebo-VisualServoing/sjtu_drone_description) by extensions ['colcon_meta']
[0.257s] Level 1:colcon.colcon_core.package_identification:_identify(src/EE234899-Quadcopter-Gazebo-VisualServoing/sjtu_drone_description) by extension 'colcon_meta'
[0.257s] Level 1:colcon.colcon_core.package_identification:_identify(src/EE234899-Quadcopter-Gazebo-VisualServoing/sjtu_drone_description) by extensions ['ros']
[0.257s] Level 1:colcon.colcon_core.package_identification:_identify(src/EE234899-Quadcopter-Gazebo-VisualServoing/sjtu_drone_description) by extension 'ros'
[0.258s] DEBUG:colcon.colcon_core.package_identification:Package 'src/EE234899-Quadcopter-Gazebo-VisualServoing/sjtu_drone_description' with type 'ros.ament_cmake' and name 'sjtu_drone_description'
[0.259s] Level 1:colcon.colcon_core.package_discovery:discover_packages(recursive) using defaults
[0.259s] Level 1:colcon.colcon_core.package_discovery:discover_packages(ignore) discover
[0.259s] Level 1:colcon.colcon_core.package_discovery:discover_packages(ignore) using defaults
[0.259s] Level 1:colcon.colcon_core.package_discovery:discover_packages(path) discover
[0.259s] Level 1:colcon.colcon_core.package_discovery:discover_packages(path) using defaults
[0.275s] Level 1:colcon.colcon_core.package_discovery:discover_packages(prefix_path) check parameters
[0.276s] Level 1:colcon.colcon_core.package_discovery:discover_packages(prefix_path) discover
[0.277s] DEBUG:colcon.colcon_installed_package_information.package_discovery:Found 4 installed packages in /home/seatech/Projet_Quadcopter/install
[0.277s] DEBUG:colcon.colcon_installed_package_information.package_discovery:Found 3 installed packages in /home/seatech/ros2_ws/install
[0.279s] DEBUG:colcon.colcon_installed_package_information.package_discovery:Found 280 installed packages in /opt/ros/humble
[0.290s] Level 1:colcon.colcon_core.package_discovery:discover_packages(prefix_path) using defaults
[0.322s] Level 5:colcon.colcon_core.verb:set package 'camera_control' build argument 'cmake_args' from command line to 'None'
[0.322s] Level 5:colcon.colcon_core.verb:set package 'camera_control' build argument 'cmake_target' from command line to 'None'
[0.322s] Level 5:colcon.colcon_core.verb:set package 'camera_control' build argument 'cmake_target_skip_unavailable' from command line to 'False'
[0.322s] Level 5:colcon.colcon_core.verb:set package 'camera_control' build argument 'cmake_clean_cache' from command line to 'False'
[0.322s] Level 5:colcon.colcon_core.verb:set package 'camera_control' build argument 'cmake_clean_first' from command line to 'False'
[0.322s] Level 5:colcon.colcon_core.verb:set package 'camera_control' build argument 'cmake_force_configure' from command line to 'False'
[0.323s] Level 5:colcon.colcon_core.verb:set package 'camera_control' build argument 'ament_cmake_args' from command line to 'None'
[0.323s] Level 5:colcon.colcon_core.verb:set package 'camera_control' build argument 'catkin_cmake_args' from command line to 'None'
[0.323s] Level 5:colcon.colcon_core.verb:set package 'camera_control' build argument 'catkin_skip_building_tests' from command line to 'False'
[0.323s] DEBUG:colcon.colcon_core.verb:Building package 'camera_control' with the following arguments: {'ament_cmake_args': None, 'build_base': '/home/seatech/Projet_Quadcopter/build/camera_control', 'catkin_cmake_args': None, 'catkin_skip_building_tests': False, 'cmake_args': None, 'cmake_clean_cache': False, 'cmake_clean_first': False, 'cmake_force_configure': False, 'cmake_target': None, 'cmake_target_skip_unavailable': False, 'install_base': '/home/seatech/Projet_Quadcopter/install/camera_control', 'merge_install': False, 'path': '/home/seatech/Projet_Quadcopter/src/EE234899-Quadcopter-Gazebo-VisualServoing/camera_control', 'symlink_install': False, 'test_result_base': None}
[0.323s] Level 5:colcon.colcon_core.verb:set package 'image_subscriber' build argument 'cmake_args' from command line to 'None'
[0.323s] Level 5:colcon.colcon_core.verb:set package 'image_subscriber' build argument 'cmake_target' from command line to 'None'
[0.323s] Level 5:colcon.colcon_core.verb:set package 'image_subscriber' build argument 'cmake_target_skip_unavailable' from command line to 'False'
[0.324s] Level 5:colcon.colcon_core.verb:set package 'image_subscriber' build argument 'cmake_clean_cache' from command line to 'False'
[0.324s] Level 5:colcon.colcon_core.verb:set package 'image_subscriber' build argument 'cmake_clean_first' from command line to 'False'
[0.324s] Level 5:colcon.colcon_core.verb:set package 'image_subscriber' build argument 'cmake_force_configure' from command line to 'False'
[0.324s] Level 5:colcon.colcon_core.verb:set package 'image_subscriber' build argument 'ament_cmake_args' from command line to 'None'
[0.324s] Level 5:colcon.colcon_core.verb:set package 'image_subscriber' build argument 'catkin_cmake_args' from command line to 'None'
[0.324s] Level 5:colcon.colcon_core.verb:set package 'image_subscriber' build argument 'catkin_skip_building_tests' from command line to 'False'
[0.324s] DEBUG:colcon.colcon_core.verb:Building package 'image_subscriber' with the following arguments: {'ament_cmake_args': None, 'build_base': '/home/seatech/Projet_Quadcopter/build/image_subscriber', 'catkin_cmake_args': None, 'catkin_skip_building_tests': False, 'cmake_args': None, 'cmake_clean_cache': False, 'cmake_clean_first': False, 'cmake_force_configure': False, 'cmake_target': None, 'cmake_target_skip_unavailable': False, 'install_base': '/home/seatech/Projet_Quadcopter/install/image_subscriber', 'merge_install': False, 'path': '/home/seatech/Projet_Quadcopter/src/EE234899-Quadcopter-Gazebo-VisualServoing/image_subscriber', 'symlink_install': False, 'test_result_base': None}
[0.324s] Level 5:colcon.colcon_core.verb:set package 'sjtu_drone_bringup' build argument 'cmake_args' from command line to 'None'
[0.325s] Level 5:colcon.colcon_core.verb:set package 'sjtu_drone_bringup' build argument 'cmake_target' from command line to 'None'
[0.325s] Level 5:colcon.colcon_core.verb:set package 'sjtu_drone_bringup' build argument 'cmake_target_skip_unavailable' from command line to 'False'
[0.325s] Level 5:colcon.colcon_core.verb:set package 'sjtu_drone_bringup' build argument 'cmake_clean_cache' from command line to 'False'
[0.325s] Level 5:colcon.colcon_core.verb:set package 'sjtu_drone_bringup' build argument 'cmake_clean_first' from command line to 'False'
[0.325s] Level 5:colcon.colcon_core.verb:set package 'sjtu_drone_bringup' build argument 'cmake_force_configure' from command line to 'False'
[0.325s] Level 5:colcon.colcon_core.verb:set package 'sjtu_drone_bringup' build argument 'ament_cmake_args' from command line to 'None'
[0.325s] Level 5:colcon.colcon_core.verb:set package 'sjtu_drone_bringup' build argument 'catkin_cmake_args' from command line to 'None'
[0.325s] Level 5:colcon.colcon_core.verb:set package 'sjtu_drone_bringup' build argument 'catkin_skip_building_tests' from command line to 'False'
[0.325s] DEBUG:colcon.colcon_core.verb:Building package 'sjtu_drone_bringup' with the following arguments: {'ament_cmake_args': None, 'build_base': '/home/seatech/Projet_Quadcopter/build/sjtu_drone_bringup', 'catkin_cmake_args': None, 'catkin_skip_building_tests': False, 'cmake_args': None, 'cmake_clean_cache': False, 'cmake_clean_first': False, 'cmake_force_configure': False, 'cmake_target': None, 'cmake_target_skip_unavailable': False, 'install_base': '/home/seatech/Projet_Quadcopter/install/sjtu_drone_bringup', 'merge_install': False, 'path': '/home/seatech/Projet_Quadcopter/src/EE234899-Quadcopter-Gazebo-VisualServoing/sjtu_drone_bringup', 'symlink_install': False, 'test_result_base': None}
[0.326s] Level 5:colcon.colcon_core.verb:set package 'sjtu_drone_description' build argument 'cmake_args' from command line to 'None'
[0.326s] Level 5:colcon.colcon_core.verb:set package 'sjtu_drone_description' build argument 'cmake_target' from command line to 'None'
[0.326s] Level 5:colcon.colcon_core.verb:set package 'sjtu_drone_description' build argument 'cmake_target_skip_unavailable' from command line to 'False'
[0.326s] Level 5:colcon.colcon_core.verb:set package 'sjtu_drone_description' build argument 'cmake_clean_cache' from command line to 'False'
[0.326s] Level 5:colcon.colcon_core.verb:set package 'sjtu_drone_description' build argument 'cmake_clean_first' from command line to 'False'
[0.326s] Level 5:colcon.colcon_core.verb:set package 'sjtu_drone_description' build argument 'cmake_force_configure' from command line to 'False'
[0.326s] Level 5:colcon.colcon_core.verb:set package 'sjtu_drone_description' build argument 'ament_cmake_args' from command line to 'None'
[0.326s] Level 5:colcon.colcon_core.verb:set package 'sjtu_drone_description' build argument 'catkin_cmake_args' from command line to 'None'
[0.326s] Level 5:colcon.colcon_core.verb:set package 'sjtu_drone_description' build argument 'catkin_skip_building_tests' from command line to 'False'
[0.326s] DEBUG:colcon.colcon_core.verb:Building package 'sjtu_drone_description' with the following arguments: {'ament_cmake_args': None, 'build_base': '/home/seatech/Projet_Quadcopter/build/sjtu_drone_description', 'catkin_cmake_args': None, 'catkin_skip_building_tests': False, 'cmake_args': None, 'cmake_clean_cache': False, 'cmake_clean_first': False, 'cmake_force_configure': False, 'cmake_target': None, 'cmake_target_skip_unavailable': False, 'install_base': '/home/seatech/Projet_Quadcopter/install/sjtu_drone_description', 'merge_install': False, 'path': '/home/seatech/Projet_Quadcopter/src/EE234899-Quadcopter-Gazebo-VisualServoing/sjtu_drone_description', 'symlink_install': False, 'test_result_base': None}
[0.326s] INFO:colcon.colcon_core.executor:Executing jobs using 'parallel' executor
[0.328s] DEBUG:colcon.colcon_parallel_executor.executor.parallel:run_until_complete
[0.328s] INFO:colcon.colcon_ros.task.ament_python.build:Building ROS package in '/home/seatech/Projet_Quadcopter/src/EE234899-Quadcopter-Gazebo-VisualServoing/camera_control' with build type 'ament_python'
[0.328s] Level 1:colcon.colcon_core.shell:create_environment_hook('camera_control', 'ament_prefix_path')
[0.330s] INFO:colcon.colcon_core.plugin_system:Skipping extension 'colcon_core.shell.bat': Not used on non-Windows systems
[0.330s] INFO:colcon.colcon_core.shell:Creating environment hook '/home/seatech/Projet_Quadcopter/install/camera_control/share/camera_control/hook/ament_prefix_path.ps1'
[0.331s] INFO:colcon.colcon_core.shell:Creating environment descriptor '/home/seatech/Projet_Quadcopter/install/camera_control/share/camera_control/hook/ament_prefix_path.dsv'
[0.332s] INFO:colcon.colcon_core.shell:Creating environment hook '/home/seatech/Projet_Quadcopter/install/camera_control/share/camera_control/hook/ament_prefix_path.sh'
[0.333s] INFO:colcon.colcon_core.shell:Skip shell extension 'powershell' for command environment: Not usable outside of PowerShell
[0.333s] DEBUG:colcon.colcon_core.shell:Skip shell extension 'dsv' for command environment
[0.336s] INFO:colcon.colcon_ros.task.ament_python.build:Building ROS package in '/home/seatech/Projet_Quadcopter/src/EE234899-Quadcopter-Gazebo-VisualServoing/image_subscriber' with build type 'ament_python'
[0.336s] Level 1:colcon.colcon_core.shell:create_environment_hook('image_subscriber', 'ament_prefix_path')
[0.336s] INFO:colcon.colcon_core.shell:Creating environment hook '/home/seatech/Projet_Quadcopter/install/image_subscriber/share/image_subscriber/hook/ament_prefix_path.ps1'
[0.337s] INFO:colcon.colcon_core.shell:Creating environment descriptor '/home/seatech/Projet_Quadcopter/install/image_subscriber/share/image_subscriber/hook/ament_prefix_path.dsv'
[0.337s] INFO:colcon.colcon_core.shell:Creating environment hook '/home/seatech/Projet_Quadcopter/install/image_subscriber/share/image_subscriber/hook/ament_prefix_path.sh'
[0.338s] INFO:colcon.colcon_core.shell:Skip shell extension 'powershell' for command environment: Not usable outside of PowerShell
[0.338s] DEBUG:colcon.colcon_core.shell:Skip shell extension 'dsv' for command environment
[0.342s] INFO:colcon.colcon_ros.task.ament_python.build:Building ROS package in '/home/seatech/Projet_Quadcopter/src/EE234899-Quadcopter-Gazebo-VisualServoing/sjtu_drone_bringup' with build type 'ament_python'
[0.342s] Level 1:colcon.colcon_core.shell:create_environment_hook('sjtu_drone_bringup', 'ament_prefix_path')
[0.342s] INFO:colcon.colcon_core.shell:Creating environment hook '/home/seatech/Projet_Quadcopter/install/sjtu_drone_bringup/share/sjtu_drone_bringup/hook/ament_prefix_path.ps1'
[0.342s] INFO:colcon.colcon_core.shell:Creating environment descriptor '/home/seatech/Projet_Quadcopter/install/sjtu_drone_bringup/share/sjtu_drone_bringup/hook/ament_prefix_path.dsv'
[0.343s] INFO:colcon.colcon_core.shell:Creating environment hook '/home/seatech/Projet_Quadcopter/install/sjtu_drone_bringup/share/sjtu_drone_bringup/hook/ament_prefix_path.sh'
[0.344s] INFO:colcon.colcon_core.shell:Skip shell extension 'powershell' for command environment: Not usable outside of PowerShell
[0.344s] DEBUG:colcon.colcon_core.shell:Skip shell extension 'dsv' for command environment
[0.346s] INFO:colcon.colcon_ros.task.ament_cmake.build:Building ROS package in '/home/seatech/Projet_Quadcopter/src/EE234899-Quadcopter-Gazebo-VisualServoing/sjtu_drone_description' with build type 'ament_cmake'
[0.346s] INFO:colcon.colcon_cmake.task.cmake.build:Building CMake package in '/home/seatech/Projet_Quadcopter/src/EE234899-Quadcopter-Gazebo-VisualServoing/sjtu_drone_description'
[0.347s] INFO:colcon.colcon_core.shell:Skip shell extension 'powershell' for command environment: Not usable outside of PowerShell
[0.347s] DEBUG:colcon.colcon_core.shell:Skip shell extension 'dsv' for command environment
[0.588s] INFO:colcon.colcon_core.task.python.build:Building Python package in '/home/seatech/Projet_Quadcopter/src/EE234899-Quadcopter-Gazebo-VisualServoing/camera_control'
[0.589s] INFO:colcon.colcon_core.shell:Skip shell extension 'powershell' for command environment: Not usable outside of PowerShell
[0.589s] DEBUG:colcon.colcon_core.shell:Skip shell extension 'dsv' for command environment
[0.806s] INFO:colcon.colcon_core.task.python.build:Building Python package in '/home/seatech/Projet_Quadcopter/src/EE234899-Quadcopter-Gazebo-VisualServoing/image_subscriber'
[0.806s] INFO:colcon.colcon_core.shell:Skip shell extension 'powershell' for command environment: Not usable outside of PowerShell
[0.806s] DEBUG:colcon.colcon_core.shell:Skip shell extension 'dsv' for command environment
[1.021s] INFO:colcon.colcon_core.task.python.build:Building Python package in '/home/seatech/Projet_Quadcopter/src/EE234899-Quadcopter-Gazebo-VisualServoing/sjtu_drone_bringup'
[1.022s] INFO:colcon.colcon_core.shell:Skip shell extension 'powershell' for command environment: Not usable outside of PowerShell
[1.022s] DEBUG:colcon.colcon_core.shell:Skip shell extension 'dsv' for command environment
[1.028s] DEBUG:colcon.colcon_core.event_handler.log_command:Invoking command in '/home/seatech/Projet_Quadcopter/build/sjtu_drone_description': CMAKE_PREFIX_PATH=${CMAKE_PREFIX_PATH}:/home/seatech/Projet_Quadcopter/install/sjtu_drone_bringup:/home/seatech/Projet_Quadcopter/install/image_subscriber:/home/seatech/Projet_Quadcopter/install/camera_control:/home/seatech/ros2_ws/install/my_py_pkg:/opt/ros/humble /usr/bin/cmake --build /home/seatech/Projet_Quadcopter/build/sjtu_drone_description -- -j4 -l4
[1.210s] DEBUG:colcon.colcon_core.event_handler.log_command:Invoked command in '/home/seatech/Projet_Quadcopter/build/sjtu_drone_description' returned '0': CMAKE_PREFIX_PATH=${CMAKE_PREFIX_PATH}:/home/seatech/Projet_Quadcopter/install/sjtu_drone_bringup:/home/seatech/Projet_Quadcopter/install/image_subscriber:/home/seatech/Projet_Quadcopter/install/camera_control:/home/seatech/ros2_ws/install/my_py_pkg:/opt/ros/humble /usr/bin/cmake --build /home/seatech/Projet_Quadcopter/build/sjtu_drone_description -- -j4 -l4
[1.220s] DEBUG:colcon.colcon_core.event_handler.log_command:Invoking command in '/home/seatech/Projet_Quadcopter/build/sjtu_drone_description': CMAKE_PREFIX_PATH=${CMAKE_PREFIX_PATH}:/home/seatech/Projet_Quadcopter/install/sjtu_drone_bringup:/home/seatech/Projet_Quadcopter/install/image_subscriber:/home/seatech/Projet_Quadcopter/install/camera_control:/home/seatech/ros2_ws/install/my_py_pkg:/opt/ros/humble /usr/bin/cmake --install /home/seatech/Projet_Quadcopter/build/sjtu_drone_description
[1.275s] Level 1:colcon.colcon_core.environment:create_environment_scripts_only(sjtu_drone_description)
[1.277s] DEBUG:colcon.colcon_core.event_handler.log_command:Invoked command in '/home/seatech/Projet_Quadcopter/build/sjtu_drone_description' returned '0': CMAKE_PREFIX_PATH=${CMAKE_PREFIX_PATH}:/home/seatech/Projet_Quadcopter/install/sjtu_drone_bringup:/home/seatech/Projet_Quadcopter/install/image_subscriber:/home/seatech/Projet_Quadcopter/install/camera_control:/home/seatech/ros2_ws/install/my_py_pkg:/opt/ros/humble /usr/bin/cmake --install /home/seatech/Projet_Quadcopter/build/sjtu_drone_description
[1.278s] Level 1:colcon.colcon_core.environment:checking '/home/seatech/Projet_Quadcopter/install/sjtu_drone_description' for CMake module files
[1.278s] Level 1:colcon.colcon_core.environment:checking '/home/seatech/Projet_Quadcopter/install/sjtu_drone_description' for CMake config files
[1.278s] Level 1:colcon.colcon_core.shell:create_environment_hook('sjtu_drone_description', 'cmake_prefix_path')
[1.278s] INFO:colcon.colcon_core.shell:Creating environment hook '/home/seatech/Projet_Quadcopter/install/sjtu_drone_description/share/sjtu_drone_description/hook/cmake_prefix_path.ps1'
[1.279s] INFO:colcon.colcon_core.shell:Creating environment descriptor '/home/seatech/Projet_Quadcopter/install/sjtu_drone_description/share/sjtu_drone_description/hook/cmake_prefix_path.dsv'
[1.279s] INFO:colcon.colcon_core.shell:Creating environment hook '/home/seatech/Projet_Quadcopter/install/sjtu_drone_description/share/sjtu_drone_description/hook/cmake_prefix_path.sh'
[1.280s] Level 1:colcon.colcon_core.environment:checking '/home/seatech/Projet_Quadcopter/install/sjtu_drone_description/lib'
[1.280s] Level 1:colcon.colcon_core.shell:create_environment_hook('sjtu_drone_description', 'ld_library_path_lib')
[1.280s] INFO:colcon.colcon_core.shell:Creating environment hook '/home/seatech/Projet_Quadcopter/install/sjtu_drone_description/share/sjtu_drone_description/hook/ld_library_path_lib.ps1'
[1.281s] INFO:colcon.colcon_core.shell:Creating environment descriptor '/home/seatech/Projet_Quadcopter/install/sjtu_drone_description/share/sjtu_drone_description/hook/ld_library_path_lib.dsv'
[1.282s] INFO:colcon.colcon_core.shell:Creating environment hook '/home/seatech/Projet_Quadcopter/install/sjtu_drone_description/share/sjtu_drone_description/hook/ld_library_path_lib.sh'
[1.282s] Level 1:colcon.colcon_core.environment:checking '/home/seatech/Projet_Quadcopter/install/sjtu_drone_description/bin'
[1.282s] Level 1:colcon.colcon_core.environment:checking '/home/seatech/Projet_Quadcopter/install/sjtu_drone_description/lib/pkgconfig/sjtu_drone_description.pc'
[1.283s] Level 1:colcon.colcon_core.environment:checking '/home/seatech/Projet_Quadcopter/install/sjtu_drone_description/lib/python3.10/site-packages'
[1.283s] Level 1:colcon.colcon_core.environment:checking '/home/seatech/Projet_Quadcopter/install/sjtu_drone_description/bin'
[1.283s] INFO:colcon.colcon_core.shell:Creating package script '/home/seatech/Projet_Quadcopter/install/sjtu_drone_description/share/sjtu_drone_description/package.ps1'
[1.284s] INFO:colcon.colcon_core.shell:Creating package descriptor '/home/seatech/Projet_Quadcopter/install/sjtu_drone_description/share/sjtu_drone_description/package.dsv'
[1.285s] INFO:colcon.colcon_core.shell:Creating package script '/home/seatech/Projet_Quadcopter/install/sjtu_drone_description/share/sjtu_drone_description/package.sh'
[1.287s] INFO:colcon.colcon_core.shell:Creating package script '/home/seatech/Projet_Quadcopter/install/sjtu_drone_description/share/sjtu_drone_description/package.bash'
[1.287s] INFO:colcon.colcon_core.shell:Creating package script '/home/seatech/Projet_Quadcopter/install/sjtu_drone_description/share/sjtu_drone_description/package.zsh'
[1.288s] Level 1:colcon.colcon_core.environment:create_file_with_runtime_dependencies(/home/seatech/Projet_Quadcopter/install/sjtu_drone_description/share/colcon-core/packages/sjtu_drone_description)
[1.288s] Level 1:colcon.colcon_core.environment:create_environment_scripts_only(sjtu_drone_description)
[1.289s] Level 1:colcon.colcon_core.environment:checking '/home/seatech/Projet_Quadcopter/install/sjtu_drone_description' for CMake module files
[1.289s] Level 1:colcon.colcon_core.environment:checking '/home/seatech/Projet_Quadcopter/install/sjtu_drone_description' for CMake config files
[1.289s] Level 1:colcon.colcon_core.shell:create_environment_hook('sjtu_drone_description', 'cmake_prefix_path')
[1.289s] INFO:colcon.colcon_core.shell:Creating environment hook '/home/seatech/Projet_Quadcopter/install/sjtu_drone_description/share/sjtu_drone_description/hook/cmake_prefix_path.ps1'
[1.290s] INFO:colcon.colcon_core.shell:Creating environment descriptor '/home/seatech/Projet_Quadcopter/install/sjtu_drone_description/share/sjtu_drone_description/hook/cmake_prefix_path.dsv'
[1.290s] INFO:colcon.colcon_core.shell:Creating environment hook '/home/seatech/Projet_Quadcopter/install/sjtu_drone_description/share/sjtu_drone_description/hook/cmake_prefix_path.sh'
[1.291s] Level 1:colcon.colcon_core.environment:checking '/home/seatech/Projet_Quadcopter/install/sjtu_drone_description/lib'
[1.291s] Level 1:colcon.colcon_core.shell:create_environment_hook('sjtu_drone_description', 'ld_library_path_lib')
[1.292s] INFO:colcon.colcon_core.shell:Creating environment hook '/home/seatech/Projet_Quadcopter/install/sjtu_drone_description/share/sjtu_drone_description/hook/ld_library_path_lib.ps1'
[1.292s] INFO:colcon.colcon_core.shell:Creating environment descriptor '/home/seatech/Projet_Quadcopter/install/sjtu_drone_description/share/sjtu_drone_description/hook/ld_library_path_lib.dsv'
[1.293s] INFO:colcon.colcon_core.shell:Creating environment hook '/home/seatech/Projet_Quadcopter/install/sjtu_drone_description/share/sjtu_drone_description/hook/ld_library_path_lib.sh'
[1.294s] Level 1:colcon.colcon_core.environment:checking '/home/seatech/Projet_Quadcopter/install/sjtu_drone_description/bin'
[1.294s] Level 1:colcon.colcon_core.environment:checking '/home/seatech/Projet_Quadcopter/install/sjtu_drone_description/lib/pkgconfig/sjtu_drone_description.pc'
[1.298s] Level 1:colcon.colcon_core.environment:checking '/home/seatech/Projet_Quadcopter/install/sjtu_drone_description/lib/python3.10/site-packages'
[1.299s] Level 1:colcon.colcon_core.environment:checking '/home/seatech/Projet_Quadcopter/install/sjtu_drone_description/bin'
[1.299s] INFO:colcon.colcon_core.shell:Creating package script '/home/seatech/Projet_Quadcopter/install/sjtu_drone_description/share/sjtu_drone_description/package.ps1'
[1.300s] INFO:colcon.colcon_core.shell:Creating package descriptor '/home/seatech/Projet_Quadcopter/install/sjtu_drone_description/share/sjtu_drone_description/package.dsv'
[1.301s] INFO:colcon.colcon_core.shell:Creating package script '/home/seatech/Projet_Quadcopter/install/sjtu_drone_description/share/sjtu_drone_description/package.sh'
[1.301s] INFO:colcon.colcon_core.shell:Creating package script '/home/seatech/Projet_Quadcopter/install/sjtu_drone_description/share/sjtu_drone_description/package.bash'
[1.302s] INFO:colcon.colcon_core.shell:Creating package script '/home/seatech/Projet_Quadcopter/install/sjtu_drone_description/share/sjtu_drone_description/package.zsh'
[1.303s] Level 1:colcon.colcon_core.environment:create_file_with_runtime_dependencies(/home/seatech/Projet_Quadcopter/install/sjtu_drone_description/share/colcon-core/packages/sjtu_drone_description)
[1.344s] DEBUG:colcon.colcon_core.event_handler.log_command:Invoking command in '/home/seatech/Projet_Quadcopter/src/EE234899-Quadcopter-Gazebo-VisualServoing/sjtu_drone_bringup': PYTHONPATH=/home/seatech/Projet_Quadcopter/build/sjtu_drone_bringup/prefix_override:/usr/lib/python3/dist-packages/colcon_core/task/python/colcon_distutils_commands:/home/seatech/Projet_Quadcopter/install/sjtu_drone_bringup/lib/python3.10/site-packages:${PYTHONPATH} /usr/bin/python3 -W ignore:setup.py install is deprecated -W ignore:easy_install command is deprecated setup.py egg_info --egg-base ../../../build/sjtu_drone_bringup build --build-base /home/seatech/Projet_Quadcopter/build/sjtu_drone_bringup/build install --record /home/seatech/Projet_Quadcopter/build/sjtu_drone_bringup/install.log --single-version-externally-managed install_data
[1.401s] DEBUG:colcon.colcon_core.event_handler.log_command:Invoking command in '/home/seatech/Projet_Quadcopter/src/EE234899-Quadcopter-Gazebo-VisualServoing/camera_control': PYTHONPATH=/home/seatech/Projet_Quadcopter/build/camera_control/prefix_override:/usr/lib/python3/dist-packages/colcon_core/task/python/colcon_distutils_commands:/home/seatech/Projet_Quadcopter/install/camera_control/lib/python3.10/site-packages:${PYTHONPATH} /usr/bin/python3 -W ignore:setup.py install is deprecated -W ignore:easy_install command is deprecated setup.py egg_info --egg-base ../../../build/camera_control build --build-base /home/seatech/Projet_Quadcopter/build/camera_control/build install --record /home/seatech/Projet_Quadcopter/build/camera_control/install.log --install-scripts $base/lib/camera_control --single-version-externally-managed install_data
[1.438s] DEBUG:colcon.colcon_core.event_handler.log_command:Invoking command in '/home/seatech/Projet_Quadcopter/src/EE234899-Quadcopter-Gazebo-VisualServoing/image_subscriber': PYTHONPATH=/home/seatech/Projet_Quadcopter/build/image_subscriber/prefix_override:/usr/lib/python3/dist-packages/colcon_core/task/python/colcon_distutils_commands:/home/seatech/Projet_Quadcopter/install/image_subscriber/lib/python3.10/site-packages:${PYTHONPATH} /usr/bin/python3 -W ignore:setup.py install is deprecated -W ignore:easy_install command is deprecated setup.py egg_info --egg-base ../../../build/image_subscriber build --build-base /home/seatech/Projet_Quadcopter/build/image_subscriber/build install --record /home/seatech/Projet_Quadcopter/build/image_subscriber/install.log --install-scripts $base/lib/image_subscriber --single-version-externally-managed install_data
[1.656s] Level 1:colcon.colcon_core.environment:checking '/home/seatech/Projet_Quadcopter/install/sjtu_drone_bringup' for CMake module files
[1.657s] DEBUG:colcon.colcon_core.event_handler.log_command:Invoked command in '/home/seatech/Projet_Quadcopter/src/EE234899-Quadcopter-Gazebo-VisualServoing/sjtu_drone_bringup' returned '0': PYTHONPATH=/home/seatech/Projet_Quadcopter/build/sjtu_drone_bringup/prefix_override:/usr/lib/python3/dist-packages/colcon_core/task/python/colcon_distutils_commands:/home/seatech/Projet_Quadcopter/install/sjtu_drone_bringup/lib/python3.10/site-packages:${PYTHONPATH} /usr/bin/python3 -W ignore:setup.py install is deprecated -W ignore:easy_install command is deprecated setup.py egg_info --egg-base ../../../build/sjtu_drone_bringup build --build-base /home/seatech/Projet_Quadcopter/build/sjtu_drone_bringup/build install --record /home/seatech/Projet_Quadcopter/build/sjtu_drone_bringup/install.log --single-version-externally-managed install_data
[1.658s] Level 1:colcon.colcon_core.environment:checking '/home/seatech/Projet_Quadcopter/install/sjtu_drone_bringup' for CMake config files
[1.658s] Level 1:colcon.colcon_core.environment:checking '/home/seatech/Projet_Quadcopter/install/sjtu_drone_bringup/lib'
[1.658s] Level 1:colcon.colcon_core.environment:checking '/home/seatech/Projet_Quadcopter/install/sjtu_drone_bringup/bin'
[1.658s] Level 1:colcon.colcon_core.environment:checking '/home/seatech/Projet_Quadcopter/install/sjtu_drone_bringup/lib/pkgconfig/sjtu_drone_bringup.pc'
[1.659s] Level 1:colcon.colcon_core.environment:checking '/home/seatech/Projet_Quadcopter/install/sjtu_drone_bringup/lib/python3.10/site-packages'
[1.659s] Level 1:colcon.colcon_core.shell:create_environment_hook('sjtu_drone_bringup', 'pythonpath')
[1.659s] INFO:colcon.colcon_core.shell:Creating environment hook '/home/seatech/Projet_Quadcopter/install/sjtu_drone_bringup/share/sjtu_drone_bringup/hook/pythonpath.ps1'
[1.660s] INFO:colcon.colcon_core.shell:Creating environment descriptor '/home/seatech/Projet_Quadcopter/install/sjtu_drone_bringup/share/sjtu_drone_bringup/hook/pythonpath.dsv'
[1.661s] INFO:colcon.colcon_core.shell:Creating environment hook '/home/seatech/Projet_Quadcopter/install/sjtu_drone_bringup/share/sjtu_drone_bringup/hook/pythonpath.sh'
[1.661s] Level 1:colcon.colcon_core.environment:checking '/home/seatech/Projet_Quadcopter/install/sjtu_drone_bringup/bin'
[1.669s] Level 1:colcon.colcon_core.environment:create_environment_scripts_only(sjtu_drone_bringup)
[1.670s] INFO:colcon.colcon_core.shell:Creating package script '/home/seatech/Projet_Quadcopter/install/sjtu_drone_bringup/share/sjtu_drone_bringup/package.ps1'
[1.671s] INFO:colcon.colcon_core.shell:Creating package descriptor '/home/seatech/Projet_Quadcopter/install/sjtu_drone_bringup/share/sjtu_drone_bringup/package.dsv'
[1.672s] INFO:colcon.colcon_core.shell:Creating package script '/home/seatech/Projet_Quadcopter/install/sjtu_drone_bringup/share/sjtu_drone_bringup/package.sh'
[1.672s] INFO:colcon.colcon_core.shell:Creating package script '/home/seatech/Projet_Quadcopter/install/sjtu_drone_bringup/share/sjtu_drone_bringup/package.bash'
[1.673s] INFO:colcon.colcon_core.shell:Creating package script '/home/seatech/Projet_Quadcopter/install/sjtu_drone_bringup/share/sjtu_drone_bringup/package.zsh'
[1.673s] Level 1:colcon.colcon_core.environment:create_file_with_runtime_dependencies(/home/seatech/Projet_Quadcopter/install/sjtu_drone_bringup/share/colcon-core/packages/sjtu_drone_bringup)
[1.710s] Level 1:colcon.colcon_core.environment:checking '/home/seatech/Projet_Quadcopter/install/camera_control' for CMake module files
[1.714s] Level 1:colcon.colcon_core.environment:checking '/home/seatech/Projet_Quadcopter/install/camera_control' for CMake config files
[1.715s] DEBUG:colcon.colcon_core.event_handler.log_command:Invoked command in '/home/seatech/Projet_Quadcopter/src/EE234899-Quadcopter-Gazebo-VisualServoing/camera_control' returned '0': PYTHONPATH=/home/seatech/Projet_Quadcopter/build/camera_control/prefix_override:/usr/lib/python3/dist-packages/colcon_core/task/python/colcon_distutils_commands:/home/seatech/Projet_Quadcopter/install/camera_control/lib/python3.10/site-packages:${PYTHONPATH} /usr/bin/python3 -W ignore:setup.py install is deprecated -W ignore:easy_install command is deprecated setup.py egg_info --egg-base ../../../build/camera_control build --build-base /home/seatech/Projet_Quadcopter/build/camera_control/build install --record /home/seatech/Projet_Quadcopter/build/camera_control/install.log --install-scripts $base/lib/camera_control --single-version-externally-managed install_data
[1.719s] Level 1:colcon.colcon_core.environment:checking '/home/seatech/Projet_Quadcopter/install/camera_control/lib'
[1.719s] Level 1:colcon.colcon_core.environment:checking '/home/seatech/Projet_Quadcopter/install/camera_control/bin'
[1.719s] Level 1:colcon.colcon_core.environment:checking '/home/seatech/Projet_Quadcopter/install/camera_control/lib/pkgconfig/camera_control.pc'
[1.719s] Level 1:colcon.colcon_core.environment:checking '/home/seatech/Projet_Quadcopter/install/camera_control/lib/python3.10/site-packages'
[1.719s] Level 1:colcon.colcon_core.shell:create_environment_hook('camera_control', 'pythonpath')
[1.719s] INFO:colcon.colcon_core.shell:Creating environment hook '/home/seatech/Projet_Quadcopter/install/camera_control/share/camera_control/hook/pythonpath.ps1'
[1.720s] INFO:colcon.colcon_core.shell:Creating environment descriptor '/home/seatech/Projet_Quadcopter/install/camera_control/share/camera_control/hook/pythonpath.dsv'
[1.720s] INFO:colcon.colcon_core.shell:Creating environment hook '/home/seatech/Projet_Quadcopter/install/camera_control/share/camera_control/hook/pythonpath.sh'
[1.721s] Level 1:colcon.colcon_core.environment:checking '/home/seatech/Projet_Quadcopter/install/camera_control/bin'
[1.721s] Level 1:colcon.colcon_core.environment:create_environment_scripts_only(camera_control)
[1.721s] INFO:colcon.colcon_core.shell:Creating package script '/home/seatech/Projet_Quadcopter/install/camera_control/share/camera_control/package.ps1'
[1.722s] INFO:colcon.colcon_core.shell:Creating package descriptor '/home/seatech/Projet_Quadcopter/install/camera_control/share/camera_control/package.dsv'
[1.722s] INFO:colcon.colcon_core.shell:Creating package script '/home/seatech/Projet_Quadcopter/install/camera_control/share/camera_control/package.sh'
[1.723s] INFO:colcon.colcon_core.shell:Creating package script '/home/seatech/Projet_Quadcopter/install/camera_control/share/camera_control/package.bash'
[1.723s] INFO:colcon.colcon_core.shell:Creating package script '/home/seatech/Projet_Quadcopter/install/camera_control/share/camera_control/package.zsh'
[1.723s] Level 1:colcon.colcon_core.environment:create_file_with_runtime_dependencies(/home/seatech/Projet_Quadcopter/install/camera_control/share/colcon-core/packages/camera_control)
[1.768s] Level 1:colcon.colcon_core.environment:checking '/home/seatech/Projet_Quadcopter/install/image_subscriber' for CMake module files
[1.768s] DEBUG:colcon.colcon_core.event_handler.log_command:Invoked command in '/home/seatech/Projet_Quadcopter/src/EE234899-Quadcopter-Gazebo-VisualServoing/image_subscriber' returned '0': PYTHONPATH=/home/seatech/Projet_Quadcopter/build/image_subscriber/prefix_override:/usr/lib/python3/dist-packages/colcon_core/task/python/colcon_distutils_commands:/home/seatech/Projet_Quadcopter/install/image_subscriber/lib/python3.10/site-packages:${PYTHONPATH} /usr/bin/python3 -W ignore:setup.py install is deprecated -W ignore:easy_install command is deprecated setup.py egg_info --egg-base ../../../build/image_subscriber build --build-base /home/seatech/Projet_Quadcopter/build/image_subscriber/build install --record /home/seatech/Projet_Quadcopter/build/image_subscriber/install.log --install-scripts $base/lib/image_subscriber --single-version-externally-managed install_data
[1.768s] Level 1:colcon.colcon_core.environment:checking '/home/seatech/Projet_Quadcopter/install/image_subscriber' for CMake config files
[1.769s] Level 1:colcon.colcon_core.environment:checking '/home/seatech/Projet_Quadcopter/install/image_subscriber/lib'
[1.769s] Level 1:colcon.colcon_core.environment:checking '/home/seatech/Projet_Quadcopter/install/image_subscriber/bin'
[1.769s] Level 1:colcon.colcon_core.environment:checking '/home/seatech/Projet_Quadcopter/install/image_subscriber/lib/pkgconfig/image_subscriber.pc'
[1.769s] Level 1:colcon.colcon_core.environment:checking '/home/seatech/Projet_Quadcopter/install/image_subscriber/lib/python3.10/site-packages'
[1.769s] Level 1:colcon.colcon_core.shell:create_environment_hook('image_subscriber', 'pythonpath')
[1.769s] INFO:colcon.colcon_core.shell:Creating environment hook '/home/seatech/Projet_Quadcopter/install/image_subscriber/share/image_subscriber/hook/pythonpath.ps1'
[1.770s] INFO:colcon.colcon_core.shell:Creating environment descriptor '/home/seatech/Projet_Quadcopter/install/image_subscriber/share/image_subscriber/hook/pythonpath.dsv'
[1.770s] INFO:colcon.colcon_core.shell:Creating environment hook '/home/seatech/Projet_Quadcopter/install/image_subscriber/share/image_subscriber/hook/pythonpath.sh'
[1.771s] Level 1:colcon.colcon_core.environment:checking '/home/seatech/Projet_Quadcopter/install/image_subscriber/bin'
[1.771s] Level 1:colcon.colcon_core.environment:create_environment_scripts_only(image_subscriber)
[1.771s] INFO:colcon.colcon_core.shell:Creating package script '/home/seatech/Projet_Quadcopter/install/image_subscriber/share/image_subscriber/package.ps1'
[1.771s] INFO:colcon.colcon_core.shell:Creating package descriptor '/home/seatech/Projet_Quadcopter/install/image_subscriber/share/image_subscriber/package.dsv'
[1.772s] INFO:colcon.colcon_core.shell:Creating package script '/home/seatech/Projet_Quadcopter/install/image_subscriber/share/image_subscriber/package.sh'
[1.772s] INFO:colcon.colcon_core.shell:Creating package script '/home/seatech/Projet_Quadcopter/install/image_subscriber/share/image_subscriber/package.bash'
[1.772s] INFO:colcon.colcon_core.shell:Creating package script '/home/seatech/Projet_Quadcopter/install/image_subscriber/share/image_subscriber/package.zsh'
[1.773s] Level 1:colcon.colcon_core.environment:create_file_with_runtime_dependencies(/home/seatech/Projet_Quadcopter/install/image_subscriber/share/colcon-core/packages/image_subscriber)
[1.773s] DEBUG:colcon.colcon_parallel_executor.executor.parallel:closing loop
[1.773s] DEBUG:colcon.colcon_parallel_executor.executor.parallel:loop closed
[1.773s] DEBUG:colcon.colcon_parallel_executor.executor.parallel:run_until_complete finished with '0'
[1.773s] DEBUG:colcon.colcon_core.event_reactor:joining thread
[1.780s] INFO:colcon.colcon_core.plugin_system:Skipping extension 'colcon_notification.desktop_notification.terminal_notifier': Not used on non-Darwin systems
[1.780s] INFO:colcon.colcon_core.plugin_system:Skipping extension 'colcon_notification.desktop_notification.win32': Not used on non-Windows systems
[1.780s] INFO:colcon.colcon_notification.desktop_notification:Sending desktop notification using 'notify2'
[1.789s] DEBUG:colcon.colcon_core.event_reactor:joined thread
[1.789s] INFO:colcon.colcon_core.shell:Creating prefix script '/home/seatech/Projet_Quadcopter/install/local_setup.ps1'
[1.790s] INFO:colcon.colcon_core.shell:Creating prefix util module '/home/seatech/Projet_Quadcopter/install/_local_setup_util_ps1.py'
[1.791s] INFO:colcon.colcon_core.shell:Creating prefix chain script '/home/seatech/Projet_Quadcopter/install/setup.ps1'
[1.793s] INFO:colcon.colcon_core.shell:Creating prefix script '/home/seatech/Projet_Quadcopter/install/local_setup.sh'
[1.793s] INFO:colcon.colcon_core.shell:Creating prefix util module '/home/seatech/Projet_Quadcopter/install/_local_setup_util_sh.py'
[1.793s] INFO:colcon.colcon_core.shell:Creating prefix chain script '/home/seatech/Projet_Quadcopter/install/setup.sh'
[1.794s] INFO:colcon.colcon_core.shell:Creating prefix script '/home/seatech/Projet_Quadcopter/install/local_setup.bash'
[1.796s] INFO:colcon.colcon_core.shell:Creating prefix chain script '/home/seatech/Projet_Quadcopter/install/setup.bash'
[1.797s] INFO:colcon.colcon_core.shell:Creating prefix script '/home/seatech/Projet_Quadcopter/install/local_setup.zsh'
[1.797s] INFO:colcon.colcon_core.shell:Creating prefix chain script '/home/seatech/Projet_Quadcopter/install/setup.zsh'
