[0.056s] Invoking command in '/home/seatech/Projet_Quadcopter/build/sjtu_drone_description': CMAKE_PREFIX_PATH=${CMAKE_PREFIX_PATH}:/home/seatech/ros2_ws/install/my_py_pkg:/opt/ros/humble /usr/bin/cmake --build /home/seatech/Projet_Quadcopter/build/sjtu_drone_description -- -j4 -l4
[0.205s] [100%] Built target plugin_drone
[0.248s] Invoked command in '/home/seatech/Projet_Quadcopter/build/sjtu_drone_description' returned '0': CMAKE_PREFIX_PATH=${CMAKE_PREFIX_PATH}:/home/seatech/ros2_ws/install/my_py_pkg:/opt/ros/humble /usr/bin/cmake --build /home/seatech/Projet_Quadcopter/build/sjtu_drone_description -- -j4 -l4
[0.283s] Invoking command in '/home/seatech/Projet_Quadcopter/build/sjtu_drone_description': CMAKE_PREFIX_PATH=${CMAKE_PREFIX_PATH}:/home/seatech/ros2_ws/install/my_py_pkg:/opt/ros/humble /usr/bin/cmake --install /home/seatech/Projet_Quadcopter/build/sjtu_drone_description
[0.308s] -- Install configuration: ""
[0.308s] -- Up-to-date: /home/seatech/Projet_Quadcopter/install/sjtu_drone_description/include
[0.309s] -- Up-to-date: /home/seatech/Projet_Quadcopter/install/sjtu_drone_description/include/pid_controller.h
[0.309s] -- Up-to-date: /home/seatech/Projet_Quadcopter/install/sjtu_drone_description/include/plugin_drone.h
[0.309s] -- Up-to-date: /home/seatech/Projet_Quadcopter/install/sjtu_drone_description/lib/libplugin_drone.so
[0.310s] -- Up-to-date: /home/seatech/Projet_Quadcopter/install/sjtu_drone_description/share/sjtu_drone_description/environment/library_path.sh
[0.311s] -- Up-to-date: /home/seatech/Projet_Quadcopter/install/sjtu_drone_description/share/sjtu_drone_description/environment/library_path.dsv
[0.311s] -- Up-to-date: /home/seatech/Projet_Quadcopter/install/sjtu_drone_description/share/sjtu_drone_description/models
[0.311s] -- Up-to-date: /home/seatech/Projet_Quadcopter/install/sjtu_drone_description/share/sjtu_drone_description/models/database.config
[0.312s] -- Up-to-date: /home/seatech/Projet_Quadcopter/install/sjtu_drone_description/share/sjtu_drone_description/models/sjtu_drone
[0.312s] -- Up-to-date: /home/seatech/Projet_Quadcopter/install/sjtu_drone_description/share/sjtu_drone_description/models/sjtu_drone/model.config
[0.313s] -- Up-to-date: /home/seatech/Projet_Quadcopter/install/sjtu_drone_description/share/sjtu_drone_description/models/sjtu_drone/sjtu_drone.sdf
[0.313s] -- Up-to-date: /home/seatech/Projet_Quadcopter/install/sjtu_drone_description/share/sjtu_drone_description/models/sjtu_drone/quadrotor_4.stl
[0.313s] -- Up-to-date: /home/seatech/Projet_Quadcopter/install/sjtu_drone_description/share/sjtu_drone_description/models/sjtu_drone/quadrotor_4.dae
[0.314s] -- Up-to-date: /home/seatech/Projet_Quadcopter/install/sjtu_drone_description/share/sjtu_drone_description/urdf
[0.314s] -- Up-to-date: /home/seatech/Projet_Quadcopter/install/sjtu_drone_description/share/sjtu_drone_description/urdf/sjtu_drone.urdf
[0.314s] -- Up-to-date: /home/seatech/Projet_Quadcopter/install/sjtu_drone_description/share/sjtu_drone_description/urdf/sjtu_drone.urdf.xacro
[0.315s] -- Up-to-date: /home/seatech/Projet_Quadcopter/install/sjtu_drone_description/share/sjtu_drone_description/worlds
[0.315s] -- Up-to-date: /home/seatech/Projet_Quadcopter/install/sjtu_drone_description/share/sjtu_drone_description/worlds/skenario1_3.world
[0.316s] -- Up-to-date: /home/seatech/Projet_Quadcopter/install/sjtu_drone_description/share/sjtu_drone_description/worlds/skenario2.world
[0.316s] -- Up-to-date: /home/seatech/Projet_Quadcopter/install/sjtu_drone_description/share/sjtu_drone_description/worlds/small_city.world
[0.317s] -- Up-to-date: /home/seatech/Projet_Quadcopter/install/sjtu_drone_description/share/sjtu_drone_description/worlds/playground.world
[0.317s] -- Up-to-date: /home/seatech/Projet_Quadcopter/install/sjtu_drone_description/share/sjtu_drone_description/worlds/skenario3_2.world
[0.318s] -- Up-to-date: /home/seatech/Projet_Quadcopter/install/sjtu_drone_description/share/ament_index/resource_index/package_run_dependencies/sjtu_drone_description
[0.318s] -- Up-to-date: /home/seatech/Projet_Quadcopter/install/sjtu_drone_description/share/ament_index/resource_index/parent_prefix_path/sjtu_drone_description
[0.319s] -- Up-to-date: /home/seatech/Projet_Quadcopter/install/sjtu_drone_description/share/sjtu_drone_description/environment/ament_prefix_path.sh
[0.320s] -- Up-to-date: /home/seatech/Projet_Quadcopter/install/sjtu_drone_description/share/sjtu_drone_description/environment/ament_prefix_path.dsv
[0.320s] -- Up-to-date: /home/seatech/Projet_Quadcopter/install/sjtu_drone_description/share/sjtu_drone_description/environment/path.sh
[0.321s] -- Up-to-date: /home/seatech/Projet_Quadcopter/install/sjtu_drone_description/share/sjtu_drone_description/environment/path.dsv
[0.322s] -- Up-to-date: /home/seatech/Projet_Quadcopter/install/sjtu_drone_description/share/sjtu_drone_description/local_setup.bash
[0.322s] -- Up-to-date: /home/seatech/Projet_Quadcopter/install/sjtu_drone_description/share/sjtu_drone_description/local_setup.sh
[0.322s] -- Up-to-date: /home/seatech/Projet_Quadcopter/install/sjtu_drone_description/share/sjtu_drone_description/local_setup.zsh
[0.323s] -- Up-to-date: /home/seatech/Projet_Quadcopter/install/sjtu_drone_description/share/sjtu_drone_description/local_setup.dsv
[0.323s] -- Installing: /home/seatech/Projet_Quadcopter/install/sjtu_drone_description/share/sjtu_drone_description/package.dsv
[0.323s] -- Up-to-date: /home/seatech/Projet_Quadcopter/install/sjtu_drone_description/share/ament_index/resource_index/packages/sjtu_drone_description
[0.324s] -- Up-to-date: /home/seatech/Projet_Quadcopter/install/sjtu_drone_description/share/sjtu_drone_description/cmake/export_sjtu_drone_descriptionExport.cmake
[0.324s] -- Up-to-date: /home/seatech/Projet_Quadcopter/install/sjtu_drone_description/share/sjtu_drone_description/cmake/export_sjtu_drone_descriptionExport-noconfig.cmake
[0.325s] -- Up-to-date: /home/seatech/Projet_Quadcopter/install/sjtu_drone_description/share/sjtu_drone_description/cmake/ament_cmake_export_include_directories-extras.cmake
[0.325s] -- Up-to-date: /home/seatech/Projet_Quadcopter/install/sjtu_drone_description/share/sjtu_drone_description/cmake/ament_cmake_export_libraries-extras.cmake
[0.325s] -- Up-to-date: /home/seatech/Projet_Quadcopter/install/sjtu_drone_description/share/sjtu_drone_description/cmake/ament_cmake_export_targets-extras.cmake
[0.326s] -- Up-to-date: /home/seatech/Projet_Quadcopter/install/sjtu_drone_description/share/sjtu_drone_description/cmake/sjtu_drone_descriptionConfig.cmake
[0.326s] -- Up-to-date: /home/seatech/Projet_Quadcopter/install/sjtu_drone_description/share/sjtu_drone_description/cmake/sjtu_drone_descriptionConfig-version.cmake
[0.327s] -- Up-to-date: /home/seatech/Projet_Quadcopter/install/sjtu_drone_description/share/sjtu_drone_description/package.xml
[0.330s] Invoked command in '/home/seatech/Projet_Quadcopter/build/sjtu_drone_description' returned '0': CMAKE_PREFIX_PATH=${CMAKE_PREFIX_PATH}:/home/seatech/ros2_ws/install/my_py_pkg:/opt/ros/humble /usr/bin/cmake --install /home/seatech/Projet_Quadcopter/build/sjtu_drone_description
