[0.917s] Invoking command in '/home/seatech/Projet_Quadcopter/src/EE234899-Quadcopter-Gazebo-VisualServoing/sjtu_drone_bringup': PYTHONPATH=/home/seatech/Projet_Quadcopter/build/sjtu_drone_bringup/prefix_override:/usr/lib/python3/dist-packages/colcon_core/task/python/colcon_distutils_commands:/home/seatech/Projet_Quadcopter/install/sjtu_drone_bringup/lib/python3.10/site-packages:${PYTHONPATH} /usr/bin/python3 -W ignore:setup.py install is deprecated -W ignore:easy_install command is deprecated setup.py egg_info --egg-base ../../../build/sjtu_drone_bringup build --build-base /home/seatech/Projet_Quadcopter/build/sjtu_drone_bringup/build install --record /home/seatech/Projet_Quadcopter/build/sjtu_drone_bringup/install.log --single-version-externally-managed install_data
[1.104s] running egg_info
[1.105s] creating ../../../build/sjtu_drone_bringup/sjtu_drone_bringup.egg-info
[1.105s] writing ../../../build/sjtu_drone_bringup/sjtu_drone_bringup.egg-info/PKG-INFO
[1.105s] writing dependency_links to ../../../build/sjtu_drone_bringup/sjtu_drone_bringup.egg-info/dependency_links.txt
[1.105s] writing entry points to ../../../build/sjtu_drone_bringup/sjtu_drone_bringup.egg-info/entry_points.txt
[1.105s] writing requirements to ../../../build/sjtu_drone_bringup/sjtu_drone_bringup.egg-info/requires.txt
[1.105s] writing top-level names to ../../../build/sjtu_drone_bringup/sjtu_drone_bringup.egg-info/top_level.txt
[1.106s] writing manifest file '../../../build/sjtu_drone_bringup/sjtu_drone_bringup.egg-info/SOURCES.txt'
[1.107s] reading manifest file '../../../build/sjtu_drone_bringup/sjtu_drone_bringup.egg-info/SOURCES.txt'
[1.107s] writing manifest file '../../../build/sjtu_drone_bringup/sjtu_drone_bringup.egg-info/SOURCES.txt'
[1.108s] running build
[1.108s] running build_py
[1.108s] creating /home/seatech/Projet_Quadcopter/build/sjtu_drone_bringup/build
[1.108s] creating /home/seatech/Projet_Quadcopter/build/sjtu_drone_bringup/build/lib
[1.108s] creating /home/seatech/Projet_Quadcopter/build/sjtu_drone_bringup/build/lib/sjtu_drone_bringup
[1.108s] copying sjtu_drone_bringup/__init__.py -> /home/seatech/Projet_Quadcopter/build/sjtu_drone_bringup/build/lib/sjtu_drone_bringup
[1.109s] copying sjtu_drone_bringup/spawn_drone.py -> /home/seatech/Projet_Quadcopter/build/sjtu_drone_bringup/build/lib/sjtu_drone_bringup
[1.109s] running install
[1.109s] running install_lib
[1.109s] creating /home/seatech/Projet_Quadcopter/install/sjtu_drone_bringup/lib/python3.10/site-packages/sjtu_drone_bringup
[1.109s] copying /home/seatech/Projet_Quadcopter/build/sjtu_drone_bringup/build/lib/sjtu_drone_bringup/__init__.py -> /home/seatech/Projet_Quadcopter/install/sjtu_drone_bringup/lib/python3.10/site-packages/sjtu_drone_bringup
[1.109s] copying /home/seatech/Projet_Quadcopter/build/sjtu_drone_bringup/build/lib/sjtu_drone_bringup/spawn_drone.py -> /home/seatech/Projet_Quadcopter/install/sjtu_drone_bringup/lib/python3.10/site-packages/sjtu_drone_bringup
[1.109s] byte-compiling /home/seatech/Projet_Quadcopter/install/sjtu_drone_bringup/lib/python3.10/site-packages/sjtu_drone_bringup/__init__.py to __init__.cpython-310.pyc
[1.110s] byte-compiling /home/seatech/Projet_Quadcopter/install/sjtu_drone_bringup/lib/python3.10/site-packages/sjtu_drone_bringup/spawn_drone.py to spawn_drone.cpython-310.pyc
[1.110s] running install_data
[1.110s] creating /home/seatech/Projet_Quadcopter/install/sjtu_drone_bringup/share/ament_index
[1.110s] creating /home/seatech/Projet_Quadcopter/install/sjtu_drone_bringup/share/ament_index/resource_index
[1.110s] creating /home/seatech/Projet_Quadcopter/install/sjtu_drone_bringup/share/ament_index/resource_index/packages
[1.110s] copying resource/sjtu_drone_bringup -> /home/seatech/Projet_Quadcopter/install/sjtu_drone_bringup/share/ament_index/resource_index/packages
[1.110s] copying package.xml -> /home/seatech/Projet_Quadcopter/install/sjtu_drone_bringup/share/sjtu_drone_bringup
[1.111s] creating /home/seatech/Projet_Quadcopter/install/sjtu_drone_bringup/share/sjtu_drone_bringup/launch
[1.111s] copying launch/sjtu_drone_gazebo.launch.py -> /home/seatech/Projet_Quadcopter/install/sjtu_drone_bringup/share/sjtu_drone_bringup/launch
[1.111s] copying launch/sjtu_drone_bringup.launch.py -> /home/seatech/Projet_Quadcopter/install/sjtu_drone_bringup/share/sjtu_drone_bringup/launch
[1.111s] creating /home/seatech/Projet_Quadcopter/install/sjtu_drone_bringup/share/sjtu_drone_bringup/rviz
[1.111s] copying rviz/rviz.rviz -> /home/seatech/Projet_Quadcopter/install/sjtu_drone_bringup/share/sjtu_drone_bringup/rviz
[1.111s] running install_egg_info
[1.113s] Copying ../../../build/sjtu_drone_bringup/sjtu_drone_bringup.egg-info to /home/seatech/Projet_Quadcopter/install/sjtu_drone_bringup/lib/python3.10/site-packages/sjtu_drone_bringup-0.0.0-py3.10.egg-info
[1.113s] running install_scripts
[1.129s] Installing spawn_drone script to /home/seatech/Projet_Quadcopter/install/sjtu_drone_bringup/lib/sjtu_drone_bringup
[1.131s] writing list of installed files to '/home/seatech/Projet_Quadcopter/build/sjtu_drone_bringup/install.log'
[1.152s] Invoked command in '/home/seatech/Projet_Quadcopter/src/EE234899-Quadcopter-Gazebo-VisualServoing/sjtu_drone_bringup' returned '0': PYTHONPATH=/home/seatech/Projet_Quadcopter/build/sjtu_drone_bringup/prefix_override:/usr/lib/python3/dist-packages/colcon_core/task/python/colcon_distutils_commands:/home/seatech/Projet_Quadcopter/install/sjtu_drone_bringup/lib/python3.10/site-packages:${PYTHONPATH} /usr/bin/python3 -W ignore:setup.py install is deprecated -W ignore:easy_install command is deprecated setup.py egg_info --egg-base ../../../build/sjtu_drone_bringup build --build-base /home/seatech/Projet_Quadcopter/build/sjtu_drone_bringup/build install --record /home/seatech/Projet_Quadcopter/build/sjtu_drone_bringup/install.log --single-version-externally-managed install_data
