[0.942s] Invoking command in '/home/seatech/Projet_Quadcopter/src/EE234899-Quadcopter-Gazebo-VisualServoing/camera_control': PYTHONPATH=/home/seatech/Projet_Quadcopter/build/camera_control/prefix_override:/usr/lib/python3/dist-packages/colcon_core/task/python/colcon_distutils_commands:/home/seatech/Projet_Quadcopter/install/camera_control/lib/python3.10/site-packages:${PYTHONPATH} /usr/bin/python3 -W ignore:setup.py install is deprecated -W ignore:easy_install command is deprecated setup.py egg_info --egg-base ../../../build/camera_control build --build-base /home/seatech/Projet_Quadcopter/build/camera_control/build install --record /home/seatech/Projet_Quadcopter/build/camera_control/install.log --install-scripts $base/lib/camera_control --single-version-externally-managed install_data
[1.151s] /usr/lib/python3/dist-packages/setuptools/dist.py:723: UserWarning: Usage of dash-separated 'script-dir' will not be supported in future versions. Please use the underscore name 'script_dir' instead
[1.151s]   warnings.warn(
[1.159s] running egg_info
[1.160s] creating ../../../build/camera_control/camera_control.egg-info
[1.160s] writing ../../../build/camera_control/camera_control.egg-info/PKG-INFO
[1.160s] writing dependency_links to ../../../build/camera_control/camera_control.egg-info/dependency_links.txt
[1.161s] writing entry points to ../../../build/camera_control/camera_control.egg-info/entry_points.txt
[1.161s] writing requirements to ../../../build/camera_control/camera_control.egg-info/requires.txt
[1.161s] writing top-level names to ../../../build/camera_control/camera_control.egg-info/top_level.txt
[1.162s] writing manifest file '../../../build/camera_control/camera_control.egg-info/SOURCES.txt'
[1.164s] reading manifest file '../../../build/camera_control/camera_control.egg-info/SOURCES.txt'
[1.166s] writing manifest file '../../../build/camera_control/camera_control.egg-info/SOURCES.txt'
[1.166s] running build
[1.167s] running build_py
[1.167s] creating /home/seatech/Projet_Quadcopter/build/camera_control/build
[1.167s] creating /home/seatech/Projet_Quadcopter/build/camera_control/build/lib
[1.167s] creating /home/seatech/Projet_Quadcopter/build/camera_control/build/lib/camera_control
[1.168s] copying camera_control/__init__.py -> /home/seatech/Projet_Quadcopter/build/camera_control/build/lib/camera_control
[1.168s] copying camera_control/ibvs_control_PID.py -> /home/seatech/Projet_Quadcopter/build/camera_control/build/lib/camera_control
[1.168s] copying camera_control/ibvs_control_SMC.py -> /home/seatech/Projet_Quadcopter/build/camera_control/build/lib/camera_control
[1.168s] running install
[1.169s] running install_lib
[1.170s] creating /home/seatech/Projet_Quadcopter/install/camera_control/lib/python3.10/site-packages/camera_control
[1.170s] copying /home/seatech/Projet_Quadcopter/build/camera_control/build/lib/camera_control/__init__.py -> /home/seatech/Projet_Quadcopter/install/camera_control/lib/python3.10/site-packages/camera_control
[1.170s] copying /home/seatech/Projet_Quadcopter/build/camera_control/build/lib/camera_control/ibvs_control_PID.py -> /home/seatech/Projet_Quadcopter/install/camera_control/lib/python3.10/site-packages/camera_control
[1.171s] copying /home/seatech/Projet_Quadcopter/build/camera_control/build/lib/camera_control/ibvs_control_SMC.py -> /home/seatech/Projet_Quadcopter/install/camera_control/lib/python3.10/site-packages/camera_control
[1.171s] byte-compiling /home/seatech/Projet_Quadcopter/install/camera_control/lib/python3.10/site-packages/camera_control/__init__.py to __init__.cpython-310.pyc
[1.172s] byte-compiling /home/seatech/Projet_Quadcopter/install/camera_control/lib/python3.10/site-packages/camera_control/ibvs_control_PID.py to ibvs_control_PID.cpython-310.pyc
[1.173s] byte-compiling /home/seatech/Projet_Quadcopter/install/camera_control/lib/python3.10/site-packages/camera_control/ibvs_control_SMC.py to ibvs_control_SMC.cpython-310.pyc
[1.174s] running install_data
[1.175s] creating /home/seatech/Projet_Quadcopter/install/camera_control/share/ament_index
[1.176s] creating /home/seatech/Projet_Quadcopter/install/camera_control/share/ament_index/resource_index
[1.176s] creating /home/seatech/Projet_Quadcopter/install/camera_control/share/ament_index/resource_index/packages
[1.176s] copying resource/camera_control -> /home/seatech/Projet_Quadcopter/install/camera_control/share/ament_index/resource_index/packages
[1.176s] copying package.xml -> /home/seatech/Projet_Quadcopter/install/camera_control/share/camera_control
[1.176s] running install_egg_info
[1.177s] Copying ../../../build/camera_control/camera_control.egg-info to /home/seatech/Projet_Quadcopter/install/camera_control/lib/python3.10/site-packages/camera_control-0.0.0-py3.10.egg-info
[1.178s] running install_scripts
[1.200s] Installing ibvs_pid script to /home/seatech/Projet_Quadcopter/install/camera_control/lib/camera_control
[1.200s] Installing ibvs_smc script to /home/seatech/Projet_Quadcopter/install/camera_control/lib/camera_control
[1.200s] writing list of installed files to '/home/seatech/Projet_Quadcopter/build/camera_control/install.log'
[1.226s] Invoked command in '/home/seatech/Projet_Quadcopter/src/EE234899-Quadcopter-Gazebo-VisualServoing/camera_control' returned '0': PYTHONPATH=/home/seatech/Projet_Quadcopter/build/camera_control/prefix_override:/usr/lib/python3/dist-packages/colcon_core/task/python/colcon_distutils_commands:/home/seatech/Projet_Quadcopter/install/camera_control/lib/python3.10/site-packages:${PYTHONPATH} /usr/bin/python3 -W ignore:setup.py install is deprecated -W ignore:easy_install command is deprecated setup.py egg_info --egg-base ../../../build/camera_control build --build-base /home/seatech/Projet_Quadcopter/build/camera_control/build install --record /home/seatech/Projet_Quadcopter/build/camera_control/install.log --install-scripts $base/lib/camera_control --single-version-externally-managed install_data
