[0.590s] Invoking command in '/home/seatech/Projet_Quadcopter/build/sjtu_drone_description': CMAKE_PREFIX_PATH=${CMAKE_PREFIX_PATH}:/home/seatech/ros2_ws/install/my_py_pkg:/opt/ros/humble /usr/bin/cmake /home/seatech/Projet_Quadcopter/src/EE234899-Quadcopter-Gazebo-VisualServoing/sjtu_drone_description -DCMAKE_INSTALL_PREFIX=/home/seatech/Projet_Quadcopter/install/sjtu_drone_description
[0.699s] -- The C compiler identification is GNU 11.4.0
[0.784s] -- The CXX compiler identification is GNU 11.4.0
[0.795s] -- Detecting C compiler ABI info
[0.866s] -- Detecting C compiler ABI info - done
[0.872s] -- Check for working C compiler: /usr/bin/cc - skipped
[0.873s] -- Detecting C compile features
[0.873s] -- Detecting C compile features - done
[0.877s] -- Detecting CXX compiler ABI info
[0.980s] -- Detecting CXX compiler ABI info - done
[0.983s] -- Check for working CXX compiler: /usr/bin/c++ - skipped
[0.983s] -- Detecting CXX compile features
[0.984s] -- Detecting CXX compile features - done
[0.989s] -- Found PkgConfig: /usr/bin/pkg-config (found version "0.29.2") 
[0.989s] -- Checking for module 'OGRE'
[0.991s] --   No package 'OGRE' found
[0.991s] -- Checking for module 'OGRE-Terrain'
[0.993s] --   No package 'OGRE-Terrain' found
[0.997s] -- Found ament_cmake: 1.3.12 (/opt/ros/humble/share/ament_cmake/cmake)
[1.123s] -- Found Python3: /usr/bin/python3 (found version "3.10.12") found components: Interpreter 
[1.227s] -- Found ament_cmake_ros: 0.10.0 (/opt/ros/humble/share/ament_cmake_ros/cmake)
[1.240s] -- Found rclcpp: 16.0.16 (/opt/ros/humble/share/rclcpp/cmake)
[1.293s] -- Found rosidl_generator_c: 3.1.7 (/opt/ros/humble/share/rosidl_generator_c/cmake)
[1.299s] -- Found rosidl_adapter: 3.1.7 (/opt/ros/humble/share/rosidl_adapter/cmake)
[1.313s] -- Found rosidl_generator_cpp: 3.1.7 (/opt/ros/humble/share/rosidl_generator_cpp/cmake)
[1.332s] -- Using all available rosidl_typesupport_c: rosidl_typesupport_fastrtps_c;rosidl_typesupport_introspection_c
[1.352s] -- Using all available rosidl_typesupport_cpp: rosidl_typesupport_fastrtps_cpp;rosidl_typesupport_introspection_cpp
[1.405s] -- Found rmw_implementation_cmake: 6.1.2 (/opt/ros/humble/share/rmw_implementation_cmake/cmake)
[1.410s] -- Found rmw_fastrtps_cpp: 6.2.9 (/opt/ros/humble/share/rmw_fastrtps_cpp/cmake)
[1.480s] -- Found OpenSSL: /usr/lib/x86_64-linux-gnu/libcrypto.so (found version "3.0.2")  
[1.500s] -- Found FastRTPS: /opt/ros/humble/include  
[1.531s] -- Using RMW implementation 'rmw_fastrtps_cpp' as default
[1.543s] -- Looking for pthread.h
[1.603s] -- Looking for pthread.h - found
[1.603s] -- Performing Test CMAKE_HAVE_LIBC_PTHREAD
[1.655s] -- Performing Test CMAKE_HAVE_LIBC_PTHREAD - Success
[1.656s] -- Found Threads: TRUE  
[1.725s] [31mCMake Error at CMakeLists.txt:18 (find_package):
[1.725s]   By not providing "Findgazebo_ros.cmake" in CMAKE_MODULE_PATH this project
[1.725s]   has asked CMake to find a package configuration file provided by
[1.725s]   "gazebo_ros", but CMake did not find one.
[1.725s] 
[1.725s]   Could not find a package configuration file provided by "gazebo_ros" with
[1.725s]   any of the following names:
[1.725s] 
[1.725s]     gazebo_rosConfig.cmake
[1.726s]     gazebo_ros-config.cmake
[1.726s] 
[1.726s]   Add the installation prefix of "gazebo_ros" to CMAKE_PREFIX_PATH or set
[1.726s]   "gazebo_ros_DIR" to a directory containing one of the above files.  If
[1.726s]   "gazebo_ros" provides a separate development package or SDK, be sure it has
[1.726s]   been installed.
[1.726s] 
[1.726s] [0m
[1.726s] -- Configuring incomplete, errors occurred!
[1.726s] See also "/home/seatech/Projet_Quadcopter/build/sjtu_drone_description/CMakeFiles/CMakeOutput.log".
[1.731s] Invoked command in '/home/seatech/Projet_Quadcopter/build/sjtu_drone_description' returned '1': CMAKE_PREFIX_PATH=${CMAKE_PREFIX_PATH}:/home/seatech/ros2_ws/install/my_py_pkg:/opt/ros/humble /usr/bin/cmake /home/seatech/Projet_Quadcopter/src/EE234899-Quadcopter-Gazebo-VisualServoing/sjtu_drone_description -DCMAKE_INSTALL_PREFIX=/home/seatech/Projet_Quadcopter/install/sjtu_drone_description
