[1.487s] Invoking command in '/home/seatech/Projet_Quadcopter/src/EE234899-Quadcopter-Gazebo-VisualServoing/camera_control': PYTHONPATH=/home/seatech/Projet_Quadcopter/src/EE234899-Quadcopter-Gazebo-VisualServoing/build/camera_control/prefix_override:/usr/lib/python3/dist-packages/colcon_core/task/python/colcon_distutils_commands:/home/seatech/Projet_Quadcopter/src/EE234899-Quadcopter-Gazebo-VisualServoing/install/camera_control/lib/python3.10/site-packages:${PYTHONPATH} /usr/bin/python3 -W ignore:setup.py install is deprecated -W ignore:easy_install command is deprecated setup.py egg_info --egg-base ../build/camera_control build --build-base /home/seatech/Projet_Quadcopter/src/EE234899-Quadcopter-Gazebo-VisualServoing/build/camera_control/build install --record /home/seatech/Projet_Quadcopter/src/EE234899-Quadcopter-Gazebo-VisualServoing/build/camera_control/install.log --install-scripts $base/lib/camera_control --single-version-externally-managed install_data
[1.799s] /usr/lib/python3/dist-packages/setuptools/dist.py:723: UserWarning: Usage of dash-separated 'script-dir' will not be supported in future versions. Please use the underscore name 'script_dir' instead
[1.799s]   warnings.warn(
[1.816s] running egg_info
[1.816s] creating ../build/camera_control/camera_control.egg-info
[1.816s] writing ../build/camera_control/camera_control.egg-info/PKG-INFO
[1.816s] writing dependency_links to ../build/camera_control/camera_control.egg-info/dependency_links.txt
[1.816s] writing entry points to ../build/camera_control/camera_control.egg-info/entry_points.txt
[1.817s] writing requirements to ../build/camera_control/camera_control.egg-info/requires.txt
[1.817s] writing top-level names to ../build/camera_control/camera_control.egg-info/top_level.txt
[1.817s] writing manifest file '../build/camera_control/camera_control.egg-info/SOURCES.txt'
[1.822s] reading manifest file '../build/camera_control/camera_control.egg-info/SOURCES.txt'
[1.822s] writing manifest file '../build/camera_control/camera_control.egg-info/SOURCES.txt'
[1.822s] running build
[1.822s] running build_py
[1.822s] creating /home/seatech/Projet_Quadcopter/src/EE234899-Quadcopter-Gazebo-VisualServoing/build/camera_control/build
[1.822s] creating /home/seatech/Projet_Quadcopter/src/EE234899-Quadcopter-Gazebo-VisualServoing/build/camera_control/build/lib
[1.822s] creating /home/seatech/Projet_Quadcopter/src/EE234899-Quadcopter-Gazebo-VisualServoing/build/camera_control/build/lib/camera_control
[1.822s] copying camera_control/__init__.py -> /home/seatech/Projet_Quadcopter/src/EE234899-Quadcopter-Gazebo-VisualServoing/build/camera_control/build/lib/camera_control
[1.822s] copying camera_control/ibvs_control_PID.py -> /home/seatech/Projet_Quadcopter/src/EE234899-Quadcopter-Gazebo-VisualServoing/build/camera_control/build/lib/camera_control
[1.822s] copying camera_control/ibvs_control_SMC.py -> /home/seatech/Projet_Quadcopter/src/EE234899-Quadcopter-Gazebo-VisualServoing/build/camera_control/build/lib/camera_control
[1.823s] running install
[1.824s] running install_lib
[1.824s] creating /home/seatech/Projet_Quadcopter/src/EE234899-Quadcopter-Gazebo-VisualServoing/install/camera_control/lib/python3.10/site-packages/camera_control
[1.824s] copying /home/seatech/Projet_Quadcopter/src/EE234899-Quadcopter-Gazebo-VisualServoing/build/camera_control/build/lib/camera_control/__init__.py -> /home/seatech/Projet_Quadcopter/src/EE234899-Quadcopter-Gazebo-VisualServoing/install/camera_control/lib/python3.10/site-packages/camera_control
[1.824s] copying /home/seatech/Projet_Quadcopter/src/EE234899-Quadcopter-Gazebo-VisualServoing/build/camera_control/build/lib/camera_control/ibvs_control_PID.py -> /home/seatech/Projet_Quadcopter/src/EE234899-Quadcopter-Gazebo-VisualServoing/install/camera_control/lib/python3.10/site-packages/camera_control
[1.824s] copying /home/seatech/Projet_Quadcopter/src/EE234899-Quadcopter-Gazebo-VisualServoing/build/camera_control/build/lib/camera_control/ibvs_control_SMC.py -> /home/seatech/Projet_Quadcopter/src/EE234899-Quadcopter-Gazebo-VisualServoing/install/camera_control/lib/python3.10/site-packages/camera_control
[1.824s] byte-compiling /home/seatech/Projet_Quadcopter/src/EE234899-Quadcopter-Gazebo-VisualServoing/install/camera_control/lib/python3.10/site-packages/camera_control/__init__.py to __init__.cpython-310.pyc
[1.824s] byte-compiling /home/seatech/Projet_Quadcopter/src/EE234899-Quadcopter-Gazebo-VisualServoing/install/camera_control/lib/python3.10/site-packages/camera_control/ibvs_control_PID.py to ibvs_control_PID.cpython-310.pyc
[1.824s] byte-compiling /home/seatech/Projet_Quadcopter/src/EE234899-Quadcopter-Gazebo-VisualServoing/install/camera_control/lib/python3.10/site-packages/camera_control/ibvs_control_SMC.py to ibvs_control_SMC.cpython-310.pyc
[1.826s] running install_data
[1.826s] creating /home/seatech/Projet_Quadcopter/src/EE234899-Quadcopter-Gazebo-VisualServoing/install/camera_control/share/ament_index
[1.826s] creating /home/seatech/Projet_Quadcopter/src/EE234899-Quadcopter-Gazebo-VisualServoing/install/camera_control/share/ament_index/resource_index
[1.826s] creating /home/seatech/Projet_Quadcopter/src/EE234899-Quadcopter-Gazebo-VisualServoing/install/camera_control/share/ament_index/resource_index/packages
[1.827s] copying resource/camera_control -> /home/seatech/Projet_Quadcopter/src/EE234899-Quadcopter-Gazebo-VisualServoing/install/camera_control/share/ament_index/resource_index/packages
[1.827s] copying package.xml -> /home/seatech/Projet_Quadcopter/src/EE234899-Quadcopter-Gazebo-VisualServoing/install/camera_control/share/camera_control
[1.827s] running install_egg_info
[1.828s] Copying ../build/camera_control/camera_control.egg-info to /home/seatech/Projet_Quadcopter/src/EE234899-Quadcopter-Gazebo-VisualServoing/install/camera_control/lib/python3.10/site-packages/camera_control-0.0.0-py3.10.egg-info
[1.828s] running install_scripts
[1.867s] Installing ibvs_pid script to /home/seatech/Projet_Quadcopter/src/EE234899-Quadcopter-Gazebo-VisualServoing/install/camera_control/lib/camera_control
[1.867s] Installing ibvs_smc script to /home/seatech/Projet_Quadcopter/src/EE234899-Quadcopter-Gazebo-VisualServoing/install/camera_control/lib/camera_control
[1.867s] writing list of installed files to '/home/seatech/Projet_Quadcopter/src/EE234899-Quadcopter-Gazebo-VisualServoing/build/camera_control/install.log'
[1.906s] Invoked command in '/home/seatech/Projet_Quadcopter/src/EE234899-Quadcopter-Gazebo-VisualServoing/camera_control' returned '0': PYTHONPATH=/home/seatech/Projet_Quadcopter/src/EE234899-Quadcopter-Gazebo-VisualServoing/build/camera_control/prefix_override:/usr/lib/python3/dist-packages/colcon_core/task/python/colcon_distutils_commands:/home/seatech/Projet_Quadcopter/src/EE234899-Quadcopter-Gazebo-VisualServoing/install/camera_control/lib/python3.10/site-packages:${PYTHONPATH} /usr/bin/python3 -W ignore:setup.py install is deprecated -W ignore:easy_install command is deprecated setup.py egg_info --egg-base ../build/camera_control build --build-base /home/seatech/Projet_Quadcopter/src/EE234899-Quadcopter-Gazebo-VisualServoing/build/camera_control/build install --record /home/seatech/Projet_Quadcopter/src/EE234899-Quadcopter-Gazebo-VisualServoing/build/camera_control/install.log --install-scripts $base/lib/camera_control --single-version-externally-managed install_data
