-- Found ament_cmake: 1.3.12 (/opt/ros/humble/share/ament_cmake/cmake)
-- Found ament_cmake_ros: 0.10.0 (/opt/ros/humble/share/ament_cmake_ros/cmake)
-- Found rclcpp: 16.0.17 (/opt/ros/humble/share/rclcpp/cmake)
-- Found rosidl_generator_c: 3.1.8 (/opt/ros/humble/share/rosidl_generator_c/cmake)
-- Found rosidl_adapter: 3.1.8 (/opt/ros/humble/share/rosidl_adapter/cmake)
-- Found rosidl_generator_cpp: 3.1.8 (/opt/ros/humble/share/rosidl_generator_cpp/cmake)
-- Using all available rosidl_typesupport_c: rosidl_typesupport_fastrtps_c;rosidl_typesupport_introspection_c
-- Using all available rosidl_typesupport_cpp: rosidl_typesupport_fastrtps_cpp;rosidl_typesupport_introspection_cpp
-- Found rmw_implementation_cmake: 6.1.2 (/opt/ros/humble/share/rmw_implementation_cmake/cmake)
-- Found rmw_fastrtps_cpp: 6.2.9 (/opt/ros/humble/share/rmw_fastrtps_cpp/cmake)
-- Using RMW implementation 'rmw_fastrtps_cpp' as default
-- Found gazebo_ros: 3.9.0 (/opt/ros/humble/share/gazebo_ros/cmake)
-- Found DART: /usr/include (Required is at least version "6.6") found components: dart 
-- Found Protobuf: /usr/lib/x86_64-linux-gnu/libprotobuf.so (found version "3.12.4") 
-- Looking for ignition-math6 -- found version 6.15.1
-- Searching for dependencies of ignition-math6
-- Looking for OGRE...
-- Found Ogre Ghadamon (1.9.0)
-- Looking for OGRE_Paging...
-- Found OGRE_Paging: optimized;/usr/lib/x86_64-linux-gnu/libOgrePaging.so;debug;/usr/lib/x86_64-linux-gnu/libOgrePaging.so
-- Looking for OGRE_Terrain...
-- Found OGRE_Terrain: optimized;/usr/lib/x86_64-linux-gnu/libOgreTerrain.so;debug;/usr/lib/x86_64-linux-gnu/libOgreTerrain.so
-- Looking for OGRE_Property...
-- Found OGRE_Property: optimized;/usr/lib/x86_64-linux-gnu/libOgreProperty.so;debug;/usr/lib/x86_64-linux-gnu/libOgreProperty.so
-- Looking for OGRE_RTShaderSystem...
-- Found OGRE_RTShaderSystem: optimized;/usr/lib/x86_64-linux-gnu/libOgreRTShaderSystem.so;debug;/usr/lib/x86_64-linux-gnu/libOgreRTShaderSystem.so
-- Looking for OGRE_Volume...
-- Found OGRE_Volume: optimized;/usr/lib/x86_64-linux-gnu/libOgreVolume.so;debug;/usr/lib/x86_64-linux-gnu/libOgreVolume.so
-- Looking for OGRE_Overlay...
-- Found OGRE_Overlay: optimized;/usr/lib/x86_64-linux-gnu/libOgreOverlay.so;debug;/usr/lib/x86_64-linux-gnu/libOgreOverlay.so
-- Looking for ignition-math6 -- found version 6.15.1
-- Looking for ignition-transport8 -- found version 8.2.1
-- Searching for dependencies of ignition-transport8
-- Found Protobuf: /usr/lib/x86_64-linux-gnu/libprotobuf.so (found suitable version "3.12.4", minimum required is "3") 
-- Config-file not installed for ZeroMQ -- checking for pkg-config
-- Checking for module 'libzmq >= 4'
--   Found libzmq , version 4.3.4
-- Checking for module 'uuid'
--   Found uuid, version 2.37.2
-- Looking for ignition-msgs5 -- found version 5.8.1
-- Searching for dependencies of ignition-msgs5
-- Looking for ignition-math6 -- found version 6.15.1
-- Checking for module 'tinyxml2'
--   Found tinyxml2, version 9.0.0
-- Looking for ignition-msgs5 -- found version 5.8.1
-- Looking for ignition-common3 -- found version 3.14.0
-- Searching for dependencies of ignition-common3
-- Looking for dlfcn.h - found
-- Looking for libdl - found
-- Searching for <ignition-common3> component [graphics]
-- Looking for ignition-common3-graphics -- found version 3.14.0
-- Searching for dependencies of ignition-common3-graphics
-- Looking for ignition-math6 -- found version 6.15.1
-- Looking for ignition-fuel_tools4 -- found version 4.4.0
-- Searching for dependencies of ignition-fuel_tools4
-- Checking for module 'jsoncpp'
--   Found jsoncpp, version 1.9.5
-- Checking for module 'libzip'
--   Found libzip, version 1.7.3
-- Looking for ignition-common3 -- found version 3.14.0
-- Looking for ignition-math6 -- found version 6.15.1
-- Looking for ignition-msgs5 -- found version 5.8.1
-- Gazebo version: 11.10
-- Found gazebo_plugins: 3.9.0 (/opt/ros/humble/share/gazebo_plugins/cmake)
-- Found sensor_msgs: 4.9.0 (/opt/ros/humble/share/sensor_msgs/cmake)
-- Found ament_lint_auto: 0.12.14 (/opt/ros/humble/share/ament_lint_auto/cmake)
-- Added test 'cppcheck' to perform static code analysis on C / C++ code
-- Configured cppcheck include dirs: /home/seatech/Projet_Quadcopter/src/EE234899-Quadcopter-Gazebo-VisualServoing/sjtu_drone_description/include;$<BUILD_INTERFACE:/home/seatech/Projet_Quadcopter/src/EE234899-Quadcopter-Gazebo-VisualServoing/sjtu_drone_description/include>
-- Configured cppcheck exclude dirs and/or files: 
-- Added test 'lint_cmake' to check CMake code style
-- Added test 'uncrustify' to check C / C++ code style
-- Configured uncrustify additional arguments: 
-- Added test 'xmllint' to check XML markup files
-- Configuring done
-- Generating done
-- Build files have been written to: /home/seatech/Projet_Quadcopter/build/sjtu_drone_description
[35m[1mConsolidate compiler generated dependencies of target plugin_drone[0m
[ 33%] [32mBuilding CXX object CMakeFiles/plugin_drone.dir/src/plugin_drone.cpp.o[0m
[ 66%] [32mBuilding CXX object CMakeFiles/plugin_drone.dir/src/pid_controller.cpp.o[0m
[100%] [32m[1mLinking CXX shared library /home/seatech/Projet_Quadcopter/src/EE234899-Quadcopter-Gazebo-VisualServoing/sjtu_drone_description/plugins/libplugin_drone.so[0m
[100%] Built target plugin_drone
-- Install configuration: ""
-- Up-to-date: /home/seatech/Projet_Quadcopter/install/sjtu_drone_description/include
-- Up-to-date: /home/seatech/Projet_Quadcopter/install/sjtu_drone_description/include/pid_controller.h
-- Up-to-date: /home/seatech/Projet_Quadcopter/install/sjtu_drone_description/include/plugin_drone.h
-- Installing: /home/seatech/Projet_Quadcopter/install/sjtu_drone_description/lib/libplugin_drone.so
-- Set runtime path of "/home/seatech/Projet_Quadcopter/install/sjtu_drone_description/lib/libplugin_drone.so" to ""
-- Up-to-date: /home/seatech/Projet_Quadcopter/install/sjtu_drone_description/share/sjtu_drone_description/environment/library_path.sh
-- Installing: /home/seatech/Projet_Quadcopter/install/sjtu_drone_description/share/sjtu_drone_description/environment/library_path.dsv
-- Up-to-date: /home/seatech/Projet_Quadcopter/install/sjtu_drone_description/share/sjtu_drone_description/models
-- Up-to-date: /home/seatech/Projet_Quadcopter/install/sjtu_drone_description/share/sjtu_drone_description/models/database.config
-- Up-to-date: /home/seatech/Projet_Quadcopter/install/sjtu_drone_description/share/sjtu_drone_description/models/sjtu_drone
-- Up-to-date: /home/seatech/Projet_Quadcopter/install/sjtu_drone_description/share/sjtu_drone_description/models/sjtu_drone/model.config
-- Up-to-date: /home/seatech/Projet_Quadcopter/install/sjtu_drone_description/share/sjtu_drone_description/models/sjtu_drone/sjtu_drone.sdf
-- Up-to-date: /home/seatech/Projet_Quadcopter/install/sjtu_drone_description/share/sjtu_drone_description/models/sjtu_drone/quadrotor_4.stl
-- Up-to-date: /home/seatech/Projet_Quadcopter/install/sjtu_drone_description/share/sjtu_drone_description/models/sjtu_drone/quadrotor_4.dae
-- Up-to-date: /home/seatech/Projet_Quadcopter/install/sjtu_drone_description/share/sjtu_drone_description/urdf
-- Up-to-date: /home/seatech/Projet_Quadcopter/install/sjtu_drone_description/share/sjtu_drone_description/urdf/sjtu_drone.urdf
-- Up-to-date: /home/seatech/Projet_Quadcopter/install/sjtu_drone_description/share/sjtu_drone_description/urdf/sjtu_drone.urdf.xacro
-- Up-to-date: /home/seatech/Projet_Quadcopter/install/sjtu_drone_description/share/sjtu_drone_description/worlds
-- Up-to-date: /home/seatech/Projet_Quadcopter/install/sjtu_drone_description/share/sjtu_drone_description/worlds/skenario1_3.world
-- Up-to-date: /home/seatech/Projet_Quadcopter/install/sjtu_drone_description/share/sjtu_drone_description/worlds/skenario2.world
-- Up-to-date: /home/seatech/Projet_Quadcopter/install/sjtu_drone_description/share/sjtu_drone_description/worlds/small_city.world
-- Up-to-date: /home/seatech/Projet_Quadcopter/install/sjtu_drone_description/share/sjtu_drone_description/worlds/playground.world
-- Up-to-date: /home/seatech/Projet_Quadcopter/install/sjtu_drone_description/share/sjtu_drone_description/worlds/skenario3_2.world
-- Up-to-date: /home/seatech/Projet_Quadcopter/install/sjtu_drone_description/share/ament_index/resource_index/package_run_dependencies/sjtu_drone_description
-- Installing: /home/seatech/Projet_Quadcopter/install/sjtu_drone_description/share/ament_index/resource_index/parent_prefix_path/sjtu_drone_description
-- Up-to-date: /home/seatech/Projet_Quadcopter/install/sjtu_drone_description/share/sjtu_drone_description/environment/ament_prefix_path.sh
-- Installing: /home/seatech/Projet_Quadcopter/install/sjtu_drone_description/share/sjtu_drone_description/environment/ament_prefix_path.dsv
-- Up-to-date: /home/seatech/Projet_Quadcopter/install/sjtu_drone_description/share/sjtu_drone_description/environment/path.sh
-- Installing: /home/seatech/Projet_Quadcopter/install/sjtu_drone_description/share/sjtu_drone_description/environment/path.dsv
-- Up-to-date: /home/seatech/Projet_Quadcopter/install/sjtu_drone_description/share/sjtu_drone_description/local_setup.bash
-- Up-to-date: /home/seatech/Projet_Quadcopter/install/sjtu_drone_description/share/sjtu_drone_description/local_setup.sh
-- Up-to-date: /home/seatech/Projet_Quadcopter/install/sjtu_drone_description/share/sjtu_drone_description/local_setup.zsh
-- Installing: /home/seatech/Projet_Quadcopter/install/sjtu_drone_description/share/sjtu_drone_description/local_setup.dsv
-- Installing: /home/seatech/Projet_Quadcopter/install/sjtu_drone_description/share/sjtu_drone_description/package.dsv
-- Up-to-date: /home/seatech/Projet_Quadcopter/install/sjtu_drone_description/share/ament_index/resource_index/packages/sjtu_drone_description
-- Old export file "/home/seatech/Projet_Quadcopter/install/sjtu_drone_description/share/sjtu_drone_description/cmake/export_sjtu_drone_descriptionExport.cmake" will be replaced.  Removing files [/home/seatech/Projet_Quadcopter/install/sjtu_drone_description/share/sjtu_drone_description/cmake/export_sjtu_drone_descriptionExport-noconfig.cmake].
-- Installing: /home/seatech/Projet_Quadcopter/install/sjtu_drone_description/share/sjtu_drone_description/cmake/export_sjtu_drone_descriptionExport.cmake
-- Installing: /home/seatech/Projet_Quadcopter/install/sjtu_drone_description/share/sjtu_drone_description/cmake/export_sjtu_drone_descriptionExport-noconfig.cmake
-- Up-to-date: /home/seatech/Projet_Quadcopter/install/sjtu_drone_description/share/sjtu_drone_description/cmake/ament_cmake_export_include_directories-extras.cmake
-- Up-to-date: /home/seatech/Projet_Quadcopter/install/sjtu_drone_description/share/sjtu_drone_description/cmake/ament_cmake_export_libraries-extras.cmake
-- Up-to-date: /home/seatech/Projet_Quadcopter/install/sjtu_drone_description/share/sjtu_drone_description/cmake/ament_cmake_export_targets-extras.cmake
-- Up-to-date: /home/seatech/Projet_Quadcopter/install/sjtu_drone_description/share/sjtu_drone_description/cmake/sjtu_drone_descriptionConfig.cmake
-- Up-to-date: /home/seatech/Projet_Quadcopter/install/sjtu_drone_description/share/sjtu_drone_description/cmake/sjtu_drone_descriptionConfig-version.cmake
-- Up-to-date: /home/seatech/Projet_Quadcopter/install/sjtu_drone_description/share/sjtu_drone_description/package.xml
