[0.582s] Invoking command in '/home/seatech/Projet_Quadcopter/build/sjtu_drone_description': CMAKE_PREFIX_PATH=${CMAKE_PREFIX_PATH}:/home/seatech/ros2_ws/install/my_py_pkg:/opt/ros/humble /usr/bin/cmake /home/seatech/Projet_Quadcopter/src/EE234899-Quadcopter-Gazebo-VisualServoing/sjtu_drone_description -DCMAKE_INSTALL_PREFIX=/home/seatech/Projet_Quadcopter/install/sjtu_drone_description
[0.592s] -- Checking for module 'OGRE'
[0.598s] --   Found OGRE, version 1.9.0
[0.614s] -- Checking for module 'OGRE-Terrain'
[0.620s] --   Found OGRE-Terrain, version 1.9.0
[0.639s] -- Found ament_cmake: 1.3.12 (/opt/ros/humble/share/ament_cmake/cmake)
[0.733s] -- Found ament_cmake_ros: 0.10.0 (/opt/ros/humble/share/ament_cmake_ros/cmake)
[0.735s] -- Found rclcpp: 16.0.16 (/opt/ros/humble/share/rclcpp/cmake)
[0.757s] -- Found rosidl_generator_c: 3.1.7 (/opt/ros/humble/share/rosidl_generator_c/cmake)
[0.758s] -- Found rosidl_adapter: 3.1.7 (/opt/ros/humble/share/rosidl_adapter/cmake)
[0.762s] -- Found rosidl_generator_cpp: 3.1.7 (/opt/ros/humble/share/rosidl_generator_cpp/cmake)
[0.771s] -- Using all available rosidl_typesupport_c: rosidl_typesupport_fastrtps_c;rosidl_typesupport_introspection_c
[0.780s] -- Using all available rosidl_typesupport_cpp: rosidl_typesupport_fastrtps_cpp;rosidl_typesupport_introspection_cpp
[0.805s] -- Found rmw_implementation_cmake: 6.1.2 (/opt/ros/humble/share/rmw_implementation_cmake/cmake)
[0.806s] -- Found rmw_fastrtps_cpp: 6.2.9 (/opt/ros/humble/share/rmw_fastrtps_cpp/cmake)
[0.889s] -- Using RMW implementation 'rmw_fastrtps_cpp' as default
[0.932s] -- Found gazebo_ros: 3.9.0 (/opt/ros/humble/share/gazebo_ros/cmake)
[0.940s] -- Checking for module 'bullet>=2.82'
[0.961s] --   Found bullet, version 3.05
[1.023s] -- Found fcl: /usr/include (found suitable version "0.7.0", minimum required is "0.5.0") 
[1.058s] -- Found assimp: /usr/include (found version "5.2.0") 
[1.086s] -- Found DART: /usr/include (Required is at least version "6.6") found components: dart 
[1.115s] -- Found Boost: /usr/lib/x86_64-linux-gnu/cmake/Boost-1.74.0/BoostConfig.cmake (found suitable version "1.74.0", minimum required is "1.40.0") found components: thread system filesystem program_options regex iostreams date_time 
[1.126s] -- Found Protobuf: /usr/lib/x86_64-linux-gnu/libprotobuf.so (found version "3.12.4") 
[1.131s] -- Looking for ignition-math6 -- found version 6.15.1
[1.141s] -- Searching for dependencies of ignition-math6
[1.143s] -- Looking for OGRE...
[1.143s] -- OGRE_PREFIX_WATCH changed.
[1.146s] -- Checking for module 'OGRE'
[1.154s] --   Found OGRE, version 1.9.0
[1.172s] -- Found Ogre Ghadamon (1.9.0)
[1.184s] -- Looking for OGRE_Paging...
[1.187s] -- Found OGRE_Paging: optimized;/usr/lib/x86_64-linux-gnu/libOgrePaging.so;debug;/usr/lib/x86_64-linux-gnu/libOgrePaging.so
[1.188s] -- Looking for OGRE_Terrain...
[1.191s] -- Found OGRE_Terrain: optimized;/usr/lib/x86_64-linux-gnu/libOgreTerrain.so;debug;/usr/lib/x86_64-linux-gnu/libOgreTerrain.so
[1.191s] -- Looking for OGRE_Property...
[1.194s] -- Found OGRE_Property: optimized;/usr/lib/x86_64-linux-gnu/libOgreProperty.so;debug;/usr/lib/x86_64-linux-gnu/libOgreProperty.so
[1.194s] -- Looking for OGRE_RTShaderSystem...
[1.197s] -- Found OGRE_RTShaderSystem: optimized;/usr/lib/x86_64-linux-gnu/libOgreRTShaderSystem.so;debug;/usr/lib/x86_64-linux-gnu/libOgreRTShaderSystem.so
[1.197s] -- Looking for OGRE_Volume...
[1.201s] -- Found OGRE_Volume: optimized;/usr/lib/x86_64-linux-gnu/libOgreVolume.so;debug;/usr/lib/x86_64-linux-gnu/libOgreVolume.so
[1.201s] -- Looking for OGRE_Overlay...
[1.208s] -- Found OGRE_Overlay: optimized;/usr/lib/x86_64-linux-gnu/libOgreOverlay.so;debug;/usr/lib/x86_64-linux-gnu/libOgreOverlay.so
[1.284s] -- Looking for ignition-math6 -- found version 6.15.1
[1.286s] -- Looking for ignition-transport8 -- found version 8.2.1
[1.286s] -- Searching for dependencies of ignition-transport8
[1.299s] -- Found Protobuf: /usr/lib/x86_64-linux-gnu/libprotobuf.so (found suitable version "3.12.4", minimum required is "3") 
[1.307s] -- Config-file not installed for ZeroMQ -- checking for pkg-config
[1.310s] -- Checking for module 'libzmq >= 4'
[1.320s] --   Found libzmq , version 4.3.4
[1.339s] -- Found ZeroMQ: TRUE (Required is at least version "4") 
[1.344s] -- Checking for module 'uuid'
[1.352s] --   Found uuid, version 2.37.2
[1.370s] -- Found UUID: TRUE  
[1.372s] -- Looking for ignition-msgs5 -- found version 5.8.1
[1.372s] -- Searching for dependencies of ignition-msgs5
[1.385s] -- Looking for ignition-math6 -- found version 6.15.1
[1.388s] -- Checking for module 'tinyxml2'
[1.396s] --   Found tinyxml2, version 9.0.0
[1.413s] -- Looking for ignition-msgs5 -- found version 5.8.1
[1.415s] -- Looking for ignition-common3 -- found version 3.14.0
[1.415s] -- Searching for dependencies of ignition-common3
[1.416s] -- Looking for dlfcn.h - found
[1.418s] -- Looking for libdl - found
[1.418s] -- Found DL: TRUE  
[1.425s] -- Found tinyobjloader: /usr/lib/x86_64-linux-gnu/cmake/tinyobjloader/tinyobjloader-config.cmake (found version "2.0.0") 
[1.425s] -- Searching for <ignition-common3> component [graphics]
[1.426s] -- Looking for ignition-common3-graphics -- found version 3.14.0
[1.427s] -- Searching for dependencies of ignition-common3-graphics
[1.427s] -- Looking for ignition-math6 -- found version 6.15.1
[1.429s] -- Looking for ignition-fuel_tools4 -- found version 4.4.0
[1.429s] -- Searching for dependencies of ignition-fuel_tools4
[1.477s] -- Found CURL: /usr/lib/x86_64-linux-gnu/libcurl.so (found version "7.81.0")  
[1.486s] -- Checking for module 'jsoncpp'
[1.494s] --   Found jsoncpp, version 1.9.5
[1.511s] -- Found JSONCPP: TRUE  
[1.515s] -- Checking for module 'libzip'
[1.523s] --   Found libzip, version 1.7.3
[1.541s] -- Found ZIP: TRUE  
[1.541s] -- Looking for ignition-common3 -- found version 3.14.0
[1.542s] -- Looking for ignition-math6 -- found version 6.15.1
[1.542s] -- Looking for ignition-msgs5 -- found version 5.8.1
[1.546s] -- Gazebo version: 11.10
[1.547s] -- Checking for module 'tbb'
[1.555s] --   Found tbb, version 2021.5.0
[1.574s] -- Found gazebo_plugins: 3.9.0 (/opt/ros/humble/share/gazebo_plugins/cmake)
[1.637s] -- Found sensor_msgs: 4.9.0 (/opt/ros/humble/share/sensor_msgs/cmake)
[1.665s] -- Found ament_lint_auto: 0.12.14 (/opt/ros/humble/share/ament_lint_auto/cmake)
[1.738s] -- Added test 'cppcheck' to perform static code analysis on C / C++ code
[1.738s] -- Configured cppcheck include dirs: /home/seatech/Projet_Quadcopter/src/EE234899-Quadcopter-Gazebo-VisualServoing/sjtu_drone_description/include;$<BUILD_INTERFACE:/home/seatech/Projet_Quadcopter/src/EE234899-Quadcopter-Gazebo-VisualServoing/sjtu_drone_description/include>
[1.738s] -- Configured cppcheck exclude dirs and/or files: 
[1.740s] -- Added test 'lint_cmake' to check CMake code style
[1.741s] -- Added test 'uncrustify' to check C / C++ code style
[1.741s] -- Configured uncrustify additional arguments: 
[1.742s] -- Added test 'xmllint' to check XML markup files
[1.747s] -- Configuring done
[1.794s] -- Generating done
[1.799s] -- Build files have been written to: /home/seatech/Projet_Quadcopter/build/sjtu_drone_description
[1.807s] Invoked command in '/home/seatech/Projet_Quadcopter/build/sjtu_drone_description' returned '0': CMAKE_PREFIX_PATH=${CMAKE_PREFIX_PATH}:/home/seatech/ros2_ws/install/my_py_pkg:/opt/ros/humble /usr/bin/cmake /home/seatech/Projet_Quadcopter/src/EE234899-Quadcopter-Gazebo-VisualServoing/sjtu_drone_description -DCMAKE_INSTALL_PREFIX=/home/seatech/Projet_Quadcopter/install/sjtu_drone_description
[1.807s] Invoking command in '/home/seatech/Projet_Quadcopter/build/sjtu_drone_description': CMAKE_PREFIX_PATH=${CMAKE_PREFIX_PATH}:/home/seatech/ros2_ws/install/my_py_pkg:/opt/ros/humble /usr/bin/cmake --build /home/seatech/Projet_Quadcopter/build/sjtu_drone_description -- -j4 -l4
[1.839s] [ 33%] [32mBuilding CXX object CMakeFiles/plugin_drone.dir/src/plugin_drone.cpp.o[0m
[1.840s] [ 66%] [32mBuilding CXX object CMakeFiles/plugin_drone.dir/src/pid_controller.cpp.o[0m
[24.959s] [100%] [32m[1mLinking CXX shared library /home/seatech/Projet_Quadcopter/src/EE234899-Quadcopter-Gazebo-VisualServoing/sjtu_drone_description/plugins/libplugin_drone.so[0m
[26.239s] [100%] Built target plugin_drone
[26.246s] Invoked command in '/home/seatech/Projet_Quadcopter/build/sjtu_drone_description' returned '0': CMAKE_PREFIX_PATH=${CMAKE_PREFIX_PATH}:/home/seatech/ros2_ws/install/my_py_pkg:/opt/ros/humble /usr/bin/cmake --build /home/seatech/Projet_Quadcopter/build/sjtu_drone_description -- -j4 -l4
[26.252s] Invoking command in '/home/seatech/Projet_Quadcopter/build/sjtu_drone_description': CMAKE_PREFIX_PATH=${CMAKE_PREFIX_PATH}:/home/seatech/ros2_ws/install/my_py_pkg:/opt/ros/humble /usr/bin/cmake --install /home/seatech/Projet_Quadcopter/build/sjtu_drone_description
[26.256s] -- Install configuration: ""
[26.256s] -- Installing: /home/seatech/Projet_Quadcopter/install/sjtu_drone_description/include
[26.256s] -- Installing: /home/seatech/Projet_Quadcopter/install/sjtu_drone_description/include/pid_controller.h
[26.256s] -- Installing: /home/seatech/Projet_Quadcopter/install/sjtu_drone_description/include/plugin_drone.h
[26.256s] -- Installing: /home/seatech/Projet_Quadcopter/install/sjtu_drone_description/lib/libplugin_drone.so
[26.268s] -- Set runtime path of "/home/seatech/Projet_Quadcopter/install/sjtu_drone_description/lib/libplugin_drone.so" to ""
[26.268s] -- Installing: /home/seatech/Projet_Quadcopter/install/sjtu_drone_description/share/sjtu_drone_description/environment/library_path.sh
[26.268s] -- Installing: /home/seatech/Projet_Quadcopter/install/sjtu_drone_description/share/sjtu_drone_description/environment/library_path.dsv
[26.268s] -- Installing: /home/seatech/Projet_Quadcopter/install/sjtu_drone_description/share/sjtu_drone_description/models
[26.269s] -- Installing: /home/seatech/Projet_Quadcopter/install/sjtu_drone_description/share/sjtu_drone_description/models/database.config
[26.269s] -- Installing: /home/seatech/Projet_Quadcopter/install/sjtu_drone_description/share/sjtu_drone_description/models/sjtu_drone
[26.269s] -- Installing: /home/seatech/Projet_Quadcopter/install/sjtu_drone_description/share/sjtu_drone_description/models/sjtu_drone/model.config
[26.269s] -- Installing: /home/seatech/Projet_Quadcopter/install/sjtu_drone_description/share/sjtu_drone_description/models/sjtu_drone/sjtu_drone.sdf
[26.269s] -- Installing: /home/seatech/Projet_Quadcopter/install/sjtu_drone_description/share/sjtu_drone_description/models/sjtu_drone/quadrotor_4.stl
[26.270s] -- Installing: /home/seatech/Projet_Quadcopter/install/sjtu_drone_description/share/sjtu_drone_description/models/sjtu_drone/quadrotor_4.dae
[26.270s] -- Installing: /home/seatech/Projet_Quadcopter/install/sjtu_drone_description/share/sjtu_drone_description/urdf
[26.270s] -- Installing: /home/seatech/Projet_Quadcopter/install/sjtu_drone_description/share/sjtu_drone_description/urdf/sjtu_drone.urdf
[26.270s] -- Installing: /home/seatech/Projet_Quadcopter/install/sjtu_drone_description/share/sjtu_drone_description/urdf/sjtu_drone.urdf.xacro
[26.270s] -- Installing: /home/seatech/Projet_Quadcopter/install/sjtu_drone_description/share/sjtu_drone_description/worlds
[26.270s] -- Installing: /home/seatech/Projet_Quadcopter/install/sjtu_drone_description/share/sjtu_drone_description/worlds/skenario1_3.world
[26.271s] -- Installing: /home/seatech/Projet_Quadcopter/install/sjtu_drone_description/share/sjtu_drone_description/worlds/skenario2.world
[26.271s] -- Installing: /home/seatech/Projet_Quadcopter/install/sjtu_drone_description/share/sjtu_drone_description/worlds/small_city.world
[26.271s] -- Installing: /home/seatech/Projet_Quadcopter/install/sjtu_drone_description/share/sjtu_drone_description/worlds/playground.world
[26.271s] -- Installing: /home/seatech/Projet_Quadcopter/install/sjtu_drone_description/share/sjtu_drone_description/worlds/skenario3_2.world
[26.271s] -- Installing: /home/seatech/Projet_Quadcopter/install/sjtu_drone_description/share/ament_index/resource_index/package_run_dependencies/sjtu_drone_description
[26.271s] -- Installing: /home/seatech/Projet_Quadcopter/install/sjtu_drone_description/share/ament_index/resource_index/parent_prefix_path/sjtu_drone_description
[26.272s] -- Installing: /home/seatech/Projet_Quadcopter/install/sjtu_drone_description/share/sjtu_drone_description/environment/ament_prefix_path.sh
[26.272s] -- Installing: /home/seatech/Projet_Quadcopter/install/sjtu_drone_description/share/sjtu_drone_description/environment/ament_prefix_path.dsv
[26.272s] -- Installing: /home/seatech/Projet_Quadcopter/install/sjtu_drone_description/share/sjtu_drone_description/environment/path.sh
[26.272s] -- Installing: /home/seatech/Projet_Quadcopter/install/sjtu_drone_description/share/sjtu_drone_description/environment/path.dsv
[26.272s] -- Installing: /home/seatech/Projet_Quadcopter/install/sjtu_drone_description/share/sjtu_drone_description/local_setup.bash
[26.272s] -- Installing: /home/seatech/Projet_Quadcopter/install/sjtu_drone_description/share/sjtu_drone_description/local_setup.sh
[26.272s] -- Installing: /home/seatech/Projet_Quadcopter/install/sjtu_drone_description/share/sjtu_drone_description/local_setup.zsh
[26.272s] -- Installing: /home/seatech/Projet_Quadcopter/install/sjtu_drone_description/share/sjtu_drone_description/local_setup.dsv
[26.273s] -- Installing: /home/seatech/Projet_Quadcopter/install/sjtu_drone_description/share/sjtu_drone_description/package.dsv
[26.273s] -- Installing: /home/seatech/Projet_Quadcopter/install/sjtu_drone_description/share/ament_index/resource_index/packages/sjtu_drone_description
[26.273s] -- Installing: /home/seatech/Projet_Quadcopter/install/sjtu_drone_description/share/sjtu_drone_description/cmake/export_sjtu_drone_descriptionExport.cmake
[26.273s] -- Installing: /home/seatech/Projet_Quadcopter/install/sjtu_drone_description/share/sjtu_drone_description/cmake/export_sjtu_drone_descriptionExport-noconfig.cmake
[26.273s] -- Installing: /home/seatech/Projet_Quadcopter/install/sjtu_drone_description/share/sjtu_drone_description/cmake/ament_cmake_export_include_directories-extras.cmake
[26.273s] -- Installing: /home/seatech/Projet_Quadcopter/install/sjtu_drone_description/share/sjtu_drone_description/cmake/ament_cmake_export_libraries-extras.cmake
[26.273s] -- Installing: /home/seatech/Projet_Quadcopter/install/sjtu_drone_description/share/sjtu_drone_description/cmake/ament_cmake_export_targets-extras.cmake
[26.274s] -- Installing: /home/seatech/Projet_Quadcopter/install/sjtu_drone_description/share/sjtu_drone_description/cmake/sjtu_drone_descriptionConfig.cmake
[26.274s] -- Installing: /home/seatech/Projet_Quadcopter/install/sjtu_drone_description/share/sjtu_drone_description/cmake/sjtu_drone_descriptionConfig-version.cmake
[26.274s] -- Installing: /home/seatech/Projet_Quadcopter/install/sjtu_drone_description/share/sjtu_drone_description/package.xml
[26.276s] Invoked command in '/home/seatech/Projet_Quadcopter/build/sjtu_drone_description' returned '0': CMAKE_PREFIX_PATH=${CMAKE_PREFIX_PATH}:/home/seatech/ros2_ws/install/my_py_pkg:/opt/ros/humble /usr/bin/cmake --install /home/seatech/Projet_Quadcopter/build/sjtu_drone_description
