[0.126s] DEBUG:colcon:Command line arguments: ['/usr/bin/colcon', 'build']
[0.126s] DEBUG:colcon:Parsed command line arguments: Namespace(log_base=None, log_level=None, verb_name='build', build_base='build', install_base='install', merge_install=False, symlink_install=False, test_result_base=None, continue_on_error=False, executor='parallel', parallel_workers=4, event_handlers=None, ignore_user_meta=False, metas=['./colcon.meta'], base_paths=['.'], packages_ignore=None, packages_ignore_regex=None, paths=None, packages_up_to=None, packages_up_to_regex=None, packages_above=None, packages_above_and_dependencies=None, packages_above_depth=None, packages_select_by_dep=None, packages_skip_by_dep=None, packages_skip_up_to=None, packages_select_build_failed=False, packages_skip_build_finished=False, packages_select_test_failures=False, packages_skip_test_passed=False, packages_select=None, packages_skip=None, packages_select_regex=None, packages_skip_regex=None, packages_start=None, packages_end=None, allow_overriding=[], cmake_args=None, cmake_target=None, cmake_target_skip_unavailable=False, cmake_clean_cache=False, cmake_clean_first=False, cmake_force_configure=False, ament_cmake_args=None, catkin_cmake_args=None, catkin_skip_building_tests=False, verb_parser=<colcon_defaults.argument_parser.defaults.DefaultArgumentsDecorator object at 0x7fdb89e5f5e0>, verb_extension=<colcon_core.verb.build.BuildVerb object at 0x7fdb89e5e530>, main=<bound method BuildVerb.main of <colcon_core.verb.build.BuildVerb object at 0x7fdb89e5e530>>)
[0.398s] Level 1:colcon.colcon_core.package_discovery:discover_packages(colcon_meta) check parameters
[0.399s] Level 1:colcon.colcon_core.package_discovery:discover_packages(recursive) check parameters
[0.399s] Level 1:colcon.colcon_core.package_discovery:discover_packages(ignore) check parameters
[0.399s] Level 1:colcon.colcon_core.package_discovery:discover_packages(path) check parameters
[0.399s] Level 1:colcon.colcon_core.package_discovery:discover_packages(colcon_meta) discover
[0.399s] Level 1:colcon.colcon_core.package_discovery:discover_packages(recursive) discover
[0.399s] INFO:colcon.colcon_core.package_discovery:Crawling recursively for packages in '/home/seatech/Projet_Quadcopter'
[0.399s] Level 1:colcon.colcon_core.package_identification:_identify(.) by extensions ['ignore', 'ignore_ament_install']
[0.400s] Level 1:colcon.colcon_core.package_identification:_identify(.) by extension 'ignore'
[0.400s] Level 1:colcon.colcon_core.package_identification:_identify(.) by extension 'ignore_ament_install'
[0.400s] Level 1:colcon.colcon_core.package_identification:_identify(.) by extensions ['colcon_pkg']
[0.400s] Level 1:colcon.colcon_core.package_identification:_identify(.) by extension 'colcon_pkg'
[0.400s] Level 1:colcon.colcon_core.package_identification:_identify(.) by extensions ['colcon_meta']
[0.400s] Level 1:colcon.colcon_core.package_identification:_identify(.) by extension 'colcon_meta'
[0.400s] Level 1:colcon.colcon_core.package_identification:_identify(.) by extensions ['ros']
[0.401s] Level 1:colcon.colcon_core.package_identification:_identify(.) by extension 'ros'
[0.416s] Level 1:colcon.colcon_core.package_identification:_identify(.) by extensions ['cmake', 'python']
[0.416s] Level 1:colcon.colcon_core.package_identification:_identify(.) by extension 'cmake'
[0.416s] Level 1:colcon.colcon_core.package_identification:_identify(.) by extension 'python'
[0.416s] Level 1:colcon.colcon_core.package_identification:_identify(.) by extensions ['python_setup_py']
[0.416s] Level 1:colcon.colcon_core.package_identification:_identify(.) by extension 'python_setup_py'
[0.417s] Level 1:colcon.colcon_core.package_identification:_identify(Presentation) by extensions ['ignore', 'ignore_ament_install']
[0.417s] Level 1:colcon.colcon_core.package_identification:_identify(Presentation) by extension 'ignore'
[0.417s] Level 1:colcon.colcon_core.package_identification:_identify(Presentation) by extension 'ignore_ament_install'
[0.417s] Level 1:colcon.colcon_core.package_identification:_identify(Presentation) by extensions ['colcon_pkg']
[0.418s] Level 1:colcon.colcon_core.package_identification:_identify(Presentation) by extension 'colcon_pkg'
[0.418s] Level 1:colcon.colcon_core.package_identification:_identify(Presentation) by extensions ['colcon_meta']
[0.418s] Level 1:colcon.colcon_core.package_identification:_identify(Presentation) by extension 'colcon_meta'
[0.418s] Level 1:colcon.colcon_core.package_identification:_identify(Presentation) by extensions ['ros']
[0.418s] Level 1:colcon.colcon_core.package_identification:_identify(Presentation) by extension 'ros'
[0.418s] Level 1:colcon.colcon_core.package_identification:_identify(Presentation) by extensions ['cmake', 'python']
[0.418s] Level 1:colcon.colcon_core.package_identification:_identify(Presentation) by extension 'cmake'
[0.418s] Level 1:colcon.colcon_core.package_identification:_identify(Presentation) by extension 'python'
[0.418s] Level 1:colcon.colcon_core.package_identification:_identify(Presentation) by extensions ['python_setup_py']
[0.418s] Level 1:colcon.colcon_core.package_identification:_identify(Presentation) by extension 'python_setup_py'
[0.419s] Level 1:colcon.colcon_core.package_identification:_identify(build) by extensions ['ignore', 'ignore_ament_install']
[0.419s] Level 1:colcon.colcon_core.package_identification:_identify(build) by extension 'ignore'
[0.419s] Level 1:colcon.colcon_core.package_identification:_identify(build) ignored
[0.420s] Level 1:colcon.colcon_core.package_identification:_identify(install) by extensions ['ignore', 'ignore_ament_install']
[0.420s] Level 1:colcon.colcon_core.package_identification:_identify(install) by extension 'ignore'
[0.420s] Level 1:colcon.colcon_core.package_identification:_identify(install) ignored
[0.420s] Level 1:colcon.colcon_core.package_identification:_identify(log) by extensions ['ignore', 'ignore_ament_install']
[0.420s] Level 1:colcon.colcon_core.package_identification:_identify(log) by extension 'ignore'
[0.420s] Level 1:colcon.colcon_core.package_identification:_identify(log) ignored
[0.420s] Level 1:colcon.colcon_core.package_identification:_identify(src) by extensions ['ignore', 'ignore_ament_install']
[0.420s] Level 1:colcon.colcon_core.package_identification:_identify(src) by extension 'ignore'
[0.420s] Level 1:colcon.colcon_core.package_identification:_identify(src) by extension 'ignore_ament_install'
[0.421s] Level 1:colcon.colcon_core.package_identification:_identify(src) by extensions ['colcon_pkg']
[0.421s] Level 1:colcon.colcon_core.package_identification:_identify(src) by extension 'colcon_pkg'
[0.421s] Level 1:colcon.colcon_core.package_identification:_identify(src) by extensions ['colcon_meta']
[0.421s] Level 1:colcon.colcon_core.package_identification:_identify(src) by extension 'colcon_meta'
[0.421s] Level 1:colcon.colcon_core.package_identification:_identify(src) by extensions ['ros']
[0.421s] Level 1:colcon.colcon_core.package_identification:_identify(src) by extension 'ros'
[0.421s] Level 1:colcon.colcon_core.package_identification:_identify(src) by extensions ['cmake', 'python']
[0.421s] Level 1:colcon.colcon_core.package_identification:_identify(src) by extension 'cmake'
[0.421s] Level 1:colcon.colcon_core.package_identification:_identify(src) by extension 'python'
[0.421s] Level 1:colcon.colcon_core.package_identification:_identify(src) by extensions ['python_setup_py']
[0.421s] Level 1:colcon.colcon_core.package_identification:_identify(src) by extension 'python_setup_py'
[0.421s] Level 1:colcon.colcon_core.package_identification:_identify(src/EE234899-Quadcopter-Gazebo-VisualServoing) by extensions ['ignore', 'ignore_ament_install']
[0.421s] Level 1:colcon.colcon_core.package_identification:_identify(src/EE234899-Quadcopter-Gazebo-VisualServoing) by extension 'ignore'
[0.421s] Level 1:colcon.colcon_core.package_identification:_identify(src/EE234899-Quadcopter-Gazebo-VisualServoing) by extension 'ignore_ament_install'
[0.421s] Level 1:colcon.colcon_core.package_identification:_identify(src/EE234899-Quadcopter-Gazebo-VisualServoing) by extensions ['colcon_pkg']
[0.421s] Level 1:colcon.colcon_core.package_identification:_identify(src/EE234899-Quadcopter-Gazebo-VisualServoing) by extension 'colcon_pkg'
[0.421s] Level 1:colcon.colcon_core.package_identification:_identify(src/EE234899-Quadcopter-Gazebo-VisualServoing) by extensions ['colcon_meta']
[0.421s] Level 1:colcon.colcon_core.package_identification:_identify(src/EE234899-Quadcopter-Gazebo-VisualServoing) by extension 'colcon_meta'
[0.421s] Level 1:colcon.colcon_core.package_identification:_identify(src/EE234899-Quadcopter-Gazebo-VisualServoing) by extensions ['ros']
[0.421s] Level 1:colcon.colcon_core.package_identification:_identify(src/EE234899-Quadcopter-Gazebo-VisualServoing) by extension 'ros'
[0.422s] Level 1:colcon.colcon_core.package_identification:_identify(src/EE234899-Quadcopter-Gazebo-VisualServoing) by extensions ['cmake', 'python']
[0.422s] Level 1:colcon.colcon_core.package_identification:_identify(src/EE234899-Quadcopter-Gazebo-VisualServoing) by extension 'cmake'
[0.422s] Level 1:colcon.colcon_core.package_identification:_identify(src/EE234899-Quadcopter-Gazebo-VisualServoing) by extension 'python'
[0.422s] Level 1:colcon.colcon_core.package_identification:_identify(src/EE234899-Quadcopter-Gazebo-VisualServoing) by extensions ['python_setup_py']
[0.422s] Level 1:colcon.colcon_core.package_identification:_identify(src/EE234899-Quadcopter-Gazebo-VisualServoing) by extension 'python_setup_py'
[0.423s] Level 1:colcon.colcon_core.package_identification:_identify(src/EE234899-Quadcopter-Gazebo-VisualServoing/build) by extensions ['ignore', 'ignore_ament_install']
[0.423s] Level 1:colcon.colcon_core.package_identification:_identify(src/EE234899-Quadcopter-Gazebo-VisualServoing/build) by extension 'ignore'
[0.423s] Level 1:colcon.colcon_core.package_identification:_identify(src/EE234899-Quadcopter-Gazebo-VisualServoing/build) ignored
[0.423s] Level 1:colcon.colcon_core.package_identification:_identify(src/EE234899-Quadcopter-Gazebo-VisualServoing/camera_control) by extensions ['ignore', 'ignore_ament_install']
[0.424s] Level 1:colcon.colcon_core.package_identification:_identify(src/EE234899-Quadcopter-Gazebo-VisualServoing/camera_control) by extension 'ignore'
[0.424s] Level 1:colcon.colcon_core.package_identification:_identify(src/EE234899-Quadcopter-Gazebo-VisualServoing/camera_control) by extension 'ignore_ament_install'
[0.424s] Level 1:colcon.colcon_core.package_identification:_identify(src/EE234899-Quadcopter-Gazebo-VisualServoing/camera_control) by extensions ['colcon_pkg']
[0.424s] Level 1:colcon.colcon_core.package_identification:_identify(src/EE234899-Quadcopter-Gazebo-VisualServoing/camera_control) by extension 'colcon_pkg'
[0.424s] Level 1:colcon.colcon_core.package_identification:_identify(src/EE234899-Quadcopter-Gazebo-VisualServoing/camera_control) by extensions ['colcon_meta']
[0.424s] Level 1:colcon.colcon_core.package_identification:_identify(src/EE234899-Quadcopter-Gazebo-VisualServoing/camera_control) by extension 'colcon_meta'
[0.424s] Level 1:colcon.colcon_core.package_identification:_identify(src/EE234899-Quadcopter-Gazebo-VisualServoing/camera_control) by extensions ['ros']
[0.424s] Level 1:colcon.colcon_core.package_identification:_identify(src/EE234899-Quadcopter-Gazebo-VisualServoing/camera_control) by extension 'ros'
[0.430s] DEBUG:colcon.colcon_core.package_identification:Package 'src/EE234899-Quadcopter-Gazebo-VisualServoing/camera_control' with type 'ros.ament_python' and name 'camera_control'
[0.430s] Level 1:colcon.colcon_core.package_identification:_identify(src/EE234899-Quadcopter-Gazebo-VisualServoing/doc) by extensions ['ignore', 'ignore_ament_install']
[0.431s] Level 1:colcon.colcon_core.package_identification:_identify(src/EE234899-Quadcopter-Gazebo-VisualServoing/doc) by extension 'ignore'
[0.431s] Level 1:colcon.colcon_core.package_identification:_identify(src/EE234899-Quadcopter-Gazebo-VisualServoing/doc) by extension 'ignore_ament_install'
[0.431s] Level 1:colcon.colcon_core.package_identification:_identify(src/EE234899-Quadcopter-Gazebo-VisualServoing/doc) by extensions ['colcon_pkg']
[0.431s] Level 1:colcon.colcon_core.package_identification:_identify(src/EE234899-Quadcopter-Gazebo-VisualServoing/doc) by extension 'colcon_pkg'
[0.431s] Level 1:colcon.colcon_core.package_identification:_identify(src/EE234899-Quadcopter-Gazebo-VisualServoing/doc) by extensions ['colcon_meta']
[0.431s] Level 1:colcon.colcon_core.package_identification:_identify(src/EE234899-Quadcopter-Gazebo-VisualServoing/doc) by extension 'colcon_meta'
[0.431s] Level 1:colcon.colcon_core.package_identification:_identify(src/EE234899-Quadcopter-Gazebo-VisualServoing/doc) by extensions ['ros']
[0.431s] Level 1:colcon.colcon_core.package_identification:_identify(src/EE234899-Quadcopter-Gazebo-VisualServoing/doc) by extension 'ros'
[0.431s] Level 1:colcon.colcon_core.package_identification:_identify(src/EE234899-Quadcopter-Gazebo-VisualServoing/doc) by extensions ['cmake', 'python']
[0.431s] Level 1:colcon.colcon_core.package_identification:_identify(src/EE234899-Quadcopter-Gazebo-VisualServoing/doc) by extension 'cmake'
[0.431s] Level 1:colcon.colcon_core.package_identification:_identify(src/EE234899-Quadcopter-Gazebo-VisualServoing/doc) by extension 'python'
[0.431s] Level 1:colcon.colcon_core.package_identification:_identify(src/EE234899-Quadcopter-Gazebo-VisualServoing/doc) by extensions ['python_setup_py']
[0.431s] Level 1:colcon.colcon_core.package_identification:_identify(src/EE234899-Quadcopter-Gazebo-VisualServoing/doc) by extension 'python_setup_py'
[0.431s] Level 1:colcon.colcon_core.package_identification:_identify(src/EE234899-Quadcopter-Gazebo-VisualServoing/drone_trajectory) by extensions ['ignore', 'ignore_ament_install']
[0.431s] Level 1:colcon.colcon_core.package_identification:_identify(src/EE234899-Quadcopter-Gazebo-VisualServoing/drone_trajectory) by extension 'ignore'
[0.431s] Level 1:colcon.colcon_core.package_identification:_identify(src/EE234899-Quadcopter-Gazebo-VisualServoing/drone_trajectory) by extension 'ignore_ament_install'
[0.431s] Level 1:colcon.colcon_core.package_identification:_identify(src/EE234899-Quadcopter-Gazebo-VisualServoing/drone_trajectory) by extensions ['colcon_pkg']
[0.432s] Level 1:colcon.colcon_core.package_identification:_identify(src/EE234899-Quadcopter-Gazebo-VisualServoing/drone_trajectory) by extension 'colcon_pkg'
[0.432s] Level 1:colcon.colcon_core.package_identification:_identify(src/EE234899-Quadcopter-Gazebo-VisualServoing/drone_trajectory) by extensions ['colcon_meta']
[0.432s] Level 1:colcon.colcon_core.package_identification:_identify(src/EE234899-Quadcopter-Gazebo-VisualServoing/drone_trajectory) by extension 'colcon_meta'
[0.432s] Level 1:colcon.colcon_core.package_identification:_identify(src/EE234899-Quadcopter-Gazebo-VisualServoing/drone_trajectory) by extensions ['ros']
[0.432s] Level 1:colcon.colcon_core.package_identification:_identify(src/EE234899-Quadcopter-Gazebo-VisualServoing/drone_trajectory) by extension 'ros'
[0.433s] DEBUG:colcon.colcon_core.package_identification:Found ROS schema reference in package manifest in 'src/EE234899-Quadcopter-Gazebo-VisualServoing/drone_trajectory'
[0.434s] WARNING:colcon.colcon_core.package_identification:Failed to parse ROS package manifest in 'src/EE234899-Quadcopter-Gazebo-VisualServoing/drone_trajectory': Error(s) in package 'src/EE234899-Quadcopter-Gazebo-VisualServoing/drone_trajectory/package.xml':
Invalid email "tatayoyoh@mymail" for person "seatech"
[0.434s] Level 1:colcon.colcon_core.package_identification:_identify(src/EE234899-Quadcopter-Gazebo-VisualServoing/drone_trajectory) by extensions ['cmake', 'python']
[0.434s] Level 1:colcon.colcon_core.package_identification:_identify(src/EE234899-Quadcopter-Gazebo-VisualServoing/drone_trajectory) by extension 'cmake'
[0.434s] Level 1:colcon.colcon_core.package_identification:_identify(src/EE234899-Quadcopter-Gazebo-VisualServoing/drone_trajectory) by extension 'python'
[0.435s] DEBUG:colcon.colcon_core.package_identification:Python package in 'src/EE234899-Quadcopter-Gazebo-VisualServoing/drone_trajectory' passes arguments to the setup() function which requires a different identification extension than 'python'
[0.435s] Level 1:colcon.colcon_core.package_identification:_identify(src/EE234899-Quadcopter-Gazebo-VisualServoing/drone_trajectory) by extensions ['python_setup_py']
[0.435s] Level 1:colcon.colcon_core.package_identification:_identify(src/EE234899-Quadcopter-Gazebo-VisualServoing/drone_trajectory) by extension 'python_setup_py'
[0.716s] DEBUG:colcon.colcon_core.package_identification:Package 'src/EE234899-Quadcopter-Gazebo-VisualServoing/drone_trajectory' with type 'python' and name 'drone_trajectory'
[0.717s] Level 1:colcon.colcon_core.package_identification:_identify(src/EE234899-Quadcopter-Gazebo-VisualServoing/image_subscriber) by extensions ['ignore', 'ignore_ament_install']
[0.717s] Level 1:colcon.colcon_core.package_identification:_identify(src/EE234899-Quadcopter-Gazebo-VisualServoing/image_subscriber) by extension 'ignore'
[0.717s] Level 1:colcon.colcon_core.package_identification:_identify(src/EE234899-Quadcopter-Gazebo-VisualServoing/image_subscriber) by extension 'ignore_ament_install'
[0.717s] Level 1:colcon.colcon_core.package_identification:_identify(src/EE234899-Quadcopter-Gazebo-VisualServoing/image_subscriber) by extensions ['colcon_pkg']
[0.717s] Level 1:colcon.colcon_core.package_identification:_identify(src/EE234899-Quadcopter-Gazebo-VisualServoing/image_subscriber) by extension 'colcon_pkg'
[0.717s] Level 1:colcon.colcon_core.package_identification:_identify(src/EE234899-Quadcopter-Gazebo-VisualServoing/image_subscriber) by extensions ['colcon_meta']
[0.717s] Level 1:colcon.colcon_core.package_identification:_identify(src/EE234899-Quadcopter-Gazebo-VisualServoing/image_subscriber) by extension 'colcon_meta'
[0.718s] Level 1:colcon.colcon_core.package_identification:_identify(src/EE234899-Quadcopter-Gazebo-VisualServoing/image_subscriber) by extensions ['ros']
[0.718s] Level 1:colcon.colcon_core.package_identification:_identify(src/EE234899-Quadcopter-Gazebo-VisualServoing/image_subscriber) by extension 'ros'
[0.718s] DEBUG:colcon.colcon_core.package_identification:Package 'src/EE234899-Quadcopter-Gazebo-VisualServoing/image_subscriber' with type 'ros.ament_python' and name 'image_subscriber'
[0.729s] Level 1:colcon.colcon_core.package_identification:_identify(src/EE234899-Quadcopter-Gazebo-VisualServoing/install) by extensions ['ignore', 'ignore_ament_install']
[0.729s] Level 1:colcon.colcon_core.package_identification:_identify(src/EE234899-Quadcopter-Gazebo-VisualServoing/install) by extension 'ignore'
[0.730s] Level 1:colcon.colcon_core.package_identification:_identify(src/EE234899-Quadcopter-Gazebo-VisualServoing/install) ignored
[0.732s] Level 1:colcon.colcon_core.package_identification:_identify(src/EE234899-Quadcopter-Gazebo-VisualServoing/log) by extensions ['ignore', 'ignore_ament_install']
[0.732s] Level 1:colcon.colcon_core.package_identification:_identify(src/EE234899-Quadcopter-Gazebo-VisualServoing/log) by extension 'ignore'
[0.732s] Level 1:colcon.colcon_core.package_identification:_identify(src/EE234899-Quadcopter-Gazebo-VisualServoing/log) ignored
[0.734s] Level 1:colcon.colcon_core.package_identification:_identify(src/EE234899-Quadcopter-Gazebo-VisualServoing/sjtu_drone_bringup) by extensions ['ignore', 'ignore_ament_install']
[0.734s] Level 1:colcon.colcon_core.package_identification:_identify(src/EE234899-Quadcopter-Gazebo-VisualServoing/sjtu_drone_bringup) by extension 'ignore'
[0.735s] Level 1:colcon.colcon_core.package_identification:_identify(src/EE234899-Quadcopter-Gazebo-VisualServoing/sjtu_drone_bringup) by extension 'ignore_ament_install'
[0.735s] Level 1:colcon.colcon_core.package_identification:_identify(src/EE234899-Quadcopter-Gazebo-VisualServoing/sjtu_drone_bringup) by extensions ['colcon_pkg']
[0.735s] Level 1:colcon.colcon_core.package_identification:_identify(src/EE234899-Quadcopter-Gazebo-VisualServoing/sjtu_drone_bringup) by extension 'colcon_pkg'
[0.735s] Level 1:colcon.colcon_core.package_identification:_identify(src/EE234899-Quadcopter-Gazebo-VisualServoing/sjtu_drone_bringup) by extensions ['colcon_meta']
[0.735s] Level 1:colcon.colcon_core.package_identification:_identify(src/EE234899-Quadcopter-Gazebo-VisualServoing/sjtu_drone_bringup) by extension 'colcon_meta'
[0.735s] Level 1:colcon.colcon_core.package_identification:_identify(src/EE234899-Quadcopter-Gazebo-VisualServoing/sjtu_drone_bringup) by extensions ['ros']
[0.735s] Level 1:colcon.colcon_core.package_identification:_identify(src/EE234899-Quadcopter-Gazebo-VisualServoing/sjtu_drone_bringup) by extension 'ros'
[0.737s] DEBUG:colcon.colcon_core.package_identification:Package 'src/EE234899-Quadcopter-Gazebo-VisualServoing/sjtu_drone_bringup' with type 'ros.ament_python' and name 'sjtu_drone_bringup'
[0.739s] Level 1:colcon.colcon_core.package_identification:_identify(src/EE234899-Quadcopter-Gazebo-VisualServoing/sjtu_drone_description) by extensions ['ignore', 'ignore_ament_install']
[0.739s] Level 1:colcon.colcon_core.package_identification:_identify(src/EE234899-Quadcopter-Gazebo-VisualServoing/sjtu_drone_description) by extension 'ignore'
[0.739s] Level 1:colcon.colcon_core.package_identification:_identify(src/EE234899-Quadcopter-Gazebo-VisualServoing/sjtu_drone_description) by extension 'ignore_ament_install'
[0.739s] Level 1:colcon.colcon_core.package_identification:_identify(src/EE234899-Quadcopter-Gazebo-VisualServoing/sjtu_drone_description) by extensions ['colcon_pkg']
[0.739s] Level 1:colcon.colcon_core.package_identification:_identify(src/EE234899-Quadcopter-Gazebo-VisualServoing/sjtu_drone_description) by extension 'colcon_pkg'
[0.739s] Level 1:colcon.colcon_core.package_identification:_identify(src/EE234899-Quadcopter-Gazebo-VisualServoing/sjtu_drone_description) by extensions ['colcon_meta']
[0.739s] Level 1:colcon.colcon_core.package_identification:_identify(src/EE234899-Quadcopter-Gazebo-VisualServoing/sjtu_drone_description) by extension 'colcon_meta'
[0.739s] Level 1:colcon.colcon_core.package_identification:_identify(src/EE234899-Quadcopter-Gazebo-VisualServoing/sjtu_drone_description) by extensions ['ros']
[0.739s] Level 1:colcon.colcon_core.package_identification:_identify(src/EE234899-Quadcopter-Gazebo-VisualServoing/sjtu_drone_description) by extension 'ros'
[0.740s] DEBUG:colcon.colcon_core.package_identification:Package 'src/EE234899-Quadcopter-Gazebo-VisualServoing/sjtu_drone_description' with type 'ros.ament_cmake' and name 'sjtu_drone_description'
[0.740s] Level 1:colcon.colcon_core.package_discovery:discover_packages(recursive) using defaults
[0.740s] Level 1:colcon.colcon_core.package_discovery:discover_packages(ignore) discover
[0.740s] Level 1:colcon.colcon_core.package_discovery:discover_packages(ignore) using defaults
[0.740s] Level 1:colcon.colcon_core.package_discovery:discover_packages(path) discover
[0.740s] Level 1:colcon.colcon_core.package_discovery:discover_packages(path) using defaults
[0.775s] Level 1:colcon.colcon_core.package_discovery:discover_packages(prefix_path) check parameters
[0.775s] Level 1:colcon.colcon_core.package_discovery:discover_packages(prefix_path) discover
[0.779s] DEBUG:colcon.colcon_installed_package_information.package_discovery:Found 3 installed packages in /home/seatech/ros2_ws/install
[0.782s] DEBUG:colcon.colcon_installed_package_information.package_discovery:Found 281 installed packages in /opt/ros/humble
[0.804s] Level 1:colcon.colcon_core.package_discovery:discover_packages(prefix_path) using defaults
[0.840s] Level 5:colcon.colcon_core.verb:set package 'camera_control' build argument 'cmake_args' from command line to 'None'
[0.840s] Level 5:colcon.colcon_core.verb:set package 'camera_control' build argument 'cmake_target' from command line to 'None'
[0.840s] Level 5:colcon.colcon_core.verb:set package 'camera_control' build argument 'cmake_target_skip_unavailable' from command line to 'False'
[0.840s] Level 5:colcon.colcon_core.verb:set package 'camera_control' build argument 'cmake_clean_cache' from command line to 'False'
[0.840s] Level 5:colcon.colcon_core.verb:set package 'camera_control' build argument 'cmake_clean_first' from command line to 'False'
[0.841s] Level 5:colcon.colcon_core.verb:set package 'camera_control' build argument 'cmake_force_configure' from command line to 'False'
[0.841s] Level 5:colcon.colcon_core.verb:set package 'camera_control' build argument 'ament_cmake_args' from command line to 'None'
[0.841s] Level 5:colcon.colcon_core.verb:set package 'camera_control' build argument 'catkin_cmake_args' from command line to 'None'
[0.841s] Level 5:colcon.colcon_core.verb:set package 'camera_control' build argument 'catkin_skip_building_tests' from command line to 'False'
[0.841s] DEBUG:colcon.colcon_core.verb:Building package 'camera_control' with the following arguments: {'ament_cmake_args': None, 'build_base': '/home/seatech/Projet_Quadcopter/build/camera_control', 'catkin_cmake_args': None, 'catkin_skip_building_tests': False, 'cmake_args': None, 'cmake_clean_cache': False, 'cmake_clean_first': False, 'cmake_force_configure': False, 'cmake_target': None, 'cmake_target_skip_unavailable': False, 'install_base': '/home/seatech/Projet_Quadcopter/install/camera_control', 'merge_install': False, 'path': '/home/seatech/Projet_Quadcopter/src/EE234899-Quadcopter-Gazebo-VisualServoing/camera_control', 'symlink_install': False, 'test_result_base': None}
[0.842s] Level 5:colcon.colcon_core.verb:set package 'drone_trajectory' build argument 'cmake_args' from command line to 'None'
[0.842s] Level 5:colcon.colcon_core.verb:set package 'drone_trajectory' build argument 'cmake_target' from command line to 'None'
[0.842s] Level 5:colcon.colcon_core.verb:set package 'drone_trajectory' build argument 'cmake_target_skip_unavailable' from command line to 'False'
[0.843s] Level 5:colcon.colcon_core.verb:set package 'drone_trajectory' build argument 'cmake_clean_cache' from command line to 'False'
[0.843s] Level 5:colcon.colcon_core.verb:set package 'drone_trajectory' build argument 'cmake_clean_first' from command line to 'False'
[0.843s] Level 5:colcon.colcon_core.verb:set package 'drone_trajectory' build argument 'cmake_force_configure' from command line to 'False'
[0.843s] Level 5:colcon.colcon_core.verb:set package 'drone_trajectory' build argument 'ament_cmake_args' from command line to 'None'
[0.843s] Level 5:colcon.colcon_core.verb:set package 'drone_trajectory' build argument 'catkin_cmake_args' from command line to 'None'
[0.843s] Level 5:colcon.colcon_core.verb:set package 'drone_trajectory' build argument 'catkin_skip_building_tests' from command line to 'False'
[0.843s] DEBUG:colcon.colcon_core.verb:Building package 'drone_trajectory' with the following arguments: {'ament_cmake_args': None, 'build_base': '/home/seatech/Projet_Quadcopter/build/drone_trajectory', 'catkin_cmake_args': None, 'catkin_skip_building_tests': False, 'cmake_args': None, 'cmake_clean_cache': False, 'cmake_clean_first': False, 'cmake_force_configure': False, 'cmake_target': None, 'cmake_target_skip_unavailable': False, 'install_base': '/home/seatech/Projet_Quadcopter/install/drone_trajectory', 'merge_install': False, 'path': '/home/seatech/Projet_Quadcopter/src/EE234899-Quadcopter-Gazebo-VisualServoing/drone_trajectory', 'symlink_install': False, 'test_result_base': None}
[0.843s] Level 5:colcon.colcon_core.verb:set package 'image_subscriber' build argument 'cmake_args' from command line to 'None'
[0.844s] Level 5:colcon.colcon_core.verb:set package 'image_subscriber' build argument 'cmake_target' from command line to 'None'
[0.844s] Level 5:colcon.colcon_core.verb:set package 'image_subscriber' build argument 'cmake_target_skip_unavailable' from command line to 'False'
[0.844s] Level 5:colcon.colcon_core.verb:set package 'image_subscriber' build argument 'cmake_clean_cache' from command line to 'False'
[0.844s] Level 5:colcon.colcon_core.verb:set package 'image_subscriber' build argument 'cmake_clean_first' from command line to 'False'
[0.844s] Level 5:colcon.colcon_core.verb:set package 'image_subscriber' build argument 'cmake_force_configure' from command line to 'False'
[0.844s] Level 5:colcon.colcon_core.verb:set package 'image_subscriber' build argument 'ament_cmake_args' from command line to 'None'
[0.844s] Level 5:colcon.colcon_core.verb:set package 'image_subscriber' build argument 'catkin_cmake_args' from command line to 'None'
[0.844s] Level 5:colcon.colcon_core.verb:set package 'image_subscriber' build argument 'catkin_skip_building_tests' from command line to 'False'
[0.844s] DEBUG:colcon.colcon_core.verb:Building package 'image_subscriber' with the following arguments: {'ament_cmake_args': None, 'build_base': '/home/seatech/Projet_Quadcopter/build/image_subscriber', 'catkin_cmake_args': None, 'catkin_skip_building_tests': False, 'cmake_args': None, 'cmake_clean_cache': False, 'cmake_clean_first': False, 'cmake_force_configure': False, 'cmake_target': None, 'cmake_target_skip_unavailable': False, 'install_base': '/home/seatech/Projet_Quadcopter/install/image_subscriber', 'merge_install': False, 'path': '/home/seatech/Projet_Quadcopter/src/EE234899-Quadcopter-Gazebo-VisualServoing/image_subscriber', 'symlink_install': False, 'test_result_base': None}
[0.845s] Level 5:colcon.colcon_core.verb:set package 'sjtu_drone_bringup' build argument 'cmake_args' from command line to 'None'
[0.845s] Level 5:colcon.colcon_core.verb:set package 'sjtu_drone_bringup' build argument 'cmake_target' from command line to 'None'
[0.845s] Level 5:colcon.colcon_core.verb:set package 'sjtu_drone_bringup' build argument 'cmake_target_skip_unavailable' from command line to 'False'
[0.845s] Level 5:colcon.colcon_core.verb:set package 'sjtu_drone_bringup' build argument 'cmake_clean_cache' from command line to 'False'
[0.845s] Level 5:colcon.colcon_core.verb:set package 'sjtu_drone_bringup' build argument 'cmake_clean_first' from command line to 'False'
[0.845s] Level 5:colcon.colcon_core.verb:set package 'sjtu_drone_bringup' build argument 'cmake_force_configure' from command line to 'False'
[0.845s] Level 5:colcon.colcon_core.verb:set package 'sjtu_drone_bringup' build argument 'ament_cmake_args' from command line to 'None'
[0.845s] Level 5:colcon.colcon_core.verb:set package 'sjtu_drone_bringup' build argument 'catkin_cmake_args' from command line to 'None'
[0.845s] Level 5:colcon.colcon_core.verb:set package 'sjtu_drone_bringup' build argument 'catkin_skip_building_tests' from command line to 'False'
[0.845s] DEBUG:colcon.colcon_core.verb:Building package 'sjtu_drone_bringup' with the following arguments: {'ament_cmake_args': None, 'build_base': '/home/seatech/Projet_Quadcopter/build/sjtu_drone_bringup', 'catkin_cmake_args': None, 'catkin_skip_building_tests': False, 'cmake_args': None, 'cmake_clean_cache': False, 'cmake_clean_first': False, 'cmake_force_configure': False, 'cmake_target': None, 'cmake_target_skip_unavailable': False, 'install_base': '/home/seatech/Projet_Quadcopter/install/sjtu_drone_bringup', 'merge_install': False, 'path': '/home/seatech/Projet_Quadcopter/src/EE234899-Quadcopter-Gazebo-VisualServoing/sjtu_drone_bringup', 'symlink_install': False, 'test_result_base': None}
[0.846s] Level 5:colcon.colcon_core.verb:set package 'sjtu_drone_description' build argument 'cmake_args' from command line to 'None'
[0.846s] Level 5:colcon.colcon_core.verb:set package 'sjtu_drone_description' build argument 'cmake_target' from command line to 'None'
[0.846s] Level 5:colcon.colcon_core.verb:set package 'sjtu_drone_description' build argument 'cmake_target_skip_unavailable' from command line to 'False'
[0.846s] Level 5:colcon.colcon_core.verb:set package 'sjtu_drone_description' build argument 'cmake_clean_cache' from command line to 'False'
[0.846s] Level 5:colcon.colcon_core.verb:set package 'sjtu_drone_description' build argument 'cmake_clean_first' from command line to 'False'
[0.846s] Level 5:colcon.colcon_core.verb:set package 'sjtu_drone_description' build argument 'cmake_force_configure' from command line to 'False'
[0.846s] Level 5:colcon.colcon_core.verb:set package 'sjtu_drone_description' build argument 'ament_cmake_args' from command line to 'None'
[0.846s] Level 5:colcon.colcon_core.verb:set package 'sjtu_drone_description' build argument 'catkin_cmake_args' from command line to 'None'
[0.846s] Level 5:colcon.colcon_core.verb:set package 'sjtu_drone_description' build argument 'catkin_skip_building_tests' from command line to 'False'
[0.846s] DEBUG:colcon.colcon_core.verb:Building package 'sjtu_drone_description' with the following arguments: {'ament_cmake_args': None, 'build_base': '/home/seatech/Projet_Quadcopter/build/sjtu_drone_description', 'catkin_cmake_args': None, 'catkin_skip_building_tests': False, 'cmake_args': None, 'cmake_clean_cache': False, 'cmake_clean_first': False, 'cmake_force_configure': False, 'cmake_target': None, 'cmake_target_skip_unavailable': False, 'install_base': '/home/seatech/Projet_Quadcopter/install/sjtu_drone_description', 'merge_install': False, 'path': '/home/seatech/Projet_Quadcopter/src/EE234899-Quadcopter-Gazebo-VisualServoing/sjtu_drone_description', 'symlink_install': False, 'test_result_base': None}
[0.847s] INFO:colcon.colcon_core.executor:Executing jobs using 'parallel' executor
[0.848s] DEBUG:colcon.colcon_parallel_executor.executor.parallel:run_until_complete
[0.848s] INFO:colcon.colcon_ros.task.ament_python.build:Building ROS package in '/home/seatech/Projet_Quadcopter/src/EE234899-Quadcopter-Gazebo-VisualServoing/camera_control' with build type 'ament_python'
[0.848s] Level 1:colcon.colcon_core.shell:create_environment_hook('camera_control', 'ament_prefix_path')
[0.852s] INFO:colcon.colcon_core.plugin_system:Skipping extension 'colcon_core.shell.bat': Not used on non-Windows systems
[0.852s] INFO:colcon.colcon_core.shell:Creating environment hook '/home/seatech/Projet_Quadcopter/install/camera_control/share/camera_control/hook/ament_prefix_path.ps1'
[0.854s] INFO:colcon.colcon_core.shell:Creating environment descriptor '/home/seatech/Projet_Quadcopter/install/camera_control/share/camera_control/hook/ament_prefix_path.dsv'
[0.855s] INFO:colcon.colcon_core.shell:Creating environment hook '/home/seatech/Projet_Quadcopter/install/camera_control/share/camera_control/hook/ament_prefix_path.sh'
[0.857s] INFO:colcon.colcon_core.shell:Skip shell extension 'powershell' for command environment: Not usable outside of PowerShell
[0.857s] DEBUG:colcon.colcon_core.shell:Skip shell extension 'dsv' for command environment
[0.861s] INFO:colcon.colcon_core.task.python.build:Building Python package in '/home/seatech/Projet_Quadcopter/src/EE234899-Quadcopter-Gazebo-VisualServoing/drone_trajectory'
[0.861s] INFO:colcon.colcon_core.shell:Skip shell extension 'powershell' for command environment: Not usable outside of PowerShell
[0.861s] DEBUG:colcon.colcon_core.shell:Skip shell extension 'dsv' for command environment
[0.864s] INFO:colcon.colcon_ros.task.ament_python.build:Building ROS package in '/home/seatech/Projet_Quadcopter/src/EE234899-Quadcopter-Gazebo-VisualServoing/image_subscriber' with build type 'ament_python'
[0.864s] Level 1:colcon.colcon_core.shell:create_environment_hook('image_subscriber', 'ament_prefix_path')
[0.865s] INFO:colcon.colcon_core.shell:Creating environment hook '/home/seatech/Projet_Quadcopter/install/image_subscriber/share/image_subscriber/hook/ament_prefix_path.ps1'
[0.866s] INFO:colcon.colcon_core.shell:Creating environment descriptor '/home/seatech/Projet_Quadcopter/install/image_subscriber/share/image_subscriber/hook/ament_prefix_path.dsv'
[0.867s] INFO:colcon.colcon_core.shell:Creating environment hook '/home/seatech/Projet_Quadcopter/install/image_subscriber/share/image_subscriber/hook/ament_prefix_path.sh'
[0.868s] INFO:colcon.colcon_core.shell:Skip shell extension 'powershell' for command environment: Not usable outside of PowerShell
[0.868s] DEBUG:colcon.colcon_core.shell:Skip shell extension 'dsv' for command environment
[0.871s] INFO:colcon.colcon_ros.task.ament_python.build:Building ROS package in '/home/seatech/Projet_Quadcopter/src/EE234899-Quadcopter-Gazebo-VisualServoing/sjtu_drone_bringup' with build type 'ament_python'
[0.871s] Level 1:colcon.colcon_core.shell:create_environment_hook('sjtu_drone_bringup', 'ament_prefix_path')
[0.872s] INFO:colcon.colcon_core.shell:Creating environment hook '/home/seatech/Projet_Quadcopter/install/sjtu_drone_bringup/share/sjtu_drone_bringup/hook/ament_prefix_path.ps1'
[0.872s] INFO:colcon.colcon_core.shell:Creating environment descriptor '/home/seatech/Projet_Quadcopter/install/sjtu_drone_bringup/share/sjtu_drone_bringup/hook/ament_prefix_path.dsv'
[0.873s] INFO:colcon.colcon_core.shell:Creating environment hook '/home/seatech/Projet_Quadcopter/install/sjtu_drone_bringup/share/sjtu_drone_bringup/hook/ament_prefix_path.sh'
[0.874s] INFO:colcon.colcon_core.shell:Skip shell extension 'powershell' for command environment: Not usable outside of PowerShell
[0.874s] DEBUG:colcon.colcon_core.shell:Skip shell extension 'dsv' for command environment
[1.112s] INFO:colcon.colcon_core.task.python.build:Building Python package in '/home/seatech/Projet_Quadcopter/src/EE234899-Quadcopter-Gazebo-VisualServoing/camera_control'
[1.113s] INFO:colcon.colcon_core.shell:Skip shell extension 'powershell' for command environment: Not usable outside of PowerShell
[1.113s] DEBUG:colcon.colcon_core.shell:Skip shell extension 'dsv' for command environment
[1.688s] INFO:colcon.colcon_core.task.python.build:Building Python package in '/home/seatech/Projet_Quadcopter/src/EE234899-Quadcopter-Gazebo-VisualServoing/image_subscriber'
[1.689s] INFO:colcon.colcon_core.shell:Skip shell extension 'powershell' for command environment: Not usable outside of PowerShell
[1.689s] DEBUG:colcon.colcon_core.shell:Skip shell extension 'dsv' for command environment
[1.958s] INFO:colcon.colcon_core.task.python.build:Building Python package in '/home/seatech/Projet_Quadcopter/src/EE234899-Quadcopter-Gazebo-VisualServoing/sjtu_drone_bringup'
[1.958s] INFO:colcon.colcon_core.shell:Skip shell extension 'powershell' for command environment: Not usable outside of PowerShell
[1.959s] DEBUG:colcon.colcon_core.shell:Skip shell extension 'dsv' for command environment
[1.975s] DEBUG:colcon.colcon_core.event_handler.log_command:Invoking command in '/home/seatech/Projet_Quadcopter/src/EE234899-Quadcopter-Gazebo-VisualServoing/drone_trajectory': PYTHONPATH=/home/seatech/Projet_Quadcopter/build/drone_trajectory/prefix_override:/usr/lib/python3/dist-packages/colcon_core/task/python/colcon_distutils_commands:/home/seatech/Projet_Quadcopter/install/drone_trajectory/lib/python3.10/site-packages:${PYTHONPATH} /usr/bin/python3 -W ignore:setup.py install is deprecated -W ignore:easy_install command is deprecated setup.py egg_info --egg-base ../../../build/drone_trajectory build --build-base /home/seatech/Projet_Quadcopter/build/drone_trajectory/build install --record /home/seatech/Projet_Quadcopter/build/drone_trajectory/install.log --single-version-externally-managed install_data
[2.567s] DEBUG:colcon.colcon_core.event_handler.log_command:Invoking command in '/home/seatech/Projet_Quadcopter/src/EE234899-Quadcopter-Gazebo-VisualServoing/image_subscriber': PYTHONPATH=/home/seatech/Projet_Quadcopter/build/image_subscriber/prefix_override:/usr/lib/python3/dist-packages/colcon_core/task/python/colcon_distutils_commands:/home/seatech/Projet_Quadcopter/install/image_subscriber/lib/python3.10/site-packages:${PYTHONPATH} /usr/bin/python3 -W ignore:setup.py install is deprecated -W ignore:easy_install command is deprecated setup.py egg_info --egg-base ../../../build/image_subscriber build --build-base /home/seatech/Projet_Quadcopter/build/image_subscriber/build install --record /home/seatech/Projet_Quadcopter/build/image_subscriber/install.log --install-scripts $base/lib/image_subscriber --single-version-externally-managed install_data
[2.654s] DEBUG:colcon.colcon_core.event_handler.log_command:Invoked command in '/home/seatech/Projet_Quadcopter/src/EE234899-Quadcopter-Gazebo-VisualServoing/drone_trajectory' returned '0': PYTHONPATH=/home/seatech/Projet_Quadcopter/build/drone_trajectory/prefix_override:/usr/lib/python3/dist-packages/colcon_core/task/python/colcon_distutils_commands:/home/seatech/Projet_Quadcopter/install/drone_trajectory/lib/python3.10/site-packages:${PYTHONPATH} /usr/bin/python3 -W ignore:setup.py install is deprecated -W ignore:easy_install command is deprecated setup.py egg_info --egg-base ../../../build/drone_trajectory build --build-base /home/seatech/Projet_Quadcopter/build/drone_trajectory/build install --record /home/seatech/Projet_Quadcopter/build/drone_trajectory/install.log --single-version-externally-managed install_data
[2.658s] Level 1:colcon.colcon_core.environment:checking '/home/seatech/Projet_Quadcopter/install/drone_trajectory' for CMake module files
[2.659s] Level 1:colcon.colcon_core.environment:checking '/home/seatech/Projet_Quadcopter/install/drone_trajectory' for CMake config files
[2.663s] Level 1:colcon.colcon_core.environment:checking '/home/seatech/Projet_Quadcopter/install/drone_trajectory/lib'
[2.663s] Level 1:colcon.colcon_core.environment:checking '/home/seatech/Projet_Quadcopter/install/drone_trajectory/bin'
[2.664s] Level 1:colcon.colcon_core.environment:checking '/home/seatech/Projet_Quadcopter/install/drone_trajectory/lib/pkgconfig/drone_trajectory.pc'
[2.664s] Level 1:colcon.colcon_core.environment:checking '/home/seatech/Projet_Quadcopter/install/drone_trajectory/lib/python3.10/site-packages'
[2.664s] Level 1:colcon.colcon_core.shell:create_environment_hook('drone_trajectory', 'pythonpath')
[2.665s] INFO:colcon.colcon_core.shell:Creating environment hook '/home/seatech/Projet_Quadcopter/install/drone_trajectory/share/drone_trajectory/hook/pythonpath.ps1'
[2.666s] INFO:colcon.colcon_core.shell:Creating environment descriptor '/home/seatech/Projet_Quadcopter/install/drone_trajectory/share/drone_trajectory/hook/pythonpath.dsv'
[2.666s] INFO:colcon.colcon_core.shell:Creating environment hook '/home/seatech/Projet_Quadcopter/install/drone_trajectory/share/drone_trajectory/hook/pythonpath.sh'
[2.667s] Level 1:colcon.colcon_core.environment:checking '/home/seatech/Projet_Quadcopter/install/drone_trajectory/bin'
[2.667s] Level 1:colcon.colcon_core.environment:create_environment_scripts_only(drone_trajectory)
[2.668s] INFO:colcon.colcon_core.shell:Creating package script '/home/seatech/Projet_Quadcopter/install/drone_trajectory/share/drone_trajectory/package.ps1'
[2.669s] INFO:colcon.colcon_core.shell:Creating package descriptor '/home/seatech/Projet_Quadcopter/install/drone_trajectory/share/drone_trajectory/package.dsv'
[2.669s] INFO:colcon.colcon_core.shell:Creating package script '/home/seatech/Projet_Quadcopter/install/drone_trajectory/share/drone_trajectory/package.sh'
[2.670s] INFO:colcon.colcon_core.shell:Creating package script '/home/seatech/Projet_Quadcopter/install/drone_trajectory/share/drone_trajectory/package.bash'
[2.671s] INFO:colcon.colcon_core.shell:Creating package script '/home/seatech/Projet_Quadcopter/install/drone_trajectory/share/drone_trajectory/package.zsh'
[2.672s] Level 1:colcon.colcon_core.environment:create_file_with_runtime_dependencies(/home/seatech/Projet_Quadcopter/install/drone_trajectory/share/colcon-core/packages/drone_trajectory)
[2.674s] INFO:colcon.colcon_ros.task.ament_cmake.build:Building ROS package in '/home/seatech/Projet_Quadcopter/src/EE234899-Quadcopter-Gazebo-VisualServoing/sjtu_drone_description' with build type 'ament_cmake'
[2.674s] INFO:colcon.colcon_cmake.task.cmake.build:Building CMake package in '/home/seatech/Projet_Quadcopter/src/EE234899-Quadcopter-Gazebo-VisualServoing/sjtu_drone_description'
[2.675s] INFO:colcon.colcon_core.shell:Skip shell extension 'powershell' for command environment: Not usable outside of PowerShell
[2.675s] DEBUG:colcon.colcon_core.shell:Skip shell extension 'dsv' for command environment
[2.730s] DEBUG:colcon.colcon_core.event_handler.log_command:Invoking command in '/home/seatech/Projet_Quadcopter/build/sjtu_drone_description': CMAKE_PREFIX_PATH=${CMAKE_PREFIX_PATH}:/home/seatech/ros2_ws/install/my_py_pkg:/opt/ros/humble /usr/bin/cmake --build /home/seatech/Projet_Quadcopter/build/sjtu_drone_description -- -j4 -l4
[2.748s] DEBUG:colcon.colcon_core.event_handler.log_command:Invoking command in '/home/seatech/Projet_Quadcopter/src/EE234899-Quadcopter-Gazebo-VisualServoing/camera_control': PYTHONPATH=/home/seatech/Projet_Quadcopter/build/camera_control/prefix_override:/usr/lib/python3/dist-packages/colcon_core/task/python/colcon_distutils_commands:/home/seatech/Projet_Quadcopter/install/camera_control/lib/python3.10/site-packages:${PYTHONPATH} /usr/bin/python3 -W ignore:setup.py install is deprecated -W ignore:easy_install command is deprecated setup.py egg_info --egg-base ../../../build/camera_control build --build-base /home/seatech/Projet_Quadcopter/build/camera_control/build install --record /home/seatech/Projet_Quadcopter/build/camera_control/install.log --install-scripts $base/lib/camera_control --single-version-externally-managed install_data
[2.797s] DEBUG:colcon.colcon_core.event_handler.log_command:Invoking command in '/home/seatech/Projet_Quadcopter/src/EE234899-Quadcopter-Gazebo-VisualServoing/sjtu_drone_bringup': PYTHONPATH=/home/seatech/Projet_Quadcopter/build/sjtu_drone_bringup/prefix_override:/usr/lib/python3/dist-packages/colcon_core/task/python/colcon_distutils_commands:/home/seatech/Projet_Quadcopter/install/sjtu_drone_bringup/lib/python3.10/site-packages:${PYTHONPATH} /usr/bin/python3 -W ignore:setup.py install is deprecated -W ignore:easy_install command is deprecated setup.py egg_info --egg-base ../../../build/sjtu_drone_bringup build --build-base /home/seatech/Projet_Quadcopter/build/sjtu_drone_bringup/build install --record /home/seatech/Projet_Quadcopter/build/sjtu_drone_bringup/install.log --single-version-externally-managed install_data
[2.922s] DEBUG:colcon.colcon_core.event_handler.log_command:Invoked command in '/home/seatech/Projet_Quadcopter/build/sjtu_drone_description' returned '0': CMAKE_PREFIX_PATH=${CMAKE_PREFIX_PATH}:/home/seatech/ros2_ws/install/my_py_pkg:/opt/ros/humble /usr/bin/cmake --build /home/seatech/Projet_Quadcopter/build/sjtu_drone_description -- -j4 -l4
[2.957s] DEBUG:colcon.colcon_core.event_handler.log_command:Invoking command in '/home/seatech/Projet_Quadcopter/build/sjtu_drone_description': CMAKE_PREFIX_PATH=${CMAKE_PREFIX_PATH}:/home/seatech/ros2_ws/install/my_py_pkg:/opt/ros/humble /usr/bin/cmake --install /home/seatech/Projet_Quadcopter/build/sjtu_drone_description
[3.003s] Level 1:colcon.colcon_core.environment:create_environment_scripts_only(sjtu_drone_description)
[3.003s] Level 1:colcon.colcon_core.environment:checking '/home/seatech/Projet_Quadcopter/install/sjtu_drone_description' for CMake module files
[3.004s] DEBUG:colcon.colcon_core.event_handler.log_command:Invoked command in '/home/seatech/Projet_Quadcopter/build/sjtu_drone_description' returned '0': CMAKE_PREFIX_PATH=${CMAKE_PREFIX_PATH}:/home/seatech/ros2_ws/install/my_py_pkg:/opt/ros/humble /usr/bin/cmake --install /home/seatech/Projet_Quadcopter/build/sjtu_drone_description
[3.004s] Level 1:colcon.colcon_core.environment:checking '/home/seatech/Projet_Quadcopter/install/sjtu_drone_description' for CMake config files
[3.008s] Level 1:colcon.colcon_core.shell:create_environment_hook('sjtu_drone_description', 'cmake_prefix_path')
[3.009s] INFO:colcon.colcon_core.shell:Creating environment hook '/home/seatech/Projet_Quadcopter/install/sjtu_drone_description/share/sjtu_drone_description/hook/cmake_prefix_path.ps1'
[3.011s] INFO:colcon.colcon_core.shell:Creating environment descriptor '/home/seatech/Projet_Quadcopter/install/sjtu_drone_description/share/sjtu_drone_description/hook/cmake_prefix_path.dsv'
[3.012s] INFO:colcon.colcon_core.shell:Creating environment hook '/home/seatech/Projet_Quadcopter/install/sjtu_drone_description/share/sjtu_drone_description/hook/cmake_prefix_path.sh'
[3.013s] Level 1:colcon.colcon_core.environment:checking '/home/seatech/Projet_Quadcopter/install/sjtu_drone_description/lib'
[3.014s] Level 1:colcon.colcon_core.shell:create_environment_hook('sjtu_drone_description', 'ld_library_path_lib')
[3.015s] INFO:colcon.colcon_core.shell:Creating environment hook '/home/seatech/Projet_Quadcopter/install/sjtu_drone_description/share/sjtu_drone_description/hook/ld_library_path_lib.ps1'
[3.016s] INFO:colcon.colcon_core.shell:Creating environment descriptor '/home/seatech/Projet_Quadcopter/install/sjtu_drone_description/share/sjtu_drone_description/hook/ld_library_path_lib.dsv'
[3.016s] INFO:colcon.colcon_core.shell:Creating environment hook '/home/seatech/Projet_Quadcopter/install/sjtu_drone_description/share/sjtu_drone_description/hook/ld_library_path_lib.sh'
[3.017s] Level 1:colcon.colcon_core.environment:checking '/home/seatech/Projet_Quadcopter/install/sjtu_drone_description/bin'
[3.017s] Level 1:colcon.colcon_core.environment:checking '/home/seatech/Projet_Quadcopter/install/sjtu_drone_description/lib/pkgconfig/sjtu_drone_description.pc'
[3.017s] Level 1:colcon.colcon_core.environment:checking '/home/seatech/Projet_Quadcopter/install/sjtu_drone_description/lib/python3.10/site-packages'
[3.018s] Level 1:colcon.colcon_core.environment:checking '/home/seatech/Projet_Quadcopter/install/sjtu_drone_description/bin'
[3.018s] INFO:colcon.colcon_core.shell:Creating package script '/home/seatech/Projet_Quadcopter/install/sjtu_drone_description/share/sjtu_drone_description/package.ps1'
[3.020s] INFO:colcon.colcon_core.shell:Creating package descriptor '/home/seatech/Projet_Quadcopter/install/sjtu_drone_description/share/sjtu_drone_description/package.dsv'
[3.020s] INFO:colcon.colcon_core.shell:Creating package script '/home/seatech/Projet_Quadcopter/install/sjtu_drone_description/share/sjtu_drone_description/package.sh'
[3.021s] INFO:colcon.colcon_core.shell:Creating package script '/home/seatech/Projet_Quadcopter/install/sjtu_drone_description/share/sjtu_drone_description/package.bash'
[3.021s] INFO:colcon.colcon_core.shell:Creating package script '/home/seatech/Projet_Quadcopter/install/sjtu_drone_description/share/sjtu_drone_description/package.zsh'
[3.022s] Level 1:colcon.colcon_core.environment:create_file_with_runtime_dependencies(/home/seatech/Projet_Quadcopter/install/sjtu_drone_description/share/colcon-core/packages/sjtu_drone_description)
[3.023s] Level 1:colcon.colcon_core.environment:create_environment_scripts_only(sjtu_drone_description)
[3.023s] Level 1:colcon.colcon_core.environment:checking '/home/seatech/Projet_Quadcopter/install/sjtu_drone_description' for CMake module files
[3.024s] Level 1:colcon.colcon_core.environment:checking '/home/seatech/Projet_Quadcopter/install/sjtu_drone_description' for CMake config files
[3.024s] Level 1:colcon.colcon_core.shell:create_environment_hook('sjtu_drone_description', 'cmake_prefix_path')
[3.024s] INFO:colcon.colcon_core.shell:Creating environment hook '/home/seatech/Projet_Quadcopter/install/sjtu_drone_description/share/sjtu_drone_description/hook/cmake_prefix_path.ps1'
[3.025s] INFO:colcon.colcon_core.shell:Creating environment descriptor '/home/seatech/Projet_Quadcopter/install/sjtu_drone_description/share/sjtu_drone_description/hook/cmake_prefix_path.dsv'
[3.025s] INFO:colcon.colcon_core.shell:Creating environment hook '/home/seatech/Projet_Quadcopter/install/sjtu_drone_description/share/sjtu_drone_description/hook/cmake_prefix_path.sh'
[3.026s] Level 1:colcon.colcon_core.environment:checking '/home/seatech/Projet_Quadcopter/install/sjtu_drone_description/lib'
[3.027s] Level 1:colcon.colcon_core.shell:create_environment_hook('sjtu_drone_description', 'ld_library_path_lib')
[3.027s] INFO:colcon.colcon_core.shell:Creating environment hook '/home/seatech/Projet_Quadcopter/install/sjtu_drone_description/share/sjtu_drone_description/hook/ld_library_path_lib.ps1'
[3.028s] INFO:colcon.colcon_core.shell:Creating environment descriptor '/home/seatech/Projet_Quadcopter/install/sjtu_drone_description/share/sjtu_drone_description/hook/ld_library_path_lib.dsv'
[3.035s] INFO:colcon.colcon_core.shell:Creating environment hook '/home/seatech/Projet_Quadcopter/install/sjtu_drone_description/share/sjtu_drone_description/hook/ld_library_path_lib.sh'
[3.036s] Level 1:colcon.colcon_core.environment:checking '/home/seatech/Projet_Quadcopter/install/sjtu_drone_description/bin'
[3.036s] Level 1:colcon.colcon_core.environment:checking '/home/seatech/Projet_Quadcopter/install/sjtu_drone_description/lib/pkgconfig/sjtu_drone_description.pc'
[3.037s] Level 1:colcon.colcon_core.environment:checking '/home/seatech/Projet_Quadcopter/install/sjtu_drone_description/lib/python3.10/site-packages'
[3.037s] Level 1:colcon.colcon_core.environment:checking '/home/seatech/Projet_Quadcopter/install/sjtu_drone_description/bin'
[3.037s] INFO:colcon.colcon_core.shell:Creating package script '/home/seatech/Projet_Quadcopter/install/sjtu_drone_description/share/sjtu_drone_description/package.ps1'
[3.038s] INFO:colcon.colcon_core.shell:Creating package descriptor '/home/seatech/Projet_Quadcopter/install/sjtu_drone_description/share/sjtu_drone_description/package.dsv'
[3.039s] INFO:colcon.colcon_core.shell:Creating package script '/home/seatech/Projet_Quadcopter/install/sjtu_drone_description/share/sjtu_drone_description/package.sh'
[3.040s] INFO:colcon.colcon_core.shell:Creating package script '/home/seatech/Projet_Quadcopter/install/sjtu_drone_description/share/sjtu_drone_description/package.bash'
[3.040s] INFO:colcon.colcon_core.shell:Creating package script '/home/seatech/Projet_Quadcopter/install/sjtu_drone_description/share/sjtu_drone_description/package.zsh'
[3.041s] Level 1:colcon.colcon_core.environment:create_file_with_runtime_dependencies(/home/seatech/Projet_Quadcopter/install/sjtu_drone_description/share/colcon-core/packages/sjtu_drone_description)
[3.087s] Level 1:colcon.colcon_core.environment:checking '/home/seatech/Projet_Quadcopter/install/image_subscriber' for CMake module files
[3.088s] DEBUG:colcon.colcon_core.event_handler.log_command:Invoked command in '/home/seatech/Projet_Quadcopter/src/EE234899-Quadcopter-Gazebo-VisualServoing/image_subscriber' returned '0': PYTHONPATH=/home/seatech/Projet_Quadcopter/build/image_subscriber/prefix_override:/usr/lib/python3/dist-packages/colcon_core/task/python/colcon_distutils_commands:/home/seatech/Projet_Quadcopter/install/image_subscriber/lib/python3.10/site-packages:${PYTHONPATH} /usr/bin/python3 -W ignore:setup.py install is deprecated -W ignore:easy_install command is deprecated setup.py egg_info --egg-base ../../../build/image_subscriber build --build-base /home/seatech/Projet_Quadcopter/build/image_subscriber/build install --record /home/seatech/Projet_Quadcopter/build/image_subscriber/install.log --install-scripts $base/lib/image_subscriber --single-version-externally-managed install_data
[3.089s] Level 1:colcon.colcon_core.environment:checking '/home/seatech/Projet_Quadcopter/install/image_subscriber' for CMake config files
[3.103s] Level 1:colcon.colcon_core.environment:checking '/home/seatech/Projet_Quadcopter/install/image_subscriber/lib'
[3.103s] Level 1:colcon.colcon_core.environment:checking '/home/seatech/Projet_Quadcopter/install/image_subscriber/bin'
[3.103s] Level 1:colcon.colcon_core.environment:checking '/home/seatech/Projet_Quadcopter/install/image_subscriber/lib/pkgconfig/image_subscriber.pc'
[3.103s] Level 1:colcon.colcon_core.environment:checking '/home/seatech/Projet_Quadcopter/install/image_subscriber/lib/python3.10/site-packages'
[3.103s] Level 1:colcon.colcon_core.shell:create_environment_hook('image_subscriber', 'pythonpath')
[3.104s] INFO:colcon.colcon_core.shell:Creating environment hook '/home/seatech/Projet_Quadcopter/install/image_subscriber/share/image_subscriber/hook/pythonpath.ps1'
[3.104s] INFO:colcon.colcon_core.shell:Creating environment descriptor '/home/seatech/Projet_Quadcopter/install/image_subscriber/share/image_subscriber/hook/pythonpath.dsv'
[3.105s] INFO:colcon.colcon_core.shell:Creating environment hook '/home/seatech/Projet_Quadcopter/install/image_subscriber/share/image_subscriber/hook/pythonpath.sh'
[3.106s] Level 1:colcon.colcon_core.environment:checking '/home/seatech/Projet_Quadcopter/install/image_subscriber/bin'
[3.106s] Level 1:colcon.colcon_core.environment:create_environment_scripts_only(image_subscriber)
[3.107s] INFO:colcon.colcon_core.shell:Creating package script '/home/seatech/Projet_Quadcopter/install/image_subscriber/share/image_subscriber/package.ps1'
[3.107s] INFO:colcon.colcon_core.shell:Creating package descriptor '/home/seatech/Projet_Quadcopter/install/image_subscriber/share/image_subscriber/package.dsv'
[3.108s] INFO:colcon.colcon_core.shell:Creating package script '/home/seatech/Projet_Quadcopter/install/image_subscriber/share/image_subscriber/package.sh'
[3.109s] INFO:colcon.colcon_core.shell:Creating package script '/home/seatech/Projet_Quadcopter/install/image_subscriber/share/image_subscriber/package.bash'
[3.109s] INFO:colcon.colcon_core.shell:Creating package script '/home/seatech/Projet_Quadcopter/install/image_subscriber/share/image_subscriber/package.zsh'
[3.110s] Level 1:colcon.colcon_core.environment:create_file_with_runtime_dependencies(/home/seatech/Projet_Quadcopter/install/image_subscriber/share/colcon-core/packages/image_subscriber)
[3.317s] Level 1:colcon.colcon_core.environment:checking '/home/seatech/Projet_Quadcopter/install/sjtu_drone_bringup' for CMake module files
[3.318s] DEBUG:colcon.colcon_core.event_handler.log_command:Invoked command in '/home/seatech/Projet_Quadcopter/src/EE234899-Quadcopter-Gazebo-VisualServoing/sjtu_drone_bringup' returned '0': PYTHONPATH=/home/seatech/Projet_Quadcopter/build/sjtu_drone_bringup/prefix_override:/usr/lib/python3/dist-packages/colcon_core/task/python/colcon_distutils_commands:/home/seatech/Projet_Quadcopter/install/sjtu_drone_bringup/lib/python3.10/site-packages:${PYTHONPATH} /usr/bin/python3 -W ignore:setup.py install is deprecated -W ignore:easy_install command is deprecated setup.py egg_info --egg-base ../../../build/sjtu_drone_bringup build --build-base /home/seatech/Projet_Quadcopter/build/sjtu_drone_bringup/build install --record /home/seatech/Projet_Quadcopter/build/sjtu_drone_bringup/install.log --single-version-externally-managed install_data
[3.319s] Level 1:colcon.colcon_core.environment:checking '/home/seatech/Projet_Quadcopter/install/sjtu_drone_bringup' for CMake config files
[3.323s] Level 1:colcon.colcon_core.environment:checking '/home/seatech/Projet_Quadcopter/install/sjtu_drone_bringup/lib'
[3.323s] Level 1:colcon.colcon_core.environment:checking '/home/seatech/Projet_Quadcopter/install/sjtu_drone_bringup/bin'
[3.324s] Level 1:colcon.colcon_core.environment:checking '/home/seatech/Projet_Quadcopter/install/sjtu_drone_bringup/lib/pkgconfig/sjtu_drone_bringup.pc'
[3.324s] Level 1:colcon.colcon_core.environment:checking '/home/seatech/Projet_Quadcopter/install/sjtu_drone_bringup/lib/python3.10/site-packages'
[3.325s] Level 1:colcon.colcon_core.shell:create_environment_hook('sjtu_drone_bringup', 'pythonpath')
[3.325s] INFO:colcon.colcon_core.shell:Creating environment hook '/home/seatech/Projet_Quadcopter/install/sjtu_drone_bringup/share/sjtu_drone_bringup/hook/pythonpath.ps1'
[3.326s] INFO:colcon.colcon_core.shell:Creating environment descriptor '/home/seatech/Projet_Quadcopter/install/sjtu_drone_bringup/share/sjtu_drone_bringup/hook/pythonpath.dsv'
[3.327s] INFO:colcon.colcon_core.shell:Creating environment hook '/home/seatech/Projet_Quadcopter/install/sjtu_drone_bringup/share/sjtu_drone_bringup/hook/pythonpath.sh'
[3.328s] Level 1:colcon.colcon_core.environment:checking '/home/seatech/Projet_Quadcopter/install/sjtu_drone_bringup/bin'
[3.328s] Level 1:colcon.colcon_core.environment:create_environment_scripts_only(sjtu_drone_bringup)
[3.329s] INFO:colcon.colcon_core.shell:Creating package script '/home/seatech/Projet_Quadcopter/install/sjtu_drone_bringup/share/sjtu_drone_bringup/package.ps1'
[3.329s] INFO:colcon.colcon_core.shell:Creating package descriptor '/home/seatech/Projet_Quadcopter/install/sjtu_drone_bringup/share/sjtu_drone_bringup/package.dsv'
[3.330s] INFO:colcon.colcon_core.shell:Creating package script '/home/seatech/Projet_Quadcopter/install/sjtu_drone_bringup/share/sjtu_drone_bringup/package.sh'
[3.332s] INFO:colcon.colcon_core.shell:Creating package script '/home/seatech/Projet_Quadcopter/install/sjtu_drone_bringup/share/sjtu_drone_bringup/package.bash'
[3.333s] INFO:colcon.colcon_core.shell:Creating package script '/home/seatech/Projet_Quadcopter/install/sjtu_drone_bringup/share/sjtu_drone_bringup/package.zsh'
[3.334s] Level 1:colcon.colcon_core.environment:create_file_with_runtime_dependencies(/home/seatech/Projet_Quadcopter/install/sjtu_drone_bringup/share/colcon-core/packages/sjtu_drone_bringup)
[3.360s] Level 1:colcon.colcon_core.environment:checking '/home/seatech/Projet_Quadcopter/install/camera_control' for CMake module files
[3.362s] DEBUG:colcon.colcon_core.event_handler.log_command:Invoked command in '/home/seatech/Projet_Quadcopter/src/EE234899-Quadcopter-Gazebo-VisualServoing/camera_control' returned '0': PYTHONPATH=/home/seatech/Projet_Quadcopter/build/camera_control/prefix_override:/usr/lib/python3/dist-packages/colcon_core/task/python/colcon_distutils_commands:/home/seatech/Projet_Quadcopter/install/camera_control/lib/python3.10/site-packages:${PYTHONPATH} /usr/bin/python3 -W ignore:setup.py install is deprecated -W ignore:easy_install command is deprecated setup.py egg_info --egg-base ../../../build/camera_control build --build-base /home/seatech/Projet_Quadcopter/build/camera_control/build install --record /home/seatech/Projet_Quadcopter/build/camera_control/install.log --install-scripts $base/lib/camera_control --single-version-externally-managed install_data
[3.363s] Level 1:colcon.colcon_core.environment:checking '/home/seatech/Projet_Quadcopter/install/camera_control' for CMake config files
[3.368s] Level 1:colcon.colcon_core.environment:checking '/home/seatech/Projet_Quadcopter/install/camera_control/lib'
[3.369s] Level 1:colcon.colcon_core.environment:checking '/home/seatech/Projet_Quadcopter/install/camera_control/bin'
[3.369s] Level 1:colcon.colcon_core.environment:checking '/home/seatech/Projet_Quadcopter/install/camera_control/lib/pkgconfig/camera_control.pc'
[3.369s] Level 1:colcon.colcon_core.environment:checking '/home/seatech/Projet_Quadcopter/install/camera_control/lib/python3.10/site-packages'
[3.369s] Level 1:colcon.colcon_core.shell:create_environment_hook('camera_control', 'pythonpath')
[3.369s] INFO:colcon.colcon_core.shell:Creating environment hook '/home/seatech/Projet_Quadcopter/install/camera_control/share/camera_control/hook/pythonpath.ps1'
[3.370s] INFO:colcon.colcon_core.shell:Creating environment descriptor '/home/seatech/Projet_Quadcopter/install/camera_control/share/camera_control/hook/pythonpath.dsv'
[3.370s] INFO:colcon.colcon_core.shell:Creating environment hook '/home/seatech/Projet_Quadcopter/install/camera_control/share/camera_control/hook/pythonpath.sh'
[3.371s] Level 1:colcon.colcon_core.environment:checking '/home/seatech/Projet_Quadcopter/install/camera_control/bin'
[3.371s] Level 1:colcon.colcon_core.environment:create_environment_scripts_only(camera_control)
[3.371s] INFO:colcon.colcon_core.shell:Creating package script '/home/seatech/Projet_Quadcopter/install/camera_control/share/camera_control/package.ps1'
[3.372s] INFO:colcon.colcon_core.shell:Creating package descriptor '/home/seatech/Projet_Quadcopter/install/camera_control/share/camera_control/package.dsv'
[3.372s] INFO:colcon.colcon_core.shell:Creating package script '/home/seatech/Projet_Quadcopter/install/camera_control/share/camera_control/package.sh'
[3.372s] INFO:colcon.colcon_core.shell:Creating package script '/home/seatech/Projet_Quadcopter/install/camera_control/share/camera_control/package.bash'
[3.373s] INFO:colcon.colcon_core.shell:Creating package script '/home/seatech/Projet_Quadcopter/install/camera_control/share/camera_control/package.zsh'
[3.373s] Level 1:colcon.colcon_core.environment:create_file_with_runtime_dependencies(/home/seatech/Projet_Quadcopter/install/camera_control/share/colcon-core/packages/camera_control)
[3.373s] DEBUG:colcon.colcon_parallel_executor.executor.parallel:closing loop
[3.373s] DEBUG:colcon.colcon_parallel_executor.executor.parallel:loop closed
[3.373s] DEBUG:colcon.colcon_parallel_executor.executor.parallel:run_until_complete finished with '0'
[3.374s] DEBUG:colcon.colcon_core.event_reactor:joining thread
[3.384s] INFO:colcon.colcon_core.plugin_system:Skipping extension 'colcon_notification.desktop_notification.terminal_notifier': Not used on non-Darwin systems
[3.384s] INFO:colcon.colcon_core.plugin_system:Skipping extension 'colcon_notification.desktop_notification.win32': Not used on non-Windows systems
[3.385s] INFO:colcon.colcon_notification.desktop_notification:Sending desktop notification using 'notify2'
[3.392s] DEBUG:colcon.colcon_core.event_reactor:joined thread
[3.392s] INFO:colcon.colcon_core.shell:Creating prefix script '/home/seatech/Projet_Quadcopter/install/local_setup.ps1'
[3.393s] INFO:colcon.colcon_core.shell:Creating prefix util module '/home/seatech/Projet_Quadcopter/install/_local_setup_util_ps1.py'
[3.395s] INFO:colcon.colcon_core.shell:Creating prefix chain script '/home/seatech/Projet_Quadcopter/install/setup.ps1'
[3.396s] INFO:colcon.colcon_core.shell:Creating prefix script '/home/seatech/Projet_Quadcopter/install/local_setup.sh'
[3.397s] INFO:colcon.colcon_core.shell:Creating prefix util module '/home/seatech/Projet_Quadcopter/install/_local_setup_util_sh.py'
[3.397s] INFO:colcon.colcon_core.shell:Creating prefix chain script '/home/seatech/Projet_Quadcopter/install/setup.sh'
[3.399s] INFO:colcon.colcon_core.shell:Creating prefix script '/home/seatech/Projet_Quadcopter/install/local_setup.bash'
[3.399s] INFO:colcon.colcon_core.shell:Creating prefix chain script '/home/seatech/Projet_Quadcopter/install/setup.bash'
[3.400s] INFO:colcon.colcon_core.shell:Creating prefix script '/home/seatech/Projet_Quadcopter/install/local_setup.zsh'
[3.401s] INFO:colcon.colcon_core.shell:Creating prefix chain script '/home/seatech/Projet_Quadcopter/install/setup.zsh'
