[1.431s] Invoking command in '/home/seatech/Projet_Quadcopter/src/EE234899-Quadcopter-Gazebo-VisualServoing/camera_control': PYTHONPATH=/home/seatech/Projet_Quadcopter/build/camera_control/prefix_override:/usr/lib/python3/dist-packages/colcon_core/task/python/colcon_distutils_commands:/home/seatech/Projet_Quadcopter/install/camera_control/lib/python3.10/site-packages:${PYTHONPATH} /usr/bin/python3 -W ignore:setup.py install is deprecated -W ignore:easy_install command is deprecated setup.py egg_info --egg-base ../../../build/camera_control build --build-base /home/seatech/Projet_Quadcopter/build/camera_control/build install --record /home/seatech/Projet_Quadcopter/build/camera_control/install.log --install-scripts $base/lib/camera_control --single-version-externally-managed install_data
[1.744s] /usr/lib/python3/dist-packages/setuptools/dist.py:723: UserWarning: Usage of dash-separated 'script-dir' will not be supported in future versions. Please use the underscore name 'script_dir' instead
[1.744s]   warnings.warn(
[1.752s] running egg_info
[1.755s] writing ../../../build/camera_control/camera_control.egg-info/PKG-INFO
[1.755s] writing dependency_links to ../../../build/camera_control/camera_control.egg-info/dependency_links.txt
[1.755s] writing entry points to ../../../build/camera_control/camera_control.egg-info/entry_points.txt
[1.755s] writing requirements to ../../../build/camera_control/camera_control.egg-info/requires.txt
[1.756s] writing top-level names to ../../../build/camera_control/camera_control.egg-info/top_level.txt
[1.758s] reading manifest file '../../../build/camera_control/camera_control.egg-info/SOURCES.txt'
[1.760s] writing manifest file '../../../build/camera_control/camera_control.egg-info/SOURCES.txt'
[1.760s] running build
[1.760s] running build_py
[1.761s] running install
[1.761s] running install_lib
[1.762s] running install_data
[1.762s] running install_egg_info
[1.764s] removing '/home/seatech/Projet_Quadcopter/install/camera_control/lib/python3.10/site-packages/camera_control-0.0.0-py3.10.egg-info' (and everything under it)
[1.782s] Copying ../../../build/camera_control/camera_control.egg-info to /home/seatech/Projet_Quadcopter/install/camera_control/lib/python3.10/site-packages/camera_control-0.0.0-py3.10.egg-info
[1.782s] running install_scripts
[1.811s] Installing ibvs_pid script to /home/seatech/Projet_Quadcopter/install/camera_control/lib/camera_control
[1.812s] Installing ibvs_smc script to /home/seatech/Projet_Quadcopter/install/camera_control/lib/camera_control
[1.812s] writing list of installed files to '/home/seatech/Projet_Quadcopter/build/camera_control/install.log'
[1.877s] Invoked command in '/home/seatech/Projet_Quadcopter/src/EE234899-Quadcopter-Gazebo-VisualServoing/camera_control' returned '0': PYTHONPATH=/home/seatech/Projet_Quadcopter/build/camera_control/prefix_override:/usr/lib/python3/dist-packages/colcon_core/task/python/colcon_distutils_commands:/home/seatech/Projet_Quadcopter/install/camera_control/lib/python3.10/site-packages:${PYTHONPATH} /usr/bin/python3 -W ignore:setup.py install is deprecated -W ignore:easy_install command is deprecated setup.py egg_info --egg-base ../../../build/camera_control build --build-base /home/seatech/Projet_Quadcopter/build/camera_control/build install --record /home/seatech/Projet_Quadcopter/build/camera_control/install.log --install-scripts $base/lib/camera_control --single-version-externally-managed install_data
